<?xml version="1.0" encoding="UTF-8" standalone="no"?><?xml-stylesheet type="text/xsl" href="../lib/xsl/synan.xsl"?><synan><node label="source"><node label="defs"><node label="def"><token kind="FUN" lexeme="fun"><location loc="4.1 - 4.3"/></token><token kind="IDENTIFIER" lexeme="func_one"><location loc="4.5 - 4.12"/></token><token kind="LPAR" lexeme="("><location loc="4.14 - 4.14"/></token><node label="args"><node label="arg"><token kind="IDENTIFIER" lexeme="arg1"><location loc="4.15 - 4.18"/></token><token kind="COLON" lexeme=":"><location loc="4.20 - 4.20"/></token><node label="type"><token kind="INT" lexeme="int"><location loc="4.22 - 4.24"/></token></node></node><node label="args2"><token kind="COMMA" lexeme=","><location loc="4.25 - 4.25"/></token><node label="args"><node label="arg"><token kind="IDENTIFIER" lexeme="arg2"><location loc="4.27 - 4.30"/></token><token kind="COLON" lexeme=":"><location loc="4.32 - 4.32"/></token><node label="type"><token kind="IDENTIFIER" lexeme="string"><location loc="4.34 - 4.39"/></token></node></node><node label="args2"><token kind="COMMA" lexeme=","><location loc="4.40 - 4.40"/></token><node label="args"><node label="arg"><token kind="IDENTIFIER" lexeme="arg3"><location loc="4.42 - 4.45"/></token><token kind="COLON" lexeme=":"><location loc="4.47 - 4.47"/></token><node label="type"><token kind="CHAR" lexeme="char"><location loc="4.49 - 4.52"/></token></node></node><node label="args2"/></node></node></node></node></node><token kind="RPAR" lexeme=")"><location loc="4.53 - 4.53"/></token><token kind="COLON" lexeme=":"><location loc="4.54 - 4.54"/></token><node label="type"><token kind="INT" lexeme="int"><location loc="4.56 - 4.58"/></token></node><node label="implementation"><token kind="ASSIGNMENT" lexeme="="><location loc="4.60 - 4.60"/></token><node label="statements"><node label="statement"><token kind="WHILE" lexeme="while"><location loc="6.1 - 6.5"/></token><node label="expression"><token kind="TRUE" lexeme="true"><location loc="6.7 - 6.10"/></token></node><token kind="DO" lexeme="do"><location loc="6.12 - 6.13"/></token><node label="statements"><node label="statement"><node label="expression"><token kind="STRCONST" lexeme="&quot;hey&quot;"><location loc="7.5 - 7.9"/></token></node><node label="expr_extension"/></node><token kind="COMMA" lexeme=","><location loc="7.10 - 7.10"/></token><node label="statements"><node label="statement"><node label="expression"><token kind="CHARCONST" lexeme="'c'"><location loc="8.5 - 8.7"/></token></node><node label="expr_extension"/></node><token kind="COMMA" lexeme=","><location loc="8.8 - 8.8"/></token><node label="statements"><node label="statement"><node label="expression"><token kind="INTCONST" lexeme="123"><location loc="9.5 - 9.7"/></token></node><node label="expr_extension"/></node></node></node></node><token kind="END" lexeme="end"><location loc="10.1 - 10.3"/></token></node><token kind="COMMA" lexeme=","><location loc="10.4 - 10.4"/></token><node label="statements"><node label="statement"><token kind="IF" lexeme="if"><location loc="12.1 - 12.2"/></token><node label="expression"><token kind="TRUE" lexeme="true"><location loc="12.4 - 12.7"/></token></node><token kind="THEN" lexeme="then"><location loc="12.9 - 12.12"/></token><node label="statements"><node label="statement"><node label="expression"><token kind="STRCONST" lexeme="&quot;blabla&quot;"><location loc="12.14 - 12.21"/></token></node><node label="expr_extension"/></node></node><node label="else"/><token kind="END" lexeme="end"><location loc="12.23 - 12.25"/></token></node><token kind="COMMA" lexeme=","><location loc="12.26 - 12.26"/></token><node label="statements"><node label="statement"><token kind="IF" lexeme="if"><location loc="13.1 - 13.2"/></token><node label="expression"><token kind="TRUE" lexeme="true"><location loc="13.4 - 13.7"/></token></node><token kind="THEN" lexeme="then"><location loc="13.9 - 13.12"/></token><node label="statements"><node label="statement"><node label="expression"><token kind="STRCONST" lexeme="&quot;blabla&quot;"><location loc="13.14 - 13.21"/></token></node><node label="expr_extension"/></node></node><node label="else"><token kind="ELSE" lexeme="else"><location loc="13.23 - 13.26"/></token><node label="statements"><node label="statement"><node label="expression"><token kind="STRCONST" lexeme="&quot;bleble&quot;"><location loc="13.28 - 13.35"/></token></node><node label="expr_extension"/></node></node></node><token kind="END" lexeme="end"><location loc="13.37 - 13.39"/></token></node><token kind="COMMA" lexeme=","><location loc="13.40 - 13.40"/></token><node label="statements"><node label="statement"><token kind="LET" lexeme="let"><location loc="14.1 - 14.3"/></token><node label="defs"><node label="def"><token kind="TYP" lexeme="typ"><location loc="14.5 - 14.7"/></token><token kind="IDENTIFIER" lexeme="a"><location loc="14.9 - 14.9"/></token><token kind="ASSIGNMENT" lexeme="="><location loc="14.11 - 14.11"/></token><node label="type"><token kind="INT" lexeme="int"><location loc="14.13 - 14.15"/></token></node></node></node><token kind="IN" lexeme="in"><location loc="14.17 - 14.18"/></token><node label="statements"><node label="statement"><node label="expression"><token kind="STRCONST" lexeme="&quot;blabla&quot;"><location loc="14.20 - 14.27"/></token></node><node label="expr_extension"/></node></node><token kind="END" lexeme="end"><location loc="14.29 - 14.31"/></token></node><token kind="COMMA" lexeme=","><location loc="14.32 - 14.32"/></token><node label="statements"><node label="statement"><token kind="RETURN" lexeme="return"><location loc="16.1 - 16.6"/></token><node label="expression"><token kind="INTCONST" lexeme="0"><location loc="16.8 - 16.8"/></token></node></node></node></node></node></node></node></node></node></node><token kind="EOF" lexeme=""/></node></synan>