<?xml version="1.0" encoding="UTF-8" standalone="no"?><?xml-stylesheet type="text/xsl" href="../lib/xsl/lexan.xsl"?><lexan><token kind="FUN" lexeme="fun"><location loc="1.1 - 1.3"/></token><token kind="IDENTIFIER" lexeme="main"><location loc="1.5 - 1.8"/></token><token kind="LPAR" lexeme="("><location loc="1.9 - 1.9"/></token><token kind="RPAR" lexeme=")"><location loc="1.10 - 1.10"/></token><token kind="COLON" lexeme=":"><location loc="1.12 - 1.12"/></token><token kind="VOID" lexeme="void"><location loc="1.14 - 1.17"/></token><token kind="ASSIGNMENT" lexeme="="><location loc="1.19 - 1.19"/></token><token kind="INTCONST" lexeme="1"><location loc="2.1 - 2.1"/></token><token kind="OR" lexeme="|"><location loc="2.3 - 2.3"/></token><token kind="INTCONST" lexeme="2"><location loc="2.5 - 2.5"/></token><token kind="AND" lexeme="&amp;"><location loc="2.7 - 2.7"/></token><token kind="INTCONST" lexeme="3"><location loc="2.9 - 2.9"/></token><token kind="EOF" lexeme=""/></lexan>