<?xml version="1.0" encoding="UTF-8" standalone="no"?><?xml-stylesheet type="text/xsl" href="../lib/xsl/synan.xsl"?><synan><node label="source"><node label="defs"><node label="def"><token kind="FUN" lexeme="fun"><location loc="1.1 - 1.3"/></token><token kind="IDENTIFIER" lexeme="main"><location loc="1.5 - 1.8"/></token><token kind="LPAR" lexeme="("><location loc="1.9 - 1.9"/></token><node label="args"/><token kind="RPAR" lexeme=")"><location loc="1.10 - 1.10"/></token><token kind="COLON" lexeme=":"><location loc="1.12 - 1.12"/></token><node label="type"><token kind="VOID" lexeme="void"><location loc="1.14 - 1.17"/></token></node><node label="implementation"><token kind="ASSIGNMENT" lexeme="="><location loc="1.19 - 1.19"/></token><node label="statements"><node label="statement"><node label="expression"><node label="expr"><node label="expr"><node label="expr2"><node label="expr3"><node label="expr4"><node label="expr5"><node label="expr6"><node label="expr7"><node label="terminals"><token kind="INTCONST" lexeme="1"><location loc="2.1 - 2.1"/></token></node></node></node></node></node></node></node></node><token kind="OR" lexeme="|"><location loc="2.3 - 2.3"/></token><node label="expr2"><node label="expr2"><node label="expr3"><node label="expr4"><node label="expr5"><node label="expr6"><node label="expr7"><node label="terminals"><token kind="INTCONST" lexeme="2"><location loc="2.5 - 2.5"/></token></node></node></node></node></node></node></node><token kind="AND" lexeme="&amp;"><location loc="2.7 - 2.7"/></token><node label="expr3"><node label="expr4"><node label="expr5"><node label="expr6"><node label="expr7"><node label="terminals"><token kind="INTCONST" lexeme="3"><location loc="2.9 - 2.9"/></token></node></node></node></node></node></node></node></node></node><node label="expr_extension"/></node></node></node></node></node><token kind="EOF" lexeme=""/></node></synan>