<?xml version="1.0" encoding="UTF-8" standalone="no"?><?xml-stylesheet type="text/xsl" href="../lib/xsl/synan.xsl"?><synan><node label="source"><node label="defs"><node label="defs"><node label="defs"><node label="defs"><node label="defs"><node label="def"><token kind="VAR" lexeme="var"><location loc="1.1 - 1.3"/></token><token kind="IDENTIFIER" lexeme="x"><location loc="1.5 - 1.5"/></token><token kind="COLON" lexeme=":"><location loc="1.7 - 1.7"/></token><node label="type"><token kind="INT" lexeme="int"><location loc="1.9 - 1.11"/></token></node></node></node><node label="def"><token kind="VAR" lexeme="var"><location loc="2.1 - 2.3"/></token><token kind="IDENTIFIER" lexeme="c"><location loc="2.5 - 2.5"/></token><token kind="COLON" lexeme=":"><location loc="2.7 - 2.7"/></token><node label="type"><token kind="CHAR" lexeme="char"><location loc="2.9 - 2.12"/></token></node></node></node><node label="def"><token kind="VAR" lexeme="var"><location loc="3.1 - 3.3"/></token><token kind="IDENTIFIER" lexeme="b"><location loc="3.5 - 3.5"/></token><token kind="COLON" lexeme=":"><location loc="3.7 - 3.7"/></token><node label="type"><token kind="BOOL" lexeme="bool"><location loc="3.9 - 3.12"/></token></node></node></node><node label="def"><token kind="VAR" lexeme="var"><location loc="4.1 - 4.3"/></token><token kind="IDENTIFIER" lexeme="s"><location loc="4.5 - 4.5"/></token><token kind="COLON" lexeme=":"><location loc="4.7 - 4.7"/></token><node label="type"><token kind="LBRACE" lexeme="{"><location loc="4.9 - 4.9"/></token><node label="comps"><node label="comp"><token kind="IDENTIFIER" lexeme="x"><location loc="4.11 - 4.11"/></token><token kind="COLON" lexeme=":"><location loc="4.13 - 4.13"/></token><node label="type"><token kind="INT" lexeme="int"><location loc="4.15 - 4.17"/></token></node></node><node label="comps2"><token kind="COMMA" lexeme=","><location loc="4.18 - 4.18"/></token><node label="comps"><node label="comp"><token kind="IDENTIFIER" lexeme="c"><location loc="4.20 - 4.20"/></token><token kind="COLON" lexeme=":"><location loc="4.22 - 4.22"/></token><node label="type"><token kind="CHAR" lexeme="char"><location loc="4.24 - 4.27"/></token></node></node><node label="comps2"/></node></node></node><token kind="RBRACE" lexeme="}"><location loc="4.29 - 4.29"/></token></node></node></node><node label="def"><token kind="FUN" lexeme="fun"><location loc="6.1 - 6.3"/></token><token kind="IDENTIFIER" lexeme="main"><location loc="6.5 - 6.8"/></token><token kind="LPAR" lexeme="("><location loc="6.9 - 6.9"/></token><node label="args1"/><token kind="RPAR" lexeme=")"><location loc="6.10 - 6.10"/></token><token kind="COLON" lexeme=":"><location loc="6.12 - 6.12"/></token><node label="type"><token kind="INT" lexeme="int"><location loc="6.14 - 6.16"/></token></node><node label="implementation"><token kind="ASSIGNMENT" lexeme="="><location loc="6.18 - 6.18"/></token><node label="statements"><node label="statements"><node label="statements"><node label="statements"><node label="statements"><node label="statements"><node label="statements"><node label="statement"><node label="expr"><node label="expr2"><node label="expr3"><node label="expr4"><node label="expr5"><node label="expr6"><node label="expr7"><node label="terminals"><token kind="IDENTIFIER" lexeme="x"><location loc="7.5 - 7.5"/></token></node></node></node></node></node></node></node></node><node label="expr_extension"><token kind="ASSIGNMENT" lexeme="="><location loc="7.7 - 7.7"/></token><node label="expr"><node label="expr2"><node label="expr3"><node label="expr4"><node label="expr4"><node label="expr5"><node label="expr6"><node label="expr7"><node label="terminals"><token kind="IDENTIFIER" lexeme="x"><location loc="7.9 - 7.9"/></token></node></node></node></node></node><node label="additive_ops"><token kind="PLUS" lexeme="+"><location loc="7.11 - 7.11"/></token></node><node label="expr5"><node label="expr6"><node label="expr7"><node label="terminals"><token kind="INTCONST" lexeme="1"><location loc="7.13 - 7.13"/></token></node></node></node></node></node></node></node></node></node></node></node><token kind="COMMA" lexeme=","><location loc="7.14 - 7.14"/></token><node label="statement"><node label="expr"><node label="expr2"><node label="expr3"><node label="expr4"><node label="expr5"><node label="expr6"><node label="expr7"><node label="terminals"><token kind="IDENTIFIER" lexeme="x"><location loc="8.5 - 8.5"/></token></node></node></node></node></node></node></node></node><node label="expr_extension"><token kind="ASSIGNMENT" lexeme="="><location loc="8.7 - 8.7"/></token><node label="expr"><node label="expr2"><node label="expr3"><node label="expr4"><node label="expr5"><node label="expr6"><token kind="MINUS" lexeme="-"><location loc="8.9 - 8.9"/></token><node label="expr6"><node label="expr7"><node label="terminals"><token kind="INTCONST" lexeme="3"><location loc="8.10 - 8.10"/></token></node></node></node></node></node></node></node></node></node></node></node></node><token kind="COMMA" lexeme=","><location loc="8.11 - 8.11"/></token><node label="statement"><node label="expr"><node label="expr2"><node label="expr3"><node label="expr4"><node label="expr5"><node label="expr6"><node label="expr7"><token kind="LBRACE" lexeme="{"><location loc="10.5 - 10.5"/></token><node label="expr"><node label="expr2"><node label="expr3"><node label="expr4"><node label="expr5"><node label="expr6"><node label="expr7"><node label="terminals"><token kind="IDENTIFIER" lexeme="c"><location loc="10.6 - 10.6"/></token></node></node></node></node></node></node></node></node><token kind="COLON" lexeme=":"><location loc="10.8 - 10.8"/></token><node label="type"><token kind="CHAR" lexeme="char"><location loc="10.10 - 10.13"/></token></node><token kind="RBRACE" lexeme="}"><location loc="10.14 - 10.14"/></token></node></node></node></node></node></node></node><node label="expr_extension"/></node></node><token kind="COMMA" lexeme=","><location loc="10.15 - 10.15"/></token><node label="statement"><node label="expr"><node label="expr2"><node label="expr3"><node label="expr4"><node label="expr5"><node label="expr6"><node label="expr7"><token kind="LBRACE" lexeme="{"><location loc="11.5 - 11.5"/></token><node label="expr"><node label="expr2"><node label="expr3"><node label="expr4"><node label="expr4"><node label="expr5"><node label="expr6"><node label="expr7"><node label="terminals"><token kind="IDENTIFIER" lexeme="x"><location loc="11.6 - 11.6"/></token></node></node></node></node></node><node label="additive_ops"><token kind="PLUS" lexeme="+"><location loc="11.8 - 11.8"/></token></node><node label="expr5"><node label="expr6"><node label="expr7"><node label="terminals"><token kind="INTCONST" lexeme="1"><location loc="11.10 - 11.10"/></token></node></node></node></node></node></node></node></node><token kind="COLON" lexeme=":"><location loc="11.12 - 11.12"/></token><node label="type"><token kind="INT" lexeme="int"><location loc="11.14 - 11.16"/></token></node><token kind="RBRACE" lexeme="}"><location loc="11.17 - 11.17"/></token></node></node></node></node></node></node></node><node label="expr_extension"/></node></node><token kind="COMMA" lexeme=","><location loc="11.18 - 11.18"/></token><node label="statement"><node label="expr"><node label="expr2"><node label="expr3"><node label="expr4"><node label="expr5"><node label="expr6"><node label="expr7"><node label="expr7"><node label="terminals"><token kind="IDENTIFIER" lexeme="s"><location loc="12.5 - 12.5"/></token></node></node><token kind="DOT" lexeme="."><location loc="12.6 - 12.6"/></token><token kind="IDENTIFIER" lexeme="x"><location loc="12.7 - 12.7"/></token></node></node></node></node></node></node></node><node label="expr_extension"><token kind="ASSIGNMENT" lexeme="="><location loc="12.9 - 12.9"/></token><node label="expr"><node label="expr2"><node label="expr3"><node label="expr4"><node label="expr5"><node label="expr6"><node label="expr7"><node label="terminals"><token kind="INTCONST" lexeme="1"><location loc="12.11 - 12.11"/></token></node></node></node></node></node></node></node></node></node></node></node><token kind="COMMA" lexeme=","><location loc="12.12 - 12.12"/></token><node label="statement"><token kind="IF" lexeme="if"><location loc="13.5 - 13.6"/></token><node label="expr"><node label="expr2"><node label="expr3"><node label="expr4"><node label="expr5"><node label="expr6"><node label="expr7"><node label="terminals"><token kind="IDENTIFIER" lexeme="b"><location loc="13.8 - 13.8"/></token></node></node></node></node></node></node></node></node><token kind="THEN" lexeme="then"><location loc="13.10 - 13.13"/></token><node label="empty_statements"><node label="statement"><node label="expr"><node label="expr2"><node label="expr3"><node label="expr4"><node label="expr5"><node label="expr6"><node label="expr7"><node label="terminals"><token kind="IDENTIFIER" lexeme="x"><location loc="14.9 - 14.9"/></token></node></node></node></node></node></node></node></node><node label="expr_extension"><token kind="ASSIGNMENT" lexeme="="><location loc="14.11 - 14.11"/></token><node label="expr"><node label="expr2"><node label="expr3"><node label="expr4"><node label="expr5"><node label="expr6"><node label="expr7"><node label="terminals"><token kind="INTCONST" lexeme="1"><location loc="14.13 - 14.13"/></token></node></node></node></node></node></node></node></node></node></node></node><node label="else"><token kind="ELSE" lexeme="else"><location loc="15.5 - 15.8"/></token><node label="empty_statements"><node label="statement"><node label="expr"><node label="expr2"><node label="expr3"><node label="expr4"><node label="expr5"><node label="expr6"><node label="expr7"><node label="terminals"><token kind="IDENTIFIER" lexeme="x"><location loc="16.9 - 16.9"/></token></node></node></node></node></node></node></node></node><node label="expr_extension"><token kind="ASSIGNMENT" lexeme="="><location loc="16.11 - 16.11"/></token><node label="expr"><node label="expr2"><node label="expr3"><node label="expr4"><node label="expr5"><node label="expr6"><node label="expr7"><node label="terminals"><token kind="INTCONST" lexeme="0"><location loc="16.13 - 16.13"/></token></node></node></node></node></node></node></node></node></node></node></node><token kind="END" lexeme="end"><location loc="17.5 - 17.7"/></token></node></node></node><token kind="COMMA" lexeme=","><location loc="17.8 - 17.8"/></token><node label="statement"><token kind="RETURN" lexeme="return"><location loc="18.5 - 18.10"/></token><node label="expr"><node label="expr2"><node label="expr3"><node label="expr4"><node label="expr5"><node label="expr6"><node label="expr7"><node label="terminals"><token kind="IDENTIFIER" lexeme="x"><location loc="18.12 - 18.12"/></token></node></node></node></node></node></node></node></node></node></node></node></node></node><token kind="EOF" lexeme=""/></node></synan>