<?xml version="1.0" encoding="UTF-8" standalone="no"?><?xml-stylesheet type="text/xsl" href="../lib/xsl/abstr.xsl"?><abstr><astnode id="52" label="Nodes&lt;Defn&gt;"><location loc="1.1 - 18.12"/><astnode id="1" label="VarDefn" name="x"><location loc="1.1 - 1.11"/><astnode id="0" label="AtomType" name="INT"><location loc="1.9 - 1.11"/></astnode></astnode><astnode id="3" label="VarDefn" name="c"><location loc="2.1 - 2.12"/><astnode id="2" label="AtomType" name="CHAR"><location loc="2.9 - 2.12"/></astnode></astnode><astnode id="5" label="VarDefn" name="b"><location loc="3.1 - 3.12"/><astnode id="4" label="AtomType" name="BOOL"><location loc="3.9 - 3.12"/></astnode></astnode><astnode id="12" label="VarDefn" name="s"><location loc="4.1 - 4.29"/><astnode id="10" label="UniType"><location loc="4.9 - 4.29"/><astnode id="11" label="Nodes&lt;CompDefn&gt;"><location loc="4.11 - 4.27"/><astnode id="7" label="CompDefn" name="x"><location loc="4.11 - 4.17"/><astnode id="6" label="AtomType" name="INT"><location loc="4.15 - 4.17"/></astnode></astnode><astnode id="9" label="CompDefn" name="c"><location loc="4.20 - 4.27"/><astnode id="8" label="AtomType" name="CHAR"><location loc="4.24 - 4.27"/></astnode></astnode></astnode></astnode></astnode><astnode id="49" label="DefFunDefn" name="main"><location loc="6.1 - 18.12"/><astnode id="50" label="Nodes&lt;ParDefn&gt;"><location loc="0.0 - 0.0"/></astnode><astnode id="51" label="Nodes&lt;Stmt&gt;"><location loc="7.5 - 18.12"/><astnode id="18" label="AssignStmt"><location loc="7.5 - 7.13"/><astnode id="14" label="NameExpr" name="x"><location loc="7.5 - 7.5"/></astnode><astnode id="17" label="BinExpr" name="ADD"><location loc="7.9 - 7.13"/><astnode id="15" label="NameExpr" name="x"><location loc="7.9 - 7.9"/></astnode><astnode id="16" label="AtomExpr" name="1"><location loc="7.13 - 7.13"/></astnode></astnode></astnode><astnode id="22" label="AssignStmt"><location loc="8.5 - 8.10"/><astnode id="19" label="NameExpr" name="x"><location loc="8.5 - 8.5"/></astnode><astnode id="21" label="PfxExpr" name="SUB"><location loc="8.9 - 8.10"/><astnode id="20" label="AtomExpr" name="3"><location loc="8.10 - 8.10"/></astnode></astnode></astnode><astnode id="26" label="ExprStmt"><location loc="10.5 - 10.14"/><astnode id="25" label="CastExpr"><location loc="10.5 - 10.14"/><astnode id="23" label="NameExpr" name="c"><location loc="10.6 - 10.6"/></astnode><astnode id="24" label="AtomType" name="CHAR"><location loc="10.10 - 10.13"/></astnode></astnode></astnode><astnode id="32" label="ExprStmt"><location loc="11.5 - 11.17"/><astnode id="31" label="CastExpr"><location loc="11.5 - 11.17"/><astnode id="29" label="BinExpr" name="ADD"><location loc="11.6 - 11.10"/><astnode id="27" label="NameExpr" name="x"><location loc="11.6 - 11.6"/></astnode><astnode id="28" label="AtomExpr" name="1"><location loc="11.10 - 11.10"/></astnode></astnode><astnode id="30" label="AtomType" name="INT"><location loc="11.14 - 11.16"/></astnode></astnode></astnode><astnode id="36" label="AssignStmt"><location loc="12.5 - 12.11"/><astnode id="34" label="CompExpr" name=".x"><location loc="12.5 - 12.7"/><astnode id="33" label="NameExpr" name="s"><location loc="12.5 - 12.5"/></astnode></astnode><astnode id="35" label="AtomExpr" name="1"><location loc="12.11 - 12.11"/></astnode></astnode><astnode id="44" label="IfThenElseStmt"><location loc="13.5 - 17.7"/><astnode id="37" label="NameExpr" name="b"><location loc="13.8 - 13.8"/></astnode><astnode id="45" label="Nodes&lt;Stmt&gt;"><location loc="14.9 - 14.13"/><astnode id="40" label="AssignStmt"><location loc="14.9 - 14.13"/><astnode id="38" label="NameExpr" name="x"><location loc="14.9 - 14.9"/></astnode><astnode id="39" label="AtomExpr" name="1"><location loc="14.13 - 14.13"/></astnode></astnode></astnode><astnode id="46" label="Nodes&lt;Stmt&gt;"><location loc="16.9 - 16.13"/><astnode id="43" label="AssignStmt"><location loc="16.9 - 16.13"/><astnode id="41" label="NameExpr" name="x"><location loc="16.9 - 16.9"/></astnode><astnode id="42" label="AtomExpr" name="0"><location loc="16.13 - 16.13"/></astnode></astnode></astnode></astnode><astnode id="48" label="ReturnStmt"><location loc="18.5 - 18.12"/><astnode id="47" label="NameExpr" name="x"><location loc="18.12 - 18.12"/></astnode></astnode></astnode><astnode id="13" label="AtomType" name="INT"><location loc="6.14 - 6.16"/></astnode></astnode></astnode></abstr>