<?xml version="1.0" encoding="UTF-8" standalone="no"?><?xml-stylesheet type="text/xsl" href="../lib/xsl/lexan.xsl"?><lexan><token kind="TYPE" lexeme="typ"><location loc="1.1 - 1.3"/></token><token kind="INT" lexeme="int"><location loc="1.5 - 1.7"/></token><token kind="INTCONST" lexeme="123"><location loc="1.9 - 1.11"/></token><token kind="IDENTIFIER" lexeme="integer"><location loc="2.1 - 2.7"/></token><token kind="ASSIGNMENT" lexeme="="><location loc="2.9 - 2.9"/></token><token kind="NULL" lexeme="null"><location loc="2.11 - 2.14"/></token><token kind="IDENTIFIER" lexeme="str"><location loc="3.1 - 3.3"/></token><token kind="ASSIGNMENT" lexeme="="><location loc="3.5 - 3.5"/></token><token kind="STRCONST" lexeme="&quot;Thi s is a str ing&quot;"><location loc="3.7 - 3.26"/></token><token kind="CHARCONST" lexeme="'\0x20'"><location loc="4.1 - 4.7"/></token><token kind="CHARCONST" lexeme="'\0x3A'"><location loc="4.9 - 4.15"/></token><token kind="CHARCONST" lexeme="'\0x7E'"><location loc="4.17 - 4.23"/></token><token kind="COMMENT" lexeme="# this is a comment"><location loc="5.1 - 5.19"/></token><token kind="INT" lexeme="int"><location loc="6.1 - 6.3"/></token><token kind="IDENTIFIER" lexeme="b"><location loc="6.5 - 6.5"/></token><token kind="ASSIGNMENT" lexeme="="><location loc="6.7 - 6.7"/></token><token kind="CHARCONST" lexeme="'c'"><location loc="6.9 - 6.11"/></token><token kind="INT" lexeme="int"><location loc="7.1 - 7.3"/></token><token kind="IDENTIFIER" lexeme="d"><location loc="7.5 - 7.5"/></token><token kind="ASSIGNMENT" lexeme="="><location loc="7.7 - 7.7"/></token><token kind="CHARCONST" lexeme="'r'"><location loc="7.9 - 7.11"/></token><token kind="EOF" lexeme=""/></lexan>