<?xml version="1.0" encoding="UTF-8" standalone="no"?><?xml-stylesheet type="text/xsl" href="../lib/xsl/lexan.xsl"?><lexan><token kind="ERRSTR" lexeme="typ int 123&#10;integer = null&#10;str = &quot;Thi s is a str ing&quot;&#10;'\0x20' '\0x3A' '\0x7E'&#10;# this is a comment&#10;char c = '0xAA'&#10;int b = 'c'&#10;int d = 'r'&#10;"><location loc="9.-137 - 9.-137"/></token><token kind="EOF" lexeme=""/></lexan>