<?xml version="1.0" encoding="UTF-8" standalone="no"?><?xml-stylesheet type="text/xsl" href="../lib/xsl/lexan.xsl"?><lexan><token kind="FUN" lexeme="fun"><location loc="1.1 - 1.3"/></token><token kind="IDENTIFIER" lexeme="a"><location loc="1.5 - 1.5"/></token><token kind="LPAR" lexeme="("><location loc="1.6 - 1.6"/></token><token kind="RPAR" lexeme=")"><location loc="1.7 - 1.7"/></token><token kind="COLON" lexeme=":"><location loc="1.8 - 1.8"/></token><token kind="VOID" lexeme="void"><location loc="1.10 - 1.13"/></token><token kind="ASSIGNMENT" lexeme="="><location loc="1.15 - 1.15"/></token><token kind="IDENTIFIER" lexeme="a"><location loc="2.2 - 2.2"/></token><token kind="STAR" lexeme="*"><location loc="2.4 - 2.4"/></token><token kind="LPAR" lexeme="("><location loc="2.6 - 2.6"/></token><token kind="IDENTIFIER" lexeme="b"><location loc="2.7 - 2.7"/></token><token kind="PLUS" lexeme="+"><location loc="2.9 - 2.9"/></token><token kind="IDENTIFIER" lexeme="c"><location loc="2.11 - 2.11"/></token><token kind="RPAR" lexeme=")"><location loc="2.12 - 2.12"/></token><token kind="COMMA" lexeme=","><location loc="2.13 - 2.13"/></token><token kind="IDENTIFIER" lexeme="a"><location loc="3.2 - 3.2"/></token><token kind="STAR" lexeme="*"><location loc="3.4 - 3.4"/></token><token kind="IDENTIFIER" lexeme="b"><location loc="3.6 - 3.6"/></token><token kind="PLUS" lexeme="+"><location loc="3.8 - 3.8"/></token><token kind="IDENTIFIER" lexeme="c"><location loc="3.10 - 3.10"/></token><token kind="EOF" lexeme=""/></lexan>