<?xml version="1.0" encoding="UTF-8" standalone="no"?><?xml-stylesheet type="text/xsl" href="../lib/xsl/synan.xsl"?><synan><node label="source"><node label="defs"><node label="def"><token kind="FUN" lexeme="fun"><location loc="1.1 - 1.3"/></token><token kind="IDENTIFIER" lexeme="a"><location loc="1.5 - 1.5"/></token><token kind="LPAR" lexeme="("><location loc="1.6 - 1.6"/></token><node label="args1"/><token kind="RPAR" lexeme=")"><location loc="1.7 - 1.7"/></token><token kind="COLON" lexeme=":"><location loc="1.8 - 1.8"/></token><node label="type"><token kind="VOID" lexeme="void"><location loc="1.10 - 1.13"/></token></node><node label="implementation"><token kind="ASSIGNMENT" lexeme="="><location loc="1.15 - 1.15"/></token><node label="statements"><node label="statement"><node label="expr"><node label="expr2"><node label="expr3"><node label="expr4"><node label="expr5"><node label="expr5"><node label="expr6"><node label="expr7"><node label="terminals"><token kind="IDENTIFIER" lexeme="a"><location loc="2.2 - 2.2"/></token></node></node></node></node><node label="multiplicative_ops"><token kind="STAR" lexeme="*"><location loc="2.4 - 2.4"/></token></node><node label="expr6"><node label="expr7"><token kind="LPAR" lexeme="("><location loc="2.6 - 2.6"/></token><node label="expr"><node label="expr2"><node label="expr3"><node label="expr4"><node label="expr4"><node label="expr5"><node label="expr6"><node label="expr7"><node label="terminals"><token kind="IDENTIFIER" lexeme="b"><location loc="2.7 - 2.7"/></token></node></node></node></node></node><node label="additive_ops"><token kind="PLUS" lexeme="+"><location loc="2.9 - 2.9"/></token></node><node label="expr5"><node label="expr6"><node label="expr7"><node label="terminals"><token kind="IDENTIFIER" lexeme="c"><location loc="2.11 - 2.11"/></token></node></node></node></node></node></node></node></node><token kind="RPAR" lexeme=")"><location loc="2.12 - 2.12"/></token></node></node></node></node></node></node></node><node label="expr_extension"/></node><token kind="COMMA" lexeme=","><location loc="2.13 - 2.13"/></token><node label="statements"><node label="statement"><node label="expr"><node label="expr2"><node label="expr3"><node label="expr4"><node label="expr4"><node label="expr5"><node label="expr5"><node label="expr6"><node label="expr7"><node label="terminals"><token kind="IDENTIFIER" lexeme="a"><location loc="3.2 - 3.2"/></token></node></node></node></node><node label="multiplicative_ops"><token kind="STAR" lexeme="*"><location loc="3.4 - 3.4"/></token></node><node label="expr6"><node label="expr7"><node label="terminals"><token kind="IDENTIFIER" lexeme="b"><location loc="3.6 - 3.6"/></token></node></node></node></node></node><node label="additive_ops"><token kind="PLUS" lexeme="+"><location loc="3.8 - 3.8"/></token></node><node label="expr5"><node label="expr6"><node label="expr7"><node label="terminals"><token kind="IDENTIFIER" lexeme="c"><location loc="3.10 - 3.10"/></token></node></node></node></node></node></node></node></node><node label="expr_extension"/></node></node></node></node></node></node><token kind="EOF" lexeme=""/></node></synan>