<?xml version="1.0" encoding="UTF-8" standalone="no"?><?xml-stylesheet type="text/xsl" href="../lib/xsl/lexan.xsl"?><lexan><token kind="TYP" lexeme="typ"><location loc="3.1 - 3.3"/></token><token kind="IDENTIFIER" lexeme="stevilo"><location loc="3.5 - 3.11"/></token><token kind="ASSIGNMENT" lexeme="="><location loc="3.13 - 3.13"/></token><token kind="INT" lexeme="int"><location loc="3.15 - 3.17"/></token><token kind="TYP" lexeme="typ"><location loc="4.1 - 4.3"/></token><token kind="IDENTIFIER" lexeme="crka"><location loc="4.5 - 4.8"/></token><token kind="ASSIGNMENT" lexeme="="><location loc="4.10 - 4.10"/></token><token kind="CHAR" lexeme="char"><location loc="4.12 - 4.15"/></token><token kind="TYP" lexeme="typ"><location loc="5.1 - 5.3"/></token><token kind="IDENTIFIER" lexeme="logicna"><location loc="5.5 - 5.11"/></token><token kind="ASSIGNMENT" lexeme="="><location loc="5.13 - 5.13"/></token><token kind="BOOL" lexeme="bool"><location loc="5.15 - 5.18"/></token><token kind="TYP" lexeme="typ"><location loc="6.1 - 6.3"/></token><token kind="IDENTIFIER" lexeme="praznina"><location loc="6.5 - 6.12"/></token><token kind="ASSIGNMENT" lexeme="="><location loc="6.14 - 6.14"/></token><token kind="VOID" lexeme="void"><location loc="6.16 - 6.19"/></token><token kind="TYP" lexeme="typ"><location loc="10.1 - 10.3"/></token><token kind="IDENTIFIER" lexeme="ptrInt"><location loc="10.5 - 10.10"/></token><token kind="ASSIGNMENT" lexeme="="><location loc="10.12 - 10.12"/></token><token kind="POW" lexeme="^"><location loc="10.14 - 10.14"/></token><token kind="INT" lexeme="int"><location loc="10.15 - 10.17"/></token><token kind="TYP" lexeme="typ"><location loc="11.1 - 11.3"/></token><token kind="IDENTIFIER" lexeme="ptrChar"><location loc="11.5 - 11.11"/></token><token kind="ASSIGNMENT" lexeme="="><location loc="11.13 - 11.13"/></token><token kind="POW" lexeme="^"><location loc="11.15 - 11.15"/></token><token kind="CHAR" lexeme="char"><location loc="11.16 - 11.19"/></token><token kind="TYP" lexeme="typ"><location loc="12.1 - 12.3"/></token><token kind="IDENTIFIER" lexeme="ptrBool"><location loc="12.5 - 12.11"/></token><token kind="ASSIGNMENT" lexeme="="><location loc="12.13 - 12.13"/></token><token kind="POW" lexeme="^"><location loc="12.15 - 12.15"/></token><token kind="BOOL" lexeme="bool"><location loc="12.16 - 12.19"/></token><token kind="TYP" lexeme="typ"><location loc="13.1 - 13.3"/></token><token kind="IDENTIFIER" lexeme="ptrCrka"><location loc="13.5 - 13.11"/></token><token kind="ASSIGNMENT" lexeme="="><location loc="13.13 - 13.13"/></token><token kind="POW" lexeme="^"><location loc="13.15 - 13.15"/></token><token kind="IDENTIFIER" lexeme="crka"><location loc="13.16 - 13.19"/></token><token kind="TYP" lexeme="typ"><location loc="15.1 - 15.3"/></token><token kind="IDENTIFIER" lexeme="ptrPtrInt"><location loc="15.5 - 15.13"/></token><token kind="ASSIGNMENT" lexeme="="><location loc="15.15 - 15.15"/></token><token kind="POW" lexeme="^"><location loc="15.17 - 15.17"/></token><token kind="POW" lexeme="^"><location loc="15.18 - 15.18"/></token><token kind="INT" lexeme="int"><location loc="15.19 - 15.21"/></token><token kind="TYP" lexeme="typ"><location loc="16.1 - 16.3"/></token><token kind="IDENTIFIER" lexeme="ptrPtrStevilo"><location loc="16.5 - 16.17"/></token><token kind="ASSIGNMENT" lexeme="="><location loc="16.19 - 16.19"/></token><token kind="POW" lexeme="^"><location loc="16.21 - 16.21"/></token><token kind="POW" lexeme="^"><location loc="16.22 - 16.22"/></token><token kind="IDENTIFIER" lexeme="stevilo"><location loc="16.23 - 16.29"/></token><token kind="TYP" lexeme="typ"><location loc="17.1 - 17.3"/></token><token kind="IDENTIFIER" lexeme="ptrPtrIntIndirect"><location loc="17.5 - 17.21"/></token><token kind="ASSIGNMENT" lexeme="="><location loc="17.23 - 17.23"/></token><token kind="POW" lexeme="^"><location loc="17.25 - 17.25"/></token><token kind="IDENTIFIER" lexeme="ptrInt"><location loc="17.26 - 17.31"/></token><token kind="TYP" lexeme="typ"><location loc="18.1 - 18.3"/></token><token kind="IDENTIFIER" lexeme="ptrArrInt"><location loc="18.5 - 18.13"/></token><token kind="ASSIGNMENT" lexeme="="><location loc="18.15 - 18.15"/></token><token kind="POW" lexeme="^"><location loc="18.17 - 18.17"/></token><token kind="LBRACKET" lexeme="["><location loc="18.18 - 18.18"/></token><token kind="INTCONST" lexeme="1"><location loc="18.19 - 18.19"/></token><token kind="RBRACKET" lexeme="]"><location loc="18.20 - 18.20"/></token><token kind="INT" lexeme="int"><location loc="18.21 - 18.23"/></token><token kind="TYP" lexeme="typ"><location loc="19.1 - 19.3"/></token><token kind="IDENTIFIER" lexeme="ptrArrIntIndirect"><location loc="19.5 - 19.21"/></token><token kind="ASSIGNMENT" lexeme="="><location loc="19.23 - 19.23"/></token><token kind="POW" lexeme="^"><location loc="19.25 - 19.25"/></token><token kind="LBRACKET" lexeme="["><location loc="19.26 - 19.26"/></token><token kind="INTCONST" lexeme="1"><location loc="19.27 - 19.27"/></token><token kind="RBRACKET" lexeme="]"><location loc="19.28 - 19.28"/></token><token kind="IDENTIFIER" lexeme="stevilo"><location loc="19.29 - 19.35"/></token><token kind="TYP" lexeme="typ"><location loc="20.1 - 20.3"/></token><token kind="IDENTIFIER" lexeme="ptrArrArrInt"><location loc="20.5 - 20.16"/></token><token kind="ASSIGNMENT" lexeme="="><location loc="20.18 - 20.18"/></token><token kind="POW" lexeme="^"><location loc="20.20 - 20.20"/></token><token kind="LBRACKET" lexeme="["><location loc="20.21 - 20.21"/></token><token kind="INTCONST" lexeme="1"><location loc="20.22 - 20.22"/></token><token kind="RBRACKET" lexeme="]"><location loc="20.23 - 20.23"/></token><token kind="LBRACKET" lexeme="["><location loc="20.24 - 20.24"/></token><token kind="INTCONST" lexeme="1"><location loc="20.25 - 20.25"/></token><token kind="RBRACKET" lexeme="]"><location loc="20.26 - 20.26"/></token><token kind="INT" lexeme="int"><location loc="20.27 - 20.29"/></token><token kind="TYP" lexeme="typ"><location loc="21.1 - 21.3"/></token><token kind="IDENTIFIER" lexeme="ptrArrArrIntIndirect"><location loc="21.5 - 21.24"/></token><token kind="ASSIGNMENT" lexeme="="><location loc="21.26 - 21.26"/></token><token kind="POW" lexeme="^"><location loc="21.28 - 21.28"/></token><token kind="LBRACKET" lexeme="["><location loc="21.29 - 21.29"/></token><token kind="INTCONST" lexeme="1"><location loc="21.30 - 21.30"/></token><token kind="RBRACKET" lexeme="]"><location loc="21.31 - 21.31"/></token><token kind="IDENTIFIER" lexeme="arrInt"><location loc="21.32 - 21.37"/></token><token kind="TYP" lexeme="typ"><location loc="28.1 - 28.3"/></token><token kind="IDENTIFIER" lexeme="arrInt"><location loc="28.5 - 28.10"/></token><token kind="ASSIGNMENT" lexeme="="><location loc="28.12 - 28.12"/></token><token kind="LBRACKET" lexeme="["><location loc="28.14 - 28.14"/></token><token kind="INTCONST" lexeme="1"><location loc="28.15 - 28.15"/></token><token kind="RBRACKET" lexeme="]"><location loc="28.16 - 28.16"/></token><token kind="INT" lexeme="int"><location loc="28.17 - 28.19"/></token><token kind="TYP" lexeme="typ"><location loc="29.1 - 29.3"/></token><token kind="IDENTIFIER" lexeme="arrChar"><location loc="29.5 - 29.11"/></token><token kind="ASSIGNMENT" lexeme="="><location loc="29.13 - 29.13"/></token><token kind="LBRACKET" lexeme="["><location loc="29.15 - 29.15"/></token><token kind="INTCONST" lexeme="1"><location loc="29.16 - 29.16"/></token><token kind="RBRACKET" lexeme="]"><location loc="29.17 - 29.17"/></token><token kind="CHAR" lexeme="char"><location loc="29.18 - 29.21"/></token><token kind="TYP" lexeme="typ"><location loc="30.1 - 30.3"/></token><token kind="IDENTIFIER" lexeme="arrBool"><location loc="30.5 - 30.11"/></token><token kind="ASSIGNMENT" lexeme="="><location loc="30.13 - 30.13"/></token><token kind="LBRACKET" lexeme="["><location loc="30.15 - 30.15"/></token><token kind="INTCONST" lexeme="1"><location loc="30.16 - 30.16"/></token><token kind="RBRACKET" lexeme="]"><location loc="30.17 - 30.17"/></token><token kind="BOOL" lexeme="bool"><location loc="30.18 - 30.21"/></token><token kind="TYP" lexeme="typ"><location loc="31.1 - 31.3"/></token><token kind="IDENTIFIER" lexeme="arrLogicna"><location loc="31.5 - 31.14"/></token><token kind="ASSIGNMENT" lexeme="="><location loc="31.16 - 31.16"/></token><token kind="LBRACKET" lexeme="["><location loc="31.18 - 31.18"/></token><token kind="INTCONST" lexeme="1"><location loc="31.19 - 31.19"/></token><token kind="RBRACKET" lexeme="]"><location loc="31.20 - 31.20"/></token><token kind="IDENTIFIER" lexeme="logicna"><location loc="31.21 - 31.27"/></token><token kind="TYP" lexeme="typ"><location loc="33.1 - 33.3"/></token><token kind="IDENTIFIER" lexeme="arrPtrInt"><location loc="33.5 - 33.13"/></token><token kind="ASSIGNMENT" lexeme="="><location loc="33.15 - 33.15"/></token><token kind="LBRACKET" lexeme="["><location loc="33.17 - 33.17"/></token><token kind="INTCONST" lexeme="1"><location loc="33.18 - 33.18"/></token><token kind="RBRACKET" lexeme="]"><location loc="33.19 - 33.19"/></token><token kind="POW" lexeme="^"><location loc="33.20 - 33.20"/></token><token kind="INT" lexeme="int"><location loc="33.21 - 33.23"/></token><token kind="TYP" lexeme="typ"><location loc="34.1 - 34.3"/></token><token kind="IDENTIFIER" lexeme="arrPtrIntIndirect"><location loc="34.5 - 34.21"/></token><token kind="ASSIGNMENT" lexeme="="><location loc="34.23 - 34.23"/></token><token kind="LBRACKET" lexeme="["><location loc="34.25 - 34.25"/></token><token kind="INTCONST" lexeme="1"><location loc="34.26 - 34.26"/></token><token kind="RBRACKET" lexeme="]"><location loc="34.27 - 34.27"/></token><token kind="IDENTIFIER" lexeme="ptrInt"><location loc="34.28 - 34.33"/></token><token kind="TYP" lexeme="typ"><location loc="35.1 - 35.3"/></token><token kind="IDENTIFIER" lexeme="arrArrInt"><location loc="35.5 - 35.13"/></token><token kind="ASSIGNMENT" lexeme="="><location loc="35.15 - 35.15"/></token><token kind="LBRACKET" lexeme="["><location loc="35.17 - 35.17"/></token><token kind="INTCONST" lexeme="1"><location loc="35.18 - 35.18"/></token><token kind="RBRACKET" lexeme="]"><location loc="35.19 - 35.19"/></token><token kind="LBRACKET" lexeme="["><location loc="35.20 - 35.20"/></token><token kind="INTCONST" lexeme="1"><location loc="35.21 - 35.21"/></token><token kind="RBRACKET" lexeme="]"><location loc="35.22 - 35.22"/></token><token kind="INT" lexeme="int"><location loc="35.23 - 35.25"/></token><token kind="TYP" lexeme="typ"><location loc="43.1 - 43.3"/></token><token kind="IDENTIFIER" lexeme="structInt"><location loc="43.5 - 43.13"/></token><token kind="ASSIGNMENT" lexeme="="><location loc="43.15 - 43.15"/></token><token kind="LT" lexeme="&lt;"><location loc="43.17 - 43.17"/></token><token kind="IDENTIFIER" lexeme="comp1"><location loc="43.19 - 43.23"/></token><token kind="COLON" lexeme=":"><location loc="43.24 - 43.24"/></token><token kind="INT" lexeme="int"><location loc="43.26 - 43.28"/></token><token kind="GT" lexeme="&gt;"><location loc="43.30 - 43.30"/></token><token kind="TYP" lexeme="typ"><location loc="44.1 - 44.3"/></token><token kind="IDENTIFIER" lexeme="structIntChar"><location loc="44.5 - 44.17"/></token><token kind="ASSIGNMENT" lexeme="="><location loc="44.19 - 44.19"/></token><token kind="LT" lexeme="&lt;"><location loc="44.21 - 44.21"/></token><token kind="IDENTIFIER" lexeme="comp1"><location loc="44.23 - 44.27"/></token><token kind="COLON" lexeme=":"><location loc="44.28 - 44.28"/></token><token kind="INT" lexeme="int"><location loc="44.30 - 44.32"/></token><token kind="COMMA" lexeme=","><location loc="44.33 - 44.33"/></token><token kind="IDENTIFIER" lexeme="comp2"><location loc="44.35 - 44.39"/></token><token kind="COLON" lexeme=":"><location loc="44.40 - 44.40"/></token><token kind="CHAR" lexeme="char"><location loc="44.42 - 44.45"/></token><token kind="GT" lexeme="&gt;"><location loc="44.47 - 44.47"/></token><token kind="TYP" lexeme="typ"><location loc="45.1 - 45.3"/></token><token kind="IDENTIFIER" lexeme="structSteviloArrIntPtrArrArrInt"><location loc="45.5 - 45.35"/></token><token kind="ASSIGNMENT" lexeme="="><location loc="45.37 - 45.37"/></token><token kind="LT" lexeme="&lt;"><location loc="45.39 - 45.39"/></token><token kind="IDENTIFIER" lexeme="comp1"><location loc="45.41 - 45.45"/></token><token kind="COLON" lexeme=":"><location loc="45.46 - 45.46"/></token><token kind="IDENTIFIER" lexeme="stevilo"><location loc="45.48 - 45.54"/></token><token kind="COMMA" lexeme=","><location loc="45.55 - 45.55"/></token><token kind="IDENTIFIER" lexeme="comp2"><location loc="45.57 - 45.61"/></token><token kind="COLON" lexeme=":"><location loc="45.62 - 45.62"/></token><token kind="IDENTIFIER" lexeme="arrInt"><location loc="45.64 - 45.69"/></token><token kind="COMMA" lexeme=","><location loc="45.70 - 45.70"/></token><token kind="IDENTIFIER" lexeme="comp3"><location loc="45.72 - 45.76"/></token><token kind="COLON" lexeme=":"><location loc="45.77 - 45.77"/></token><token kind="IDENTIFIER" lexeme="ptrArrArrInt"><location loc="45.79 - 45.90"/></token><token kind="GT" lexeme="&gt;"><location loc="45.92 - 45.92"/></token><token kind="TYP" lexeme="typ"><location loc="46.1 - 46.3"/></token><token kind="IDENTIFIER" lexeme="structMultiLevel"><location loc="46.5 - 46.20"/></token><token kind="ASSIGNMENT" lexeme="="><location loc="46.22 - 46.22"/></token><token kind="LT" lexeme="&lt;"><location loc="46.24 - 46.24"/></token><token kind="IDENTIFIER" lexeme="comp1"><location loc="46.26 - 46.30"/></token><token kind="COLON" lexeme=":"><location loc="46.31 - 46.31"/></token><token kind="LT" lexeme="&lt;"><location loc="46.33 - 46.33"/></token><token kind="IDENTIFIER" lexeme="comp1"><location loc="46.35 - 46.39"/></token><token kind="COLON" lexeme=":"><location loc="46.40 - 46.40"/></token><token kind="INT" lexeme="int"><location loc="46.42 - 46.44"/></token><token kind="COMMA" lexeme=","><location loc="46.45 - 46.45"/></token><token kind="IDENTIFIER" lexeme="comp2"><location loc="46.47 - 46.51"/></token><token kind="COLON" lexeme=":"><location loc="46.52 - 46.52"/></token><token kind="LT" lexeme="&lt;"><location loc="46.54 - 46.54"/></token><token kind="IDENTIFIER" lexeme="comp1"><location loc="46.56 - 46.60"/></token><token kind="COLON" lexeme=":"><location loc="46.61 - 46.61"/></token><token kind="INT" lexeme="int"><location loc="46.63 - 46.65"/></token><token kind="COMMA" lexeme=","><location loc="46.66 - 46.66"/></token><token kind="IDENTIFIER" lexeme="comp2"><location loc="46.68 - 46.72"/></token><token kind="COLON" lexeme=":"><location loc="46.73 - 46.73"/></token><token kind="CHAR" lexeme="char"><location loc="46.75 - 46.78"/></token><token kind="GT" lexeme="&gt;"><location loc="46.80 - 46.80"/></token><token kind="GT" lexeme="&gt;"><location loc="46.82 - 46.82"/></token><token kind="COMMA" lexeme=","><location loc="46.83 - 46.83"/></token><token kind="IDENTIFIER" lexeme="comp2"><location loc="46.85 - 46.89"/></token><token kind="COLON" lexeme=":"><location loc="46.90 - 46.90"/></token><token kind="CHAR" lexeme="char"><location loc="46.92 - 46.95"/></token><token kind="GT" lexeme="&gt;"><location loc="46.97 - 46.97"/></token><token kind="TYP" lexeme="typ"><location loc="47.1 - 47.3"/></token><token kind="IDENTIFIER" lexeme="structRecursive1Ptr"><location loc="47.5 - 47.23"/></token><token kind="ASSIGNMENT" lexeme="="><location loc="47.25 - 47.25"/></token><token kind="LT" lexeme="&lt;"><location loc="47.27 - 47.27"/></token><token kind="IDENTIFIER" lexeme="comp1"><location loc="47.29 - 47.33"/></token><token kind="COLON" lexeme=":"><location loc="47.34 - 47.34"/></token><token kind="POW" lexeme="^"><location loc="47.36 - 47.36"/></token><token kind="IDENTIFIER" lexeme="structRecursive2Ptr"><location loc="47.37 - 47.55"/></token><token kind="GT" lexeme="&gt;"><location loc="47.57 - 47.57"/></token><token kind="TYP" lexeme="typ"><location loc="48.1 - 48.3"/></token><token kind="IDENTIFIER" lexeme="structRecursive2Ptr"><location loc="48.5 - 48.23"/></token><token kind="ASSIGNMENT" lexeme="="><location loc="48.25 - 48.25"/></token><token kind="LT" lexeme="&lt;"><location loc="48.27 - 48.27"/></token><token kind="IDENTIFIER" lexeme="comp1"><location loc="48.29 - 48.33"/></token><token kind="COLON" lexeme=":"><location loc="48.34 - 48.34"/></token><token kind="POW" lexeme="^"><location loc="48.36 - 48.36"/></token><token kind="IDENTIFIER" lexeme="structRecursive1Ptr"><location loc="48.37 - 48.55"/></token><token kind="GT" lexeme="&gt;"><location loc="48.57 - 48.57"/></token><token kind="TYP" lexeme="typ"><location loc="56.1 - 56.3"/></token><token kind="IDENTIFIER" lexeme="unionInt"><location loc="56.5 - 56.12"/></token><token kind="ASSIGNMENT" lexeme="="><location loc="56.14 - 56.14"/></token><token kind="LBRACE" lexeme="{"><location loc="56.16 - 56.16"/></token><token kind="IDENTIFIER" lexeme="comp1"><location loc="56.18 - 56.22"/></token><token kind="COLON" lexeme=":"><location loc="56.23 - 56.23"/></token><token kind="INT" lexeme="int"><location loc="56.25 - 56.27"/></token><token kind="RBRACE" lexeme="}"><location loc="56.29 - 56.29"/></token><token kind="TYP" lexeme="typ"><location loc="57.1 - 57.3"/></token><token kind="IDENTIFIER" lexeme="unionIntChar"><location loc="57.5 - 57.16"/></token><token kind="ASSIGNMENT" lexeme="="><location loc="57.18 - 57.18"/></token><token kind="LBRACE" lexeme="{"><location loc="57.20 - 57.20"/></token><token kind="IDENTIFIER" lexeme="comp1"><location loc="57.22 - 57.26"/></token><token kind="COLON" lexeme=":"><location loc="57.27 - 57.27"/></token><token kind="INT" lexeme="int"><location loc="57.29 - 57.31"/></token><token kind="COMMA" lexeme=","><location loc="57.32 - 57.32"/></token><token kind="IDENTIFIER" lexeme="comp2"><location loc="57.34 - 57.38"/></token><token kind="COLON" lexeme=":"><location loc="57.39 - 57.39"/></token><token kind="CHAR" lexeme="char"><location loc="57.41 - 57.44"/></token><token kind="RBRACE" lexeme="}"><location loc="57.46 - 57.46"/></token><token kind="TYP" lexeme="typ"><location loc="58.1 - 58.3"/></token><token kind="IDENTIFIER" lexeme="unionSteviloArrIntPtrArrArrInt"><location loc="58.5 - 58.34"/></token><token kind="ASSIGNMENT" lexeme="="><location loc="58.36 - 58.36"/></token><token kind="LBRACE" lexeme="{"><location loc="58.38 - 58.38"/></token><token kind="IDENTIFIER" lexeme="comp1"><location loc="58.40 - 58.44"/></token><token kind="COLON" lexeme=":"><location loc="58.45 - 58.45"/></token><token kind="IDENTIFIER" lexeme="stevilo"><location loc="58.47 - 58.53"/></token><token kind="COMMA" lexeme=","><location loc="58.54 - 58.54"/></token><token kind="IDENTIFIER" lexeme="comp2"><location loc="58.56 - 58.60"/></token><token kind="COLON" lexeme=":"><location loc="58.61 - 58.61"/></token><token kind="IDENTIFIER" lexeme="arrInt"><location loc="58.63 - 58.68"/></token><token kind="COMMA" lexeme=","><location loc="58.69 - 58.69"/></token><token kind="IDENTIFIER" lexeme="comp3"><location loc="58.71 - 58.75"/></token><token kind="COLON" lexeme=":"><location loc="58.76 - 58.76"/></token><token kind="IDENTIFIER" lexeme="ptrArrArrInt"><location loc="58.78 - 58.89"/></token><token kind="RBRACE" lexeme="}"><location loc="58.91 - 58.91"/></token><token kind="TYP" lexeme="typ"><location loc="64.1 - 64.3"/></token><token kind="IDENTIFIER" lexeme="funIntToInt"><location loc="64.5 - 64.15"/></token><token kind="ASSIGNMENT" lexeme="="><location loc="64.17 - 64.17"/></token><token kind="LPAR" lexeme="("><location loc="64.19 - 64.19"/></token><token kind="INT" lexeme="int"><location loc="64.20 - 64.22"/></token><token kind="RPAR" lexeme=")"><location loc="64.23 - 64.23"/></token><token kind="COLON" lexeme=":"><location loc="64.25 - 64.25"/></token><token kind="INT" lexeme="int"><location loc="64.27 - 64.29"/></token><token kind="TYP" lexeme="typ"><location loc="65.1 - 65.3"/></token><token kind="IDENTIFIER" lexeme="funSteviloarrPtrIntToVoid"><location loc="65.5 - 65.29"/></token><token kind="ASSIGNMENT" lexeme="="><location loc="65.31 - 65.31"/></token><token kind="LPAR" lexeme="("><location loc="65.33 - 65.33"/></token><token kind="IDENTIFIER" lexeme="stevilo"><location loc="65.34 - 65.40"/></token><token kind="COMMA" lexeme=","><location loc="65.41 - 65.41"/></token><token kind="IDENTIFIER" lexeme="ptrInt"><location loc="65.43 - 65.48"/></token><token kind="RPAR" lexeme=")"><location loc="65.49 - 65.49"/></token><token kind="COLON" lexeme=":"><location loc="65.51 - 65.51"/></token><token kind="VOID" lexeme="void"><location loc="65.53 - 65.56"/></token><token kind="TYP" lexeme="typ"><location loc="66.1 - 66.3"/></token><token kind="IDENTIFIER" lexeme="funSteviloPtrPtrPtrIntToVoid"><location loc="66.5 - 66.32"/></token><token kind="ASSIGNMENT" lexeme="="><location loc="66.34 - 66.34"/></token><token kind="LPAR" lexeme="("><location loc="66.36 - 66.36"/></token><token kind="IDENTIFIER" lexeme="stevilo"><location loc="66.37 - 66.43"/></token><token kind="COMMA" lexeme=","><location loc="66.44 - 66.44"/></token><token kind="IDENTIFIER" lexeme="ptrPtrIntIndirect"><location loc="66.46 - 66.62"/></token><token kind="RPAR" lexeme=")"><location loc="66.63 - 66.63"/></token><token kind="COLON" lexeme=":"><location loc="66.65 - 66.65"/></token><token kind="VOID" lexeme="void"><location loc="66.67 - 66.70"/></token><token kind="VAR" lexeme="var"><location loc="79.1 - 79.3"/></token><token kind="IDENTIFIER" lexeme="varInt"><location loc="79.5 - 79.10"/></token><token kind="COLON" lexeme=":"><location loc="79.12 - 79.12"/></token><token kind="INT" lexeme="int"><location loc="79.14 - 79.16"/></token><token kind="VAR" lexeme="var"><location loc="80.1 - 80.3"/></token><token kind="IDENTIFIER" lexeme="varLogicna"><location loc="80.5 - 80.14"/></token><token kind="COLON" lexeme=":"><location loc="80.16 - 80.16"/></token><token kind="IDENTIFIER" lexeme="logicna"><location loc="80.18 - 80.24"/></token><token kind="VAR" lexeme="var"><location loc="81.1 - 81.3"/></token><token kind="IDENTIFIER" lexeme="varPtrInt"><location loc="81.5 - 81.13"/></token><token kind="COLON" lexeme=":"><location loc="81.15 - 81.15"/></token><token kind="IDENTIFIER" lexeme="ptrInt"><location loc="81.17 - 81.22"/></token><token kind="VAR" lexeme="var"><location loc="82.1 - 82.3"/></token><token kind="IDENTIFIER" lexeme="varPtrCrka"><location loc="82.5 - 82.14"/></token><token kind="COLON" lexeme=":"><location loc="82.16 - 82.16"/></token><token kind="IDENTIFIER" lexeme="ptrCrka"><location loc="82.18 - 82.24"/></token><token kind="VAR" lexeme="var"><location loc="83.1 - 83.3"/></token><token kind="IDENTIFIER" lexeme="varPtrArrArrIntIndirect"><location loc="83.5 - 83.27"/></token><token kind="COLON" lexeme=":"><location loc="83.29 - 83.29"/></token><token kind="IDENTIFIER" lexeme="ptrArrArrIntIndirect"><location loc="83.31 - 83.50"/></token><token kind="VAR" lexeme="var"><location loc="84.1 - 84.3"/></token><token kind="IDENTIFIER" lexeme="varArrLogicna"><location loc="84.5 - 84.17"/></token><token kind="COLON" lexeme=":"><location loc="84.19 - 84.19"/></token><token kind="IDENTIFIER" lexeme="arrLogicna"><location loc="84.21 - 84.30"/></token><token kind="VAR" lexeme="var"><location loc="85.1 - 85.3"/></token><token kind="IDENTIFIER" lexeme="varStructIntChar"><location loc="85.5 - 85.20"/></token><token kind="COLON" lexeme=":"><location loc="85.22 - 85.22"/></token><token kind="IDENTIFIER" lexeme="structIntChar"><location loc="85.24 - 85.36"/></token><token kind="VAR" lexeme="var"><location loc="86.1 - 86.3"/></token><token kind="IDENTIFIER" lexeme="varStructMultiLevel"><location loc="86.5 - 86.23"/></token><token kind="COLON" lexeme=":"><location loc="86.25 - 86.25"/></token><token kind="IDENTIFIER" lexeme="structMultiLevel"><location loc="86.27 - 86.42"/></token><token kind="VAR" lexeme="var"><location loc="87.1 - 87.3"/></token><token kind="IDENTIFIER" lexeme="varFunIntToInt"><location loc="87.5 - 87.18"/></token><token kind="COLON" lexeme=":"><location loc="87.20 - 87.20"/></token><token kind="IDENTIFIER" lexeme="funIntToInt"><location loc="87.22 - 87.32"/></token><token kind="FUN" lexeme="fun"><location loc="93.2 - 93.4"/></token><token kind="IDENTIFIER" lexeme="funAllGood"><location loc="93.6 - 93.15"/></token><token kind="LPAR" lexeme="("><location loc="93.16 - 93.16"/></token><token kind="IDENTIFIER" lexeme="par1"><location loc="93.17 - 93.20"/></token><token kind="COLON" lexeme=":"><location loc="93.21 - 93.21"/></token><token kind="INT" lexeme="int"><location loc="93.23 - 93.25"/></token><token kind="COMMA" lexeme=","><location loc="93.26 - 93.26"/></token><token kind="IDENTIFIER" lexeme="par2"><location loc="93.28 - 93.31"/></token><token kind="COLON" lexeme=":"><location loc="93.32 - 93.32"/></token><token kind="IDENTIFIER" lexeme="ptrInt"><location loc="93.34 - 93.39"/></token><token kind="COMMA" lexeme=","><location loc="93.40 - 93.40"/></token><token kind="IDENTIFIER" lexeme="par3"><location loc="93.42 - 93.45"/></token><token kind="COLON" lexeme=":"><location loc="93.46 - 93.46"/></token><token kind="IDENTIFIER" lexeme="ptrInt"><location loc="93.48 - 93.53"/></token><token kind="RPAR" lexeme=")"><location loc="93.54 - 93.54"/></token><token kind="COLON" lexeme=":"><location loc="93.56 - 93.56"/></token><token kind="INT" lexeme="int"><location loc="93.58 - 93.60"/></token><token kind="ASSIGNMENT" lexeme="="><location loc="93.62 - 93.62"/></token><token kind="IDENTIFIER" lexeme="varInt"><location loc="94.6 - 94.11"/></token><token kind="ASSIGNMENT" lexeme="="><location loc="94.13 - 94.13"/></token><token kind="INTCONST" lexeme="1"><location loc="94.15 - 94.15"/></token><token kind="COMMA" lexeme=","><location loc="94.16 - 94.16"/></token><token kind="IDENTIFIER" lexeme="par1"><location loc="95.6 - 95.9"/></token><token kind="ASSIGNMENT" lexeme="="><location loc="95.11 - 95.11"/></token><token kind="IDENTIFIER" lexeme="varInt"><location loc="95.13 - 95.18"/></token><token kind="COMMA" lexeme=","><location loc="95.19 - 95.19"/></token><token kind="IDENTIFIER" lexeme="varInt"><location loc="96.6 - 96.11"/></token><token kind="ASSIGNMENT" lexeme="="><location loc="96.13 - 96.13"/></token><token kind="IDENTIFIER" lexeme="par1"><location loc="96.15 - 96.18"/></token><token kind="COMMA" lexeme=","><location loc="96.19 - 96.19"/></token><token kind="IDENTIFIER" lexeme="par2"><location loc="97.6 - 97.9"/></token><token kind="ASSIGNMENT" lexeme="="><location loc="97.11 - 97.11"/></token><token kind="IDENTIFIER" lexeme="par3"><location loc="97.13 - 97.16"/></token><token kind="COMMA" lexeme=","><location loc="97.17 - 97.17"/></token><token kind="IDENTIFIER" lexeme="varArrLogicna"><location loc="98.6 - 98.18"/></token><token kind="LBRACKET" lexeme="["><location loc="98.19 - 98.19"/></token><token kind="INTCONST" lexeme="0"><location loc="98.20 - 98.20"/></token><token kind="RBRACKET" lexeme="]"><location loc="98.21 - 98.21"/></token><token kind="ASSIGNMENT" lexeme="="><location loc="98.23 - 98.23"/></token><token kind="TRUE" lexeme="true"><location loc="98.25 - 98.28"/></token><token kind="COMMA" lexeme=","><location loc="98.29 - 98.29"/></token><token kind="IDENTIFIER" lexeme="varStructIntChar"><location loc="99.6 - 99.21"/></token><token kind="DOT" lexeme="."><location loc="99.22 - 99.22"/></token><token kind="IDENTIFIER" lexeme="comp1"><location loc="99.23 - 99.27"/></token><token kind="ASSIGNMENT" lexeme="="><location loc="99.29 - 99.29"/></token><token kind="INTCONST" lexeme="1"><location loc="99.31 - 99.31"/></token><token kind="COMMA" lexeme=","><location loc="99.32 - 99.32"/></token><token kind="IDENTIFIER" lexeme="varStructMultiLevel"><location loc="100.6 - 100.24"/></token><token kind="DOT" lexeme="."><location loc="100.25 - 100.25"/></token><token kind="IDENTIFIER" lexeme="comp1"><location loc="100.26 - 100.30"/></token><token kind="DOT" lexeme="."><location loc="100.31 - 100.31"/></token><token kind="IDENTIFIER" lexeme="comp1"><location loc="100.32 - 100.36"/></token><token kind="ASSIGNMENT" lexeme="="><location loc="100.38 - 100.38"/></token><token kind="INTCONST" lexeme="2"><location loc="100.40 - 100.40"/></token><token kind="COMMA" lexeme=","><location loc="100.41 - 100.41"/></token><token kind="IDENTIFIER" lexeme="varStructMultiLevel"><location loc="101.6 - 101.24"/></token><token kind="DOT" lexeme="."><location loc="101.25 - 101.25"/></token><token kind="IDENTIFIER" lexeme="comp1"><location loc="101.26 - 101.30"/></token><token kind="DOT" lexeme="."><location loc="101.31 - 101.31"/></token><token kind="IDENTIFIER" lexeme="comp2"><location loc="101.32 - 101.36"/></token><token kind="DOT" lexeme="."><location loc="101.37 - 101.37"/></token><token kind="IDENTIFIER" lexeme="comp2"><location loc="101.38 - 101.42"/></token><token kind="ASSIGNMENT" lexeme="="><location loc="101.44 - 101.44"/></token><token kind="CHARCONST" lexeme="'a'"><location loc="101.46 - 101.48"/></token><token kind="COMMA" lexeme=","><location loc="101.49 - 101.49"/></token><token kind="RETURN" lexeme="return"><location loc="103.6 - 103.11"/></token><token kind="INTCONST" lexeme="1"><location loc="103.13 - 103.13"/></token><token kind="COMMA" lexeme=","><location loc="103.14 - 103.14"/></token><token kind="RETURN" lexeme="return"><location loc="104.6 - 104.11"/></token><token kind="IDENTIFIER" lexeme="varInt"><location loc="104.13 - 104.18"/></token><token kind="COMMA" lexeme=","><location loc="104.19 - 104.19"/></token><token kind="RETURN" lexeme="return"><location loc="105.6 - 105.11"/></token><token kind="IDENTIFIER" lexeme="par1"><location loc="105.13 - 105.16"/></token><token kind="COMMA" lexeme=","><location loc="105.17 - 105.17"/></token><token kind="RETURN" lexeme="return"><location loc="106.6 - 106.11"/></token><token kind="IDENTIFIER" lexeme="varPtrInt"><location loc="106.13 - 106.21"/></token><token kind="POW" lexeme="^"><location loc="106.22 - 106.22"/></token><token kind="COMMA" lexeme=","><location loc="106.23 - 106.23"/></token><token kind="RETURN" lexeme="return"><location loc="107.6 - 107.11"/></token><token kind="SIZEOF" lexeme="sizeof"><location loc="107.13 - 107.18"/></token><token kind="IDENTIFIER" lexeme="ptrInt"><location loc="107.20 - 107.25"/></token><token kind="COMMA" lexeme=","><location loc="107.26 - 107.26"/></token><token kind="RETURN" lexeme="return"><location loc="108.6 - 108.11"/></token><token kind="SIZEOF" lexeme="sizeof"><location loc="108.13 - 108.18"/></token><token kind="IDENTIFIER" lexeme="structRecursive2Ptr"><location loc="108.20 - 108.38"/></token><token kind="COMMA" lexeme=","><location loc="108.39 - 108.39"/></token><token kind="WHILE" lexeme="while"><location loc="110.6 - 110.10"/></token><token kind="TRUE" lexeme="true"><location loc="110.12 - 110.15"/></token><token kind="DO" lexeme="do"><location loc="110.17 - 110.18"/></token><token kind="POW" lexeme="^"><location loc="110.20 - 110.20"/></token><token kind="IDENTIFIER" lexeme="par1"><location loc="110.21 - 110.24"/></token><token kind="ASSIGNMENT" lexeme="="><location loc="110.26 - 110.26"/></token><token kind="POW" lexeme="^"><location loc="110.28 - 110.28"/></token><token kind="INTCONST" lexeme="15"><location loc="110.29 - 110.30"/></token><token kind="END" lexeme="end"><location loc="110.32 - 110.34"/></token><token kind="COMMA" lexeme=","><location loc="110.35 - 110.35"/></token><token kind="WHILE" lexeme="while"><location loc="111.6 - 111.10"/></token><token kind="IDENTIFIER" lexeme="varLogicna"><location loc="111.12 - 111.21"/></token><token kind="DO" lexeme="do"><location loc="111.23 - 111.24"/></token><token kind="POW" lexeme="^"><location loc="111.26 - 111.26"/></token><token kind="IDENTIFIER" lexeme="par1"><location loc="111.27 - 111.30"/></token><token kind="ASSIGNMENT" lexeme="="><location loc="111.32 - 111.32"/></token><token kind="POW" lexeme="^"><location loc="111.34 - 111.34"/></token><token kind="MINUS" lexeme="-"><location loc="111.35 - 111.35"/></token><token kind="INTCONST" lexeme="1"><location loc="111.36 - 111.36"/></token><token kind="END" lexeme="end"><location loc="111.38 - 111.40"/></token><token kind="COMMA" lexeme=","><location loc="111.41 - 111.41"/></token><token kind="IF" lexeme="if"><location loc="113.6 - 113.7"/></token><token kind="NOT" lexeme="!"><location loc="113.9 - 113.9"/></token><token kind="IDENTIFIER" lexeme="varLogicna"><location loc="113.10 - 113.19"/></token><token kind="THEN" lexeme="then"><location loc="113.21 - 113.24"/></token><token kind="IDENTIFIER" lexeme="varInt"><location loc="113.26 - 113.31"/></token><token kind="ASSIGNMENT" lexeme="="><location loc="113.33 - 113.33"/></token><token kind="PLUS" lexeme="+"><location loc="113.35 - 113.35"/></token><token kind="INTCONST" lexeme="2"><location loc="113.36 - 113.36"/></token><token kind="END" lexeme="end"><location loc="113.38 - 113.40"/></token><token kind="COMMA" lexeme=","><location loc="113.41 - 113.41"/></token><token kind="IF" lexeme="if"><location loc="114.6 - 114.7"/></token><token kind="TRUE" lexeme="true"><location loc="114.9 - 114.12"/></token><token kind="AND" lexeme="&amp;"><location loc="114.14 - 114.14"/></token><token kind="IDENTIFIER" lexeme="varLogicna"><location loc="114.16 - 114.25"/></token><token kind="THEN" lexeme="then"><location loc="114.27 - 114.30"/></token><token kind="IDENTIFIER" lexeme="varInt"><location loc="114.32 - 114.37"/></token><token kind="ASSIGNMENT" lexeme="="><location loc="114.39 - 114.39"/></token><token kind="PLUS" lexeme="+"><location loc="114.41 - 114.41"/></token><token kind="INTCONST" lexeme="2"><location loc="114.42 - 114.42"/></token><token kind="END" lexeme="end"><location loc="114.44 - 114.46"/></token><token kind="COMMA" lexeme=","><location loc="114.47 - 114.47"/></token><token kind="IF" lexeme="if"><location loc="115.6 - 115.7"/></token><token kind="IDENTIFIER" lexeme="varLogicna"><location loc="115.9 - 115.18"/></token><token kind="OR" lexeme="|"><location loc="115.20 - 115.20"/></token><token kind="FALSE" lexeme="false"><location loc="115.22 - 115.26"/></token><token kind="THEN" lexeme="then"><location loc="115.28 - 115.31"/></token><token kind="IDENTIFIER" lexeme="varInt"><location loc="115.33 - 115.38"/></token><token kind="ASSIGNMENT" lexeme="="><location loc="115.40 - 115.40"/></token><token kind="MINUS" lexeme="-"><location loc="115.42 - 115.42"/></token><token kind="INTCONST" lexeme="2"><location loc="115.43 - 115.43"/></token><token kind="END" lexeme="end"><location loc="115.45 - 115.47"/></token><token kind="COMMA" lexeme=","><location loc="115.48 - 115.48"/></token><token kind="IF" lexeme="if"><location loc="116.6 - 116.7"/></token><token kind="CHARCONST" lexeme="'a'"><location loc="116.9 - 116.11"/></token><token kind="EQ" lexeme="=="><location loc="116.13 - 116.14"/></token><token kind="CHARCONST" lexeme="'b'"><location loc="116.16 - 116.18"/></token><token kind="THEN" lexeme="then"><location loc="116.20 - 116.23"/></token><token kind="IDENTIFIER" lexeme="varInt"><location loc="116.25 - 116.30"/></token><token kind="ASSIGNMENT" lexeme="="><location loc="116.32 - 116.32"/></token><token kind="IDENTIFIER" lexeme="varInt"><location loc="116.34 - 116.39"/></token><token kind="STAR" lexeme="*"><location loc="116.41 - 116.41"/></token><token kind="INTCONST" lexeme="2"><location loc="116.43 - 116.43"/></token><token kind="END" lexeme="end"><location loc="116.45 - 116.47"/></token><token kind="COMMA" lexeme=","><location loc="116.48 - 116.48"/></token><token kind="IF" lexeme="if"><location loc="117.6 - 117.7"/></token><token kind="IDENTIFIER" lexeme="varInt"><location loc="117.9 - 117.14"/></token><token kind="NEQ" lexeme="!="><location loc="117.16 - 117.17"/></token><token kind="INTCONST" lexeme="10"><location loc="117.19 - 117.20"/></token><token kind="THEN" lexeme="then"><location loc="117.22 - 117.25"/></token><token kind="IDENTIFIER" lexeme="varInt"><location loc="117.27 - 117.32"/></token><token kind="ASSIGNMENT" lexeme="="><location loc="117.34 - 117.34"/></token><token kind="IDENTIFIER" lexeme="varInt"><location loc="117.36 - 117.41"/></token><token kind="DIV" lexeme="/"><location loc="117.43 - 117.43"/></token><token kind="IDENTIFIER" lexeme="varInt"><location loc="117.45 - 117.50"/></token><token kind="END" lexeme="end"><location loc="117.52 - 117.54"/></token><token kind="COMMA" lexeme=","><location loc="117.55 - 117.55"/></token><token kind="IF" lexeme="if"><location loc="118.6 - 118.7"/></token><token kind="INTCONST" lexeme="10"><location loc="118.9 - 118.10"/></token><token kind="NEQ" lexeme="!="><location loc="118.12 - 118.13"/></token><token kind="IDENTIFIER" lexeme="varInt"><location loc="118.15 - 118.20"/></token><token kind="THEN" lexeme="then"><location loc="118.22 - 118.25"/></token><token kind="IDENTIFIER" lexeme="varInt"><location loc="118.27 - 118.32"/></token><token kind="ASSIGNMENT" lexeme="="><location loc="118.34 - 118.34"/></token><token kind="IDENTIFIER" lexeme="varInt"><location loc="118.36 - 118.41"/></token><token kind="MOD" lexeme="%"><location loc="118.43 - 118.43"/></token><token kind="IDENTIFIER" lexeme="varInt"><location loc="118.45 - 118.50"/></token><token kind="END" lexeme="end"><location loc="118.52 - 118.54"/></token><token kind="COMMA" lexeme=","><location loc="118.55 - 118.55"/></token><token kind="IF" lexeme="if"><location loc="119.6 - 119.7"/></token><token kind="IDENTIFIER" lexeme="varStructIntChar"><location loc="119.9 - 119.24"/></token><token kind="DOT" lexeme="."><location loc="119.25 - 119.25"/></token><token kind="IDENTIFIER" lexeme="comp1"><location loc="119.26 - 119.30"/></token><token kind="GT" lexeme="&gt;"><location loc="119.32 - 119.32"/></token><token kind="INTCONST" lexeme="10"><location loc="119.34 - 119.35"/></token><token kind="THEN" lexeme="then"><location loc="119.37 - 119.40"/></token><token kind="IDENTIFIER" lexeme="varInt"><location loc="119.42 - 119.47"/></token><token kind="ASSIGNMENT" lexeme="="><location loc="119.49 - 119.49"/></token><token kind="IDENTIFIER" lexeme="varInt"><location loc="119.51 - 119.56"/></token><token kind="PLUS" lexeme="+"><location loc="119.58 - 119.58"/></token><token kind="IDENTIFIER" lexeme="varInt"><location loc="119.60 - 119.65"/></token><token kind="END" lexeme="end"><location loc="119.67 - 119.69"/></token><token kind="COMMA" lexeme=","><location loc="119.70 - 119.70"/></token><token kind="IF" lexeme="if"><location loc="120.6 - 120.7"/></token><token kind="IDENTIFIER" lexeme="varFunIntToInt"><location loc="120.9 - 120.22"/></token><token kind="LPAR" lexeme="("><location loc="120.23 - 120.23"/></token><token kind="INTCONST" lexeme="10"><location loc="120.24 - 120.25"/></token><token kind="RPAR" lexeme=")"><location loc="120.26 - 120.26"/></token><token kind="LTE" lexeme="&lt;="><location loc="120.28 - 120.29"/></token><token kind="IDENTIFIER" lexeme="varInt"><location loc="120.31 - 120.36"/></token><token kind="THEN" lexeme="then"><location loc="120.38 - 120.41"/></token><token kind="IDENTIFIER" lexeme="varInt"><location loc="120.43 - 120.48"/></token><token kind="ASSIGNMENT" lexeme="="><location loc="120.50 - 120.50"/></token><token kind="IDENTIFIER" lexeme="varInt"><location loc="120.52 - 120.57"/></token><token kind="MINUS" lexeme="-"><location loc="120.59 - 120.59"/></token><token kind="IDENTIFIER" lexeme="varInt"><location loc="120.61 - 120.66"/></token><token kind="END" lexeme="end"><location loc="120.68 - 120.70"/></token><token kind="COMMA" lexeme=","><location loc="120.71 - 120.71"/></token><token kind="RETURN" lexeme="return"><location loc="122.6 - 122.11"/></token><token kind="LBRACE" lexeme="{"><location loc="122.13 - 122.13"/></token><token kind="IDENTIFIER" lexeme="varFunIntToInt"><location loc="122.14 - 122.27"/></token><token kind="COLON" lexeme=":"><location loc="122.29 - 122.29"/></token><token kind="INT" lexeme="int"><location loc="122.31 - 122.33"/></token><token kind="RBRACE" lexeme="}"><location loc="122.34 - 122.34"/></token><token kind="FUN" lexeme="fun"><location loc="125.2 - 125.4"/></token><token kind="IDENTIFIER" lexeme="funAllBad"><location loc="125.6 - 125.14"/></token><token kind="LPAR" lexeme="("><location loc="125.15 - 125.15"/></token><token kind="IDENTIFIER" lexeme="par1"><location loc="125.16 - 125.19"/></token><token kind="COLON" lexeme=":"><location loc="125.20 - 125.20"/></token><token kind="INT" lexeme="int"><location loc="125.22 - 125.24"/></token><token kind="COMMA" lexeme=","><location loc="125.25 - 125.25"/></token><token kind="IDENTIFIER" lexeme="par2"><location loc="125.27 - 125.30"/></token><token kind="COLON" lexeme=":"><location loc="125.31 - 125.31"/></token><token kind="IDENTIFIER" lexeme="ptrInt"><location loc="125.33 - 125.38"/></token><token kind="COMMA" lexeme=","><location loc="125.39 - 125.39"/></token><token kind="IDENTIFIER" lexeme="par3"><location loc="125.41 - 125.44"/></token><token kind="COLON" lexeme=":"><location loc="125.45 - 125.45"/></token><token kind="IDENTIFIER" lexeme="ptrInt"><location loc="125.47 - 125.52"/></token><token kind="RPAR" lexeme=")"><location loc="125.53 - 125.53"/></token><token kind="COLON" lexeme=":"><location loc="125.55 - 125.55"/></token><token kind="INT" lexeme="int"><location loc="125.57 - 125.59"/></token><token kind="ASSIGNMENT" lexeme="="><location loc="125.61 - 125.61"/></token><token kind="RETURN" lexeme="return"><location loc="139.6 - 139.11"/></token><token kind="INTCONST" lexeme="1"><location loc="139.13 - 139.13"/></token><token kind="FUN" lexeme="fun"><location loc="141.2 - 141.4"/></token><token kind="IDENTIFIER" lexeme="main"><location loc="141.6 - 141.9"/></token><token kind="LPAR" lexeme="("><location loc="141.10 - 141.10"/></token><token kind="RPAR" lexeme=")"><location loc="141.11 - 141.11"/></token><token kind="COLON" lexeme=":"><location loc="141.13 - 141.13"/></token><token kind="INT" lexeme="int"><location loc="141.15 - 141.17"/></token><token kind="ASSIGNMENT" lexeme="="><location loc="141.19 - 141.19"/></token><token kind="LET" lexeme="let"><location loc="142.6 - 142.8"/></token><token kind="VAR" lexeme="var"><location loc="143.10 - 143.12"/></token><token kind="IDENTIFIER" lexeme="var1"><location loc="143.14 - 143.17"/></token><token kind="COLON" lexeme=":"><location loc="143.18 - 143.18"/></token><token kind="INT" lexeme="int"><location loc="143.20 - 143.22"/></token><token kind="IN" lexeme="in"><location loc="144.6 - 144.7"/></token><token kind="IDENTIFIER" lexeme="var1"><location loc="145.10 - 145.13"/></token><token kind="ASSIGNMENT" lexeme="="><location loc="145.15 - 145.15"/></token><token kind="INTCONST" lexeme="1"><location loc="145.17 - 145.17"/></token><token kind="COMMA" lexeme=","><location loc="145.18 - 145.18"/></token><token kind="RETURN" lexeme="return"><location loc="146.10 - 146.15"/></token><token kind="INTCONST" lexeme="1"><location loc="146.17 - 146.17"/></token><token kind="END" lexeme="end"><location loc="147.6 - 147.8"/></token><token kind="EOF" lexeme=""/></lexan>