<?xml version="1.0" encoding="UTF-8" standalone="no"?><?xml-stylesheet type="text/xsl" href="../lib/xsl/abstr.xsl"?><abstr><astnode id="390" label="Nodes&lt;Defn&gt;"><location loc="3.1 - 150.7"/><astnode id="1" label="VarDefn" name="crkaPredTipom"><location loc="3.1 - 3.24"/><astnode id="0" label="NameType" name="crka"><location loc="3.21 - 3.24"/></astnode></astnode><astnode id="3" label="TypDefn" name="stevilo"><location loc="6.1 - 6.17"/><astnode id="2" label="AtomType" name="INT"><location loc="6.15 - 6.17"/></astnode></astnode><astnode id="5" label="TypDefn" name="crka"><location loc="7.1 - 7.15"/><astnode id="4" label="AtomType" name="CHAR"><location loc="7.12 - 7.15"/></astnode></astnode><astnode id="7" label="TypDefn" name="logicna"><location loc="8.1 - 8.18"/><astnode id="6" label="AtomType" name="BOOL"><location loc="8.15 - 8.18"/></astnode></astnode><astnode id="9" label="TypDefn" name="praznina"><location loc="9.1 - 9.19"/><astnode id="8" label="AtomType" name="VOID"><location loc="9.16 - 9.19"/></astnode></astnode><astnode id="12" label="TypDefn" name="ptrInt"><location loc="13.1 - 13.17"/><astnode id="11" label="PtrType"><location loc="13.14 - 13.17"/><astnode id="10" label="AtomType" name="INT"><location loc="13.15 - 13.17"/></astnode></astnode></astnode><astnode id="15" label="TypDefn" name="ptrChar"><location loc="14.1 - 14.19"/><astnode id="14" label="PtrType"><location loc="14.15 - 14.19"/><astnode id="13" label="AtomType" name="CHAR"><location loc="14.16 - 14.19"/></astnode></astnode></astnode><astnode id="18" label="TypDefn" name="ptrBool"><location loc="15.1 - 15.19"/><astnode id="17" label="PtrType"><location loc="15.15 - 15.19"/><astnode id="16" label="AtomType" name="BOOL"><location loc="15.16 - 15.19"/></astnode></astnode></astnode><astnode id="21" label="TypDefn" name="ptrCrka"><location loc="16.1 - 16.19"/><astnode id="20" label="PtrType"><location loc="16.15 - 16.19"/><astnode id="19" label="NameType" name="crka"><location loc="16.16 - 16.19"/></astnode></astnode></astnode><astnode id="25" label="TypDefn" name="ptrPtrInt"><location loc="18.1 - 18.21"/><astnode id="24" label="PtrType"><location loc="18.17 - 18.21"/><astnode id="23" label="PtrType"><location loc="18.18 - 18.21"/><astnode id="22" label="AtomType" name="INT"><location loc="18.19 - 18.21"/></astnode></astnode></astnode></astnode><astnode id="29" label="TypDefn" name="ptrPtrStevilo"><location loc="19.1 - 19.29"/><astnode id="28" label="PtrType"><location loc="19.21 - 19.29"/><astnode id="27" label="PtrType"><location loc="19.22 - 19.29"/><astnode id="26" label="NameType" name="stevilo"><location loc="19.23 - 19.29"/></astnode></astnode></astnode></astnode><astnode id="32" label="TypDefn" name="ptrPtrIntIndirect"><location loc="20.1 - 20.31"/><astnode id="31" label="PtrType"><location loc="20.25 - 20.31"/><astnode id="30" label="NameType" name="ptrInt"><location loc="20.26 - 20.31"/></astnode></astnode></astnode><astnode id="36" label="TypDefn" name="ptrArrInt"><location loc="21.1 - 21.23"/><astnode id="35" label="PtrType"><location loc="21.17 - 21.23"/><astnode id="34" label="ArrType" name="ArrType[1]"><location loc="21.18 - 21.23"/><astnode id="33" label="AtomType" name="INT"><location loc="21.21 - 21.23"/></astnode></astnode></astnode></astnode><astnode id="40" label="TypDefn" name="ptrArrIntIndirect"><location loc="22.1 - 22.35"/><astnode id="39" label="PtrType"><location loc="22.25 - 22.35"/><astnode id="38" label="ArrType" name="ArrType[1]"><location loc="22.26 - 22.35"/><astnode id="37" label="NameType" name="stevilo"><location loc="22.29 - 22.35"/></astnode></astnode></astnode></astnode><astnode id="45" label="TypDefn" name="ptrArrArrInt"><location loc="23.1 - 23.29"/><astnode id="44" label="PtrType"><location loc="23.20 - 23.29"/><astnode id="43" label="ArrType" name="ArrType[1]"><location loc="23.21 - 23.29"/><astnode id="42" label="ArrType" name="ArrType[1]"><location loc="23.24 - 23.29"/><astnode id="41" label="AtomType" name="INT"><location loc="23.27 - 23.29"/></astnode></astnode></astnode></astnode></astnode><astnode id="49" label="TypDefn" name="ptrArrArrIntIndirect"><location loc="24.1 - 24.37"/><astnode id="48" label="PtrType"><location loc="24.28 - 24.37"/><astnode id="47" label="ArrType" name="ArrType[1]"><location loc="24.29 - 24.37"/><astnode id="46" label="NameType" name="arrInt"><location loc="24.32 - 24.37"/></astnode></astnode></astnode></astnode><astnode id="52" label="TypDefn" name="arrInt"><location loc="31.1 - 31.19"/><astnode id="51" label="ArrType" name="ArrType[1]"><location loc="31.14 - 31.19"/><astnode id="50" label="AtomType" name="INT"><location loc="31.17 - 31.19"/></astnode></astnode></astnode><astnode id="55" label="TypDefn" name="arrChar"><location loc="32.1 - 32.21"/><astnode id="54" label="ArrType" name="ArrType[1]"><location loc="32.15 - 32.21"/><astnode id="53" label="AtomType" name="CHAR"><location loc="32.18 - 32.21"/></astnode></astnode></astnode><astnode id="58" label="TypDefn" name="arrBool"><location loc="33.1 - 33.21"/><astnode id="57" label="ArrType" name="ArrType[1]"><location loc="33.15 - 33.21"/><astnode id="56" label="AtomType" name="BOOL"><location loc="33.18 - 33.21"/></astnode></astnode></astnode><astnode id="61" label="TypDefn" name="arrLogicna"><location loc="34.1 - 34.27"/><astnode id="60" label="ArrType" name="ArrType[1]"><location loc="34.18 - 34.27"/><astnode id="59" label="NameType" name="logicna"><location loc="34.21 - 34.27"/></astnode></astnode></astnode><astnode id="65" label="TypDefn" name="arrPtrInt"><location loc="36.1 - 36.23"/><astnode id="64" label="ArrType" name="ArrType[1]"><location loc="36.17 - 36.23"/><astnode id="63" label="PtrType"><location loc="36.20 - 36.23"/><astnode id="62" label="AtomType" name="INT"><location loc="36.21 - 36.23"/></astnode></astnode></astnode></astnode><astnode id="68" label="TypDefn" name="arrPtrIntIndirect"><location loc="37.1 - 37.33"/><astnode id="67" label="ArrType" name="ArrType[1]"><location loc="37.25 - 37.33"/><astnode id="66" label="NameType" name="ptrInt"><location loc="37.28 - 37.33"/></astnode></astnode></astnode><astnode id="72" label="TypDefn" name="arrArrInt"><location loc="38.1 - 38.25"/><astnode id="71" label="ArrType" name="ArrType[1]"><location loc="38.17 - 38.25"/><astnode id="70" label="ArrType" name="ArrType[1]"><location loc="38.20 - 38.25"/><astnode id="69" label="AtomType" name="INT"><location loc="38.23 - 38.25"/></astnode></astnode></astnode></astnode><astnode id="77" label="TypDefn" name="structInt"><location loc="46.1 - 46.30"/><astnode id="75" label="StrType"><location loc="46.17 - 46.30"/><astnode id="76" label="Nodes&lt;CompDefn&gt;"><location loc="46.19 - 46.28"/><astnode id="74" label="CompDefn" name="comp1"><location loc="46.19 - 46.28"/><astnode id="73" label="AtomType" name="INT"><location loc="46.26 - 46.28"/></astnode></astnode></astnode></astnode></astnode><astnode id="84" label="TypDefn" name="structIntChar"><location loc="47.1 - 47.47"/><astnode id="82" label="StrType"><location loc="47.21 - 47.47"/><astnode id="83" label="Nodes&lt;CompDefn&gt;"><location loc="47.23 - 47.45"/><astnode id="79" label="CompDefn" name="comp1"><location loc="47.23 - 47.32"/><astnode id="78" label="AtomType" name="INT"><location loc="47.30 - 47.32"/></astnode></astnode><astnode id="81" label="CompDefn" name="comp2"><location loc="47.35 - 47.45"/><astnode id="80" label="AtomType" name="CHAR"><location loc="47.42 - 47.45"/></astnode></astnode></astnode></astnode></astnode><astnode id="93" label="TypDefn" name="structSteviloArrIntPtrArrArrInt"><location loc="48.1 - 48.92"/><astnode id="91" label="StrType"><location loc="48.39 - 48.92"/><astnode id="92" label="Nodes&lt;CompDefn&gt;"><location loc="48.41 - 48.90"/><astnode id="86" label="CompDefn" name="comp1"><location loc="48.41 - 48.54"/><astnode id="85" label="NameType" name="stevilo"><location loc="48.48 - 48.54"/></astnode></astnode><astnode id="88" label="CompDefn" name="comp2"><location loc="48.57 - 48.69"/><astnode id="87" label="NameType" name="arrInt"><location loc="48.64 - 48.69"/></astnode></astnode><astnode id="90" label="CompDefn" name="comp3"><location loc="48.72 - 48.90"/><astnode id="89" label="NameType" name="ptrArrArrInt"><location loc="48.79 - 48.90"/></astnode></astnode></astnode></astnode></astnode><astnode id="110" label="TypDefn" name="structMultiLevel"><location loc="49.1 - 49.97"/><astnode id="108" label="StrType"><location loc="49.24 - 49.97"/><astnode id="109" label="Nodes&lt;CompDefn&gt;"><location loc="49.26 - 49.95"/><astnode id="105" label="CompDefn" name="comp1"><location loc="49.26 - 49.82"/><astnode id="103" label="StrType"><location loc="49.33 - 49.82"/><astnode id="104" label="Nodes&lt;CompDefn&gt;"><location loc="49.35 - 49.80"/><astnode id="95" label="CompDefn" name="comp1"><location loc="49.35 - 49.44"/><astnode id="94" label="AtomType" name="INT"><location loc="49.42 - 49.44"/></astnode></astnode><astnode id="102" label="CompDefn" name="comp2"><location loc="49.47 - 49.80"/><astnode id="100" label="StrType"><location loc="49.54 - 49.80"/><astnode id="101" label="Nodes&lt;CompDefn&gt;"><location loc="49.56 - 49.78"/><astnode id="97" label="CompDefn" name="comp1"><location loc="49.56 - 49.65"/><astnode id="96" label="AtomType" name="INT"><location loc="49.63 - 49.65"/></astnode></astnode><astnode id="99" label="CompDefn" name="comp2"><location loc="49.68 - 49.78"/><astnode id="98" label="AtomType" name="CHAR"><location loc="49.75 - 49.78"/></astnode></astnode></astnode></astnode></astnode></astnode></astnode></astnode><astnode id="107" label="CompDefn" name="comp2"><location loc="49.85 - 49.95"/><astnode id="106" label="AtomType" name="CHAR"><location loc="49.92 - 49.95"/></astnode></astnode></astnode></astnode></astnode><astnode id="116" label="TypDefn" name="structRecursive1Ptr"><location loc="50.1 - 50.57"/><astnode id="114" label="StrType"><location loc="50.27 - 50.57"/><astnode id="115" label="Nodes&lt;CompDefn&gt;"><location loc="50.29 - 50.55"/><astnode id="113" label="CompDefn" name="comp1"><location loc="50.29 - 50.55"/><astnode id="112" label="PtrType"><location loc="50.36 - 50.55"/><astnode id="111" label="NameType" name="structRecursive2Ptr"><location loc="50.37 - 50.55"/></astnode></astnode></astnode></astnode></astnode></astnode><astnode id="122" label="TypDefn" name="structRecursive2Ptr"><location loc="51.1 - 51.57"/><astnode id="120" label="StrType"><location loc="51.27 - 51.57"/><astnode id="121" label="Nodes&lt;CompDefn&gt;"><location loc="51.29 - 51.55"/><astnode id="119" label="CompDefn" name="comp1"><location loc="51.29 - 51.55"/><astnode id="118" label="PtrType"><location loc="51.36 - 51.55"/><astnode id="117" label="NameType" name="structRecursive1Ptr"><location loc="51.37 - 51.55"/></astnode></astnode></astnode></astnode></astnode></astnode><astnode id="127" label="TypDefn" name="structRecursive1NoPtr"><location loc="52.1 - 52.60"/><astnode id="125" label="StrType"><location loc="52.29 - 52.60"/><astnode id="126" label="Nodes&lt;CompDefn&gt;"><location loc="52.31 - 52.58"/><astnode id="124" label="CompDefn" name="comp1"><location loc="52.31 - 52.58"/><astnode id="123" label="NameType" name="structRecursive2NoPtr"><location loc="52.38 - 52.58"/></astnode></astnode></astnode></astnode></astnode><astnode id="132" label="TypDefn" name="structRecursive2NoPtr"><location loc="53.1 - 53.60"/><astnode id="130" label="StrType"><location loc="53.29 - 53.60"/><astnode id="131" label="Nodes&lt;CompDefn&gt;"><location loc="53.31 - 53.58"/><astnode id="129" label="CompDefn" name="comp1"><location loc="53.31 - 53.58"/><astnode id="128" label="NameType" name="structRecursive1NoPtr"><location loc="53.38 - 53.58"/></astnode></astnode></astnode></astnode></astnode><astnode id="137" label="TypDefn" name="unionInt"><location loc="59.1 - 59.29"/><astnode id="135" label="UniType"><location loc="59.16 - 59.29"/><astnode id="136" label="Nodes&lt;CompDefn&gt;"><location loc="59.18 - 59.27"/><astnode id="134" label="CompDefn" name="comp1"><location loc="59.18 - 59.27"/><astnode id="133" label="AtomType" name="INT"><location loc="59.25 - 59.27"/></astnode></astnode></astnode></astnode></astnode><astnode id="144" label="TypDefn" name="unionIntChar"><location loc="60.1 - 60.46"/><astnode id="142" label="UniType"><location loc="60.20 - 60.46"/><astnode id="143" label="Nodes&lt;CompDefn&gt;"><location loc="60.22 - 60.44"/><astnode id="139" label="CompDefn" name="comp1"><location loc="60.22 - 60.31"/><astnode id="138" label="AtomType" name="INT"><location loc="60.29 - 60.31"/></astnode></astnode><astnode id="141" label="CompDefn" name="comp2"><location loc="60.34 - 60.44"/><astnode id="140" label="AtomType" name="CHAR"><location loc="60.41 - 60.44"/></astnode></astnode></astnode></astnode></astnode><astnode id="153" label="TypDefn" name="unionSteviloArrIntPtrArrArrInt"><location loc="61.1 - 61.91"/><astnode id="151" label="UniType"><location loc="61.38 - 61.91"/><astnode id="152" label="Nodes&lt;CompDefn&gt;"><location loc="61.40 - 61.89"/><astnode id="146" label="CompDefn" name="comp1"><location loc="61.40 - 61.53"/><astnode id="145" label="NameType" name="stevilo"><location loc="61.47 - 61.53"/></astnode></astnode><astnode id="148" label="CompDefn" name="comp2"><location loc="61.56 - 61.68"/><astnode id="147" label="NameType" name="arrInt"><location loc="61.63 - 61.68"/></astnode></astnode><astnode id="150" label="CompDefn" name="comp3"><location loc="61.71 - 61.89"/><astnode id="149" label="NameType" name="ptrArrArrInt"><location loc="61.78 - 61.89"/></astnode></astnode></astnode></astnode></astnode><astnode id="158" label="TypDefn" name="funIntToInt"><location loc="67.1 - 67.29"/><astnode id="156" label="FunType"><location loc="67.19 - 67.29"/><astnode id="157" label="Nodes&lt;Type&gt;"><location loc="67.20 - 67.22"/><astnode id="154" label="AtomType" name="INT"><location loc="67.20 - 67.22"/></astnode></astnode><astnode id="155" label="AtomType" name="INT"><location loc="67.27 - 67.29"/></astnode></astnode></astnode><astnode id="164" label="TypDefn" name="funSteviloarrPtrIntToVoid"><location loc="68.1 - 68.56"/><astnode id="162" label="FunType"><location loc="68.33 - 68.56"/><astnode id="163" label="Nodes&lt;Type&gt;"><location loc="68.34 - 68.48"/><astnode id="159" label="NameType" name="stevilo"><location loc="68.34 - 68.40"/></astnode><astnode id="160" label="NameType" name="ptrInt"><location loc="68.43 - 68.48"/></astnode></astnode><astnode id="161" label="AtomType" name="VOID"><location loc="68.53 - 68.56"/></astnode></astnode></astnode><astnode id="170" label="TypDefn" name="funSteviloPtrPtrPtrIntToVoid"><location loc="69.1 - 69.70"/><astnode id="168" label="FunType"><location loc="69.36 - 69.70"/><astnode id="169" label="Nodes&lt;Type&gt;"><location loc="69.37 - 69.62"/><astnode id="165" label="NameType" name="stevilo"><location loc="69.37 - 69.43"/></astnode><astnode id="166" label="NameType" name="ptrPtrIntIndirect"><location loc="69.46 - 69.62"/></astnode></astnode><astnode id="167" label="AtomType" name="VOID"><location loc="69.67 - 69.70"/></astnode></astnode></astnode><astnode id="188" label="TypDefn" name="funFunIntToArrArrIntToFunLogicnaToPtrUnionChar"><location loc="70.1 - 70.101"/><astnode id="186" label="FunType"><location loc="70.54 - 70.101"/><astnode id="187" label="Nodes&lt;Type&gt;"><location loc="70.55 - 70.72"/><astnode id="176" label="FunType"><location loc="70.55 - 70.72"/><astnode id="177" label="Nodes&lt;Type&gt;"><location loc="70.56 - 70.58"/><astnode id="171" label="AtomType" name="INT"><location loc="70.56 - 70.58"/></astnode></astnode><astnode id="175" label="PtrType"><location loc="70.63 - 70.72"/><astnode id="174" label="ArrType" name="ArrType[1]"><location loc="70.64 - 70.72"/><astnode id="173" label="ArrType" name="ArrType[1]"><location loc="70.67 - 70.72"/><astnode id="172" label="AtomType" name="INT"><location loc="70.70 - 70.72"/></astnode></astnode></astnode></astnode></astnode></astnode><astnode id="184" label="FunType"><location loc="70.77 - 70.101"/><astnode id="185" label="Nodes&lt;Type&gt;"><location loc="70.78 - 70.84"/><astnode id="178" label="NameType" name="logicna"><location loc="70.78 - 70.84"/></astnode></astnode><astnode id="183" label="PtrType"><location loc="70.88 - 70.101"/><astnode id="181" label="UniType"><location loc="70.89 - 70.101"/><astnode id="182" label="Nodes&lt;CompDefn&gt;"><location loc="70.90 - 70.100"/><astnode id="180" label="CompDefn" name="comp1"><location loc="70.90 - 70.100"/><astnode id="179" label="AtomType" name="CHAR"><location loc="70.97 - 70.100"/></astnode></astnode></astnode></astnode></astnode></astnode></astnode></astnode><astnode id="190" label="VarDefn" name="varInt"><location loc="82.1 - 82.16"/><astnode id="189" label="AtomType" name="INT"><location loc="82.14 - 82.16"/></astnode></astnode><astnode id="192" label="VarDefn" name="varLogicna"><location loc="83.1 - 83.24"/><astnode id="191" label="NameType" name="logicna"><location loc="83.18 - 83.24"/></astnode></astnode><astnode id="194" label="VarDefn" name="varPtrInt"><location loc="84.1 - 84.22"/><astnode id="193" label="NameType" name="ptrInt"><location loc="84.17 - 84.22"/></astnode></astnode><astnode id="196" label="VarDefn" name="varPtrCrka"><location loc="85.1 - 85.24"/><astnode id="195" label="NameType" name="ptrCrka"><location loc="85.18 - 85.24"/></astnode></astnode><astnode id="198" label="VarDefn" name="varPtrArrArrIntIndirect"><location loc="86.1 - 86.50"/><astnode id="197" label="NameType" name="ptrArrArrIntIndirect"><location loc="86.31 - 86.50"/></astnode></astnode><astnode id="200" label="VarDefn" name="varArrLogicna"><location loc="87.1 - 87.30"/><astnode id="199" label="NameType" name="arrLogicna"><location loc="87.21 - 87.30"/></astnode></astnode><astnode id="202" label="VarDefn" name="varStructIntChar"><location loc="88.1 - 88.36"/><astnode id="201" label="NameType" name="structIntChar"><location loc="88.24 - 88.36"/></astnode></astnode><astnode id="204" label="VarDefn" name="varStructMultiLevel"><location loc="89.1 - 89.42"/><astnode id="203" label="NameType" name="structMultiLevel"><location loc="89.27 - 89.42"/></astnode></astnode><astnode id="206" label="VarDefn" name="varFunIntToInt"><location loc="90.1 - 90.32"/><astnode id="205" label="NameType" name="funIntToInt"><location loc="90.22 - 90.32"/></astnode></astnode><astnode id="361" label="DefFunDefn" name="funAllGood"><location loc="96.1 - 125.33"/><astnode id="362" label="Nodes&lt;ParDefn&gt;"><location loc="96.16 - 96.52"/><astnode id="208" label="ParDefn" name="par1"><location loc="96.16 - 96.24"/><astnode id="207" label="AtomType" name="INT"><location loc="96.22 - 96.24"/></astnode></astnode><astnode id="210" label="ParDefn" name="par2"><location loc="96.27 - 96.38"/><astnode id="209" label="NameType" name="ptrInt"><location loc="96.33 - 96.38"/></astnode></astnode><astnode id="212" label="ParDefn" name="par3"><location loc="96.41 - 96.52"/><astnode id="211" label="NameType" name="ptrInt"><location loc="96.47 - 96.52"/></astnode></astnode></astnode><astnode id="363" label="Nodes&lt;Stmt&gt;"><location loc="97.5 - 125.33"/><astnode id="216" label="AssignStmt"><location loc="97.5 - 97.14"/><astnode id="214" label="NameExpr" name="varInt"><location loc="97.5 - 97.10"/></astnode><astnode id="215" label="AtomExpr" name="1"><location loc="97.14 - 97.14"/></astnode></astnode><astnode id="219" label="AssignStmt"><location loc="98.5 - 98.17"/><astnode id="217" label="NameExpr" name="par1"><location loc="98.5 - 98.8"/></astnode><astnode id="218" label="NameExpr" name="varInt"><location loc="98.12 - 98.17"/></astnode></astnode><astnode id="222" label="AssignStmt"><location loc="99.5 - 99.17"/><astnode id="220" label="NameExpr" name="varInt"><location loc="99.5 - 99.10"/></astnode><astnode id="221" label="NameExpr" name="par1"><location loc="99.14 - 99.17"/></astnode></astnode><astnode id="225" label="AssignStmt"><location loc="100.5 - 100.15"/><astnode id="223" label="NameExpr" name="par2"><location loc="100.5 - 100.8"/></astnode><astnode id="224" label="NameExpr" name="par3"><location loc="100.12 - 100.15"/></astnode></astnode><astnode id="230" label="AssignStmt"><location loc="101.5 - 101.27"/><astnode id="228" label="ArrExpr"><location loc="101.5 - 101.20"/><astnode id="226" label="NameExpr" name="varArrLogicna"><location loc="101.5 - 101.17"/></astnode><astnode id="227" label="AtomExpr" name="0"><location loc="101.19 - 101.19"/></astnode></astnode><astnode id="229" label="AtomExpr" name="true"><location loc="101.24 - 101.27"/></astnode></astnode><astnode id="234" label="AssignStmt"><location loc="102.5 - 102.30"/><astnode id="232" label="CompExpr" name=".comp1"><location loc="102.5 - 102.26"/><astnode id="231" label="NameExpr" name="varStructIntChar"><location loc="102.5 - 102.20"/></astnode></astnode><astnode id="233" label="AtomExpr" name="1"><location loc="102.30 - 102.30"/></astnode></astnode><astnode id="239" label="AssignStmt"><location loc="103.5 - 103.39"/><astnode id="237" label="CompExpr" name=".comp1"><location loc="103.5 - 103.35"/><astnode id="236" label="CompExpr" name=".comp1"><location loc="103.5 - 103.29"/><astnode id="235" label="NameExpr" name="varStructMultiLevel"><location loc="103.5 - 103.23"/></astnode></astnode></astnode><astnode id="238" label="AtomExpr" name="2"><location loc="103.39 - 103.39"/></astnode></astnode><astnode id="245" label="AssignStmt"><location loc="104.5 - 104.47"/><astnode id="243" label="CompExpr" name=".comp2"><location loc="104.5 - 104.41"/><astnode id="242" label="CompExpr" name=".comp2"><location loc="104.5 - 104.35"/><astnode id="241" label="CompExpr" name=".comp1"><location loc="104.5 - 104.29"/><astnode id="240" label="NameExpr" name="varStructMultiLevel"><location loc="104.5 - 104.23"/></astnode></astnode></astnode></astnode><astnode id="244" label="AtomExpr" name="'a'"><location loc="104.45 - 104.47"/></astnode></astnode><astnode id="247" label="ReturnStmt"><location loc="106.5 - 106.12"/><astnode id="246" label="AtomExpr" name="1"><location loc="106.12 - 106.12"/></astnode></astnode><astnode id="249" label="ReturnStmt"><location loc="107.5 - 107.17"/><astnode id="248" label="NameExpr" name="varInt"><location loc="107.12 - 107.17"/></astnode></astnode><astnode id="251" label="ReturnStmt"><location loc="108.5 - 108.15"/><astnode id="250" label="NameExpr" name="par1"><location loc="108.12 - 108.15"/></astnode></astnode><astnode id="254" label="ReturnStmt"><location loc="109.5 - 109.21"/><astnode id="253" label="SfxExpr" name="PTR"><location loc="109.12 - 109.21"/><astnode id="252" label="NameExpr" name="varPtrInt"><location loc="109.12 - 109.20"/></astnode></astnode></astnode><astnode id="257" label="ReturnStmt"><location loc="110.5 - 110.24"/><astnode id="256" label="SizeExpr"><location loc="110.12 - 110.24"/><astnode id="255" label="NameType" name="ptrInt"><location loc="110.19 - 110.24"/></astnode></astnode></astnode><astnode id="260" label="ReturnStmt"><location loc="111.5 - 111.37"/><astnode id="259" label="SizeExpr"><location loc="111.12 - 111.37"/><astnode id="258" label="NameType" name="structRecursive2Ptr"><location loc="111.19 - 111.37"/></astnode></astnode></astnode><astnode id="267" label="WhileStmt"><location loc="113.5 - 113.36"/><astnode id="261" label="AtomExpr" name="true"><location loc="113.11 - 113.14"/></astnode><astnode id="268" label="Nodes&lt;Stmt&gt;"><location loc="113.20 - 113.32"/><astnode id="266" label="AssignStmt"><location loc="113.20 - 113.32"/><astnode id="264" label="SfxExpr" name="PTR"><location loc="113.20 - 113.28"/><astnode id="263" label="PfxExpr" name="PTR"><location loc="113.20 - 113.26"/><astnode id="262" label="NameExpr" name="varInt"><location loc="113.21 - 113.26"/></astnode></astnode></astnode><astnode id="265" label="AtomExpr" name="1"><location loc="113.32 - 113.32"/></astnode></astnode></astnode></astnode><astnode id="275" label="WhileStmt"><location loc="114.5 - 114.42"/><astnode id="269" label="NameExpr" name="varLogicna"><location loc="114.11 - 114.20"/></astnode><astnode id="276" label="Nodes&lt;Stmt&gt;"><location loc="114.26 - 114.38"/><astnode id="274" label="AssignStmt"><location loc="114.26 - 114.38"/><astnode id="272" label="SfxExpr" name="PTR"><location loc="114.26 - 114.34"/><astnode id="271" label="PfxExpr" name="PTR"><location loc="114.26 - 114.32"/><astnode id="270" label="NameExpr" name="varInt"><location loc="114.27 - 114.32"/></astnode></astnode></astnode><astnode id="273" label="AtomExpr" name="1"><location loc="114.38 - 114.38"/></astnode></astnode></astnode></astnode><astnode id="283" label="IfThenStmt"><location loc="116.5 - 116.39"/><astnode id="278" label="PfxExpr" name="NOT"><location loc="116.8 - 116.18"/><astnode id="277" label="NameExpr" name="varLogicna"><location loc="116.9 - 116.18"/></astnode></astnode><astnode id="284" label="Nodes&lt;Stmt&gt;"><location loc="116.25 - 116.35"/><astnode id="282" label="AssignStmt"><location loc="116.25 - 116.35"/><astnode id="279" label="NameExpr" name="varInt"><location loc="116.25 - 116.30"/></astnode><astnode id="281" label="PfxExpr" name="ADD"><location loc="116.34 - 116.35"/><astnode id="280" label="AtomExpr" name="2"><location loc="116.35 - 116.35"/></astnode></astnode></astnode></astnode></astnode><astnode id="292" label="IfThenStmt"><location loc="117.5 - 117.45"/><astnode id="287" label="BinExpr" name="AND"><location loc="117.8 - 117.24"/><astnode id="285" label="AtomExpr" name="true"><location loc="117.8 - 117.11"/></astnode><astnode id="286" label="NameExpr" name="varLogicna"><location loc="117.15 - 117.24"/></astnode></astnode><astnode id="293" label="Nodes&lt;Stmt&gt;"><location loc="117.31 - 117.41"/><astnode id="291" label="AssignStmt"><location loc="117.31 - 117.41"/><astnode id="288" label="NameExpr" name="varInt"><location loc="117.31 - 117.36"/></astnode><astnode id="290" label="PfxExpr" name="ADD"><location loc="117.40 - 117.41"/><astnode id="289" label="AtomExpr" name="2"><location loc="117.41 - 117.41"/></astnode></astnode></astnode></astnode></astnode><astnode id="301" label="IfThenStmt"><location loc="118.5 - 118.46"/><astnode id="296" label="BinExpr" name="OR"><location loc="118.8 - 118.25"/><astnode id="294" label="NameExpr" name="varLogicna"><location loc="118.8 - 118.17"/></astnode><astnode id="295" label="AtomExpr" name="false"><location loc="118.21 - 118.25"/></astnode></astnode><astnode id="302" label="Nodes&lt;Stmt&gt;"><location loc="118.32 - 118.42"/><astnode id="300" label="AssignStmt"><location loc="118.32 - 118.42"/><astnode id="297" label="NameExpr" name="varInt"><location loc="118.32 - 118.37"/></astnode><astnode id="299" label="PfxExpr" name="SUB"><location loc="118.41 - 118.42"/><astnode id="298" label="AtomExpr" name="2"><location loc="118.42 - 118.42"/></astnode></astnode></astnode></astnode></astnode><astnode id="311" label="IfThenStmt"><location loc="119.5 - 119.46"/><astnode id="305" label="BinExpr" name="EQU"><location loc="119.8 - 119.17"/><astnode id="303" label="AtomExpr" name="'a'"><location loc="119.8 - 119.10"/></astnode><astnode id="304" label="AtomExpr" name="'b'"><location loc="119.15 - 119.17"/></astnode></astnode><astnode id="312" label="Nodes&lt;Stmt&gt;"><location loc="119.24 - 119.42"/><astnode id="310" label="AssignStmt"><location loc="119.24 - 119.42"/><astnode id="306" label="NameExpr" name="varInt"><location loc="119.24 - 119.29"/></astnode><astnode id="309" label="BinExpr" name="MUL"><location loc="119.33 - 119.42"/><astnode id="307" label="NameExpr" name="varInt"><location loc="119.33 - 119.38"/></astnode><astnode id="308" label="AtomExpr" name="2"><location loc="119.42 - 119.42"/></astnode></astnode></astnode></astnode></astnode><astnode id="321" label="IfThenStmt"><location loc="120.5 - 120.53"/><astnode id="315" label="BinExpr" name="NEQ"><location loc="120.8 - 120.19"/><astnode id="313" label="NameExpr" name="varInt"><location loc="120.8 - 120.13"/></astnode><astnode id="314" label="AtomExpr" name="10"><location loc="120.18 - 120.19"/></astnode></astnode><astnode id="322" label="Nodes&lt;Stmt&gt;"><location loc="120.26 - 120.49"/><astnode id="320" label="AssignStmt"><location loc="120.26 - 120.49"/><astnode id="316" label="NameExpr" name="varInt"><location loc="120.26 - 120.31"/></astnode><astnode id="319" label="BinExpr" name="DIV"><location loc="120.35 - 120.49"/><astnode id="317" label="NameExpr" name="varInt"><location loc="120.35 - 120.40"/></astnode><astnode id="318" label="NameExpr" name="varInt"><location loc="120.44 - 120.49"/></astnode></astnode></astnode></astnode></astnode><astnode id="331" label="IfThenStmt"><location loc="121.5 - 121.53"/><astnode id="325" label="BinExpr" name="NEQ"><location loc="121.8 - 121.19"/><astnode id="323" label="AtomExpr" name="10"><location loc="121.8 - 121.9"/></astnode><astnode id="324" label="NameExpr" name="varInt"><location loc="121.14 - 121.19"/></astnode></astnode><astnode id="332" label="Nodes&lt;Stmt&gt;"><location loc="121.26 - 121.49"/><astnode id="330" label="AssignStmt"><location loc="121.26 - 121.49"/><astnode id="326" label="NameExpr" name="varInt"><location loc="121.26 - 121.31"/></astnode><astnode id="329" label="BinExpr" name="MOD"><location loc="121.35 - 121.49"/><astnode id="327" label="NameExpr" name="varInt"><location loc="121.35 - 121.40"/></astnode><astnode id="328" label="NameExpr" name="varInt"><location loc="121.44 - 121.49"/></astnode></astnode></astnode></astnode></astnode><astnode id="342" label="IfThenStmt"><location loc="122.5 - 122.68"/><astnode id="336" label="BinExpr" name="GTH"><location loc="122.8 - 122.34"/><astnode id="334" label="CompExpr" name=".comp1"><location loc="122.8 - 122.29"/><astnode id="333" label="NameExpr" name="varStructIntChar"><location loc="122.8 - 122.23"/></astnode></astnode><astnode id="335" label="AtomExpr" name="10"><location loc="122.33 - 122.34"/></astnode></astnode><astnode id="343" label="Nodes&lt;Stmt&gt;"><location loc="122.41 - 122.64"/><astnode id="341" label="AssignStmt"><location loc="122.41 - 122.64"/><astnode id="337" label="NameExpr" name="varInt"><location loc="122.41 - 122.46"/></astnode><astnode id="340" label="BinExpr" name="ADD"><location loc="122.50 - 122.64"/><astnode id="338" label="NameExpr" name="varInt"><location loc="122.50 - 122.55"/></astnode><astnode id="339" label="NameExpr" name="varInt"><location loc="122.59 - 122.64"/></astnode></astnode></astnode></astnode></astnode><astnode id="355" label="IfThenStmt"><location loc="123.5 - 123.69"/><astnode id="349" label="BinExpr" name="LEQ"><location loc="123.8 - 123.35"/><astnode id="346" label="CallExpr"><location loc="123.8 - 123.25"/><astnode id="344" label="NameExpr" name="varFunIntToInt"><location loc="123.8 - 123.21"/></astnode><astnode id="347" label="Nodes&lt;Expr&gt;"><location loc="123.23 - 123.24"/><astnode id="345" label="AtomExpr" name="10"><location loc="123.23 - 123.24"/></astnode></astnode></astnode><astnode id="348" label="NameExpr" name="varInt"><location loc="123.30 - 123.35"/></astnode></astnode><astnode id="356" label="Nodes&lt;Stmt&gt;"><location loc="123.42 - 123.65"/><astnode id="354" label="AssignStmt"><location loc="123.42 - 123.65"/><astnode id="350" label="NameExpr" name="varInt"><location loc="123.42 - 123.47"/></astnode><astnode id="353" label="BinExpr" name="SUB"><location loc="123.51 - 123.65"/><astnode id="351" label="NameExpr" name="varInt"><location loc="123.51 - 123.56"/></astnode><astnode id="352" label="NameExpr" name="varInt"><location loc="123.60 - 123.65"/></astnode></astnode></astnode></astnode></astnode><astnode id="360" label="ReturnStmt"><location loc="125.5 - 125.33"/><astnode id="359" label="CastExpr"><location loc="125.12 - 125.33"/><astnode id="357" label="NameExpr" name="varFunIntToInt"><location loc="125.13 - 125.26"/></astnode><astnode id="358" label="AtomType" name="INT"><location loc="125.30 - 125.32"/></astnode></astnode></astnode></astnode><astnode id="213" label="AtomType" name="INT"><location loc="96.57 - 96.59"/></astnode></astnode><astnode id="373" label="DefFunDefn" name="funAllBad"><location loc="128.1 - 142.12"/><astnode id="374" label="Nodes&lt;ParDefn&gt;"><location loc="128.15 - 128.51"/><astnode id="365" label="ParDefn" name="par1"><location loc="128.15 - 128.23"/><astnode id="364" label="AtomType" name="INT"><location loc="128.21 - 128.23"/></astnode></astnode><astnode id="367" label="ParDefn" name="par2"><location loc="128.26 - 128.37"/><astnode id="366" label="NameType" name="ptrInt"><location loc="128.32 - 128.37"/></astnode></astnode><astnode id="369" label="ParDefn" name="par3"><location loc="128.40 - 128.51"/><astnode id="368" label="NameType" name="ptrInt"><location loc="128.46 - 128.51"/></astnode></astnode></astnode><astnode id="375" label="Nodes&lt;Stmt&gt;"><location loc="142.5 - 142.12"/><astnode id="372" label="ReturnStmt"><location loc="142.5 - 142.12"/><astnode id="371" label="AtomExpr" name="1"><location loc="142.12 - 142.12"/></astnode></astnode></astnode><astnode id="370" label="AtomType" name="INT"><location loc="128.56 - 128.58"/></astnode></astnode><astnode id="387" label="DefFunDefn" name="main"><location loc="144.1 - 150.7"/><astnode id="388" label="Nodes&lt;ParDefn&gt;"><location loc="0.0 - 0.0"/></astnode><astnode id="389" label="Nodes&lt;Stmt&gt;"><location loc="145.5 - 150.7"/><astnode id="384" label="LetStmt"><location loc="145.5 - 150.7"/><astnode id="385" label="Nodes&lt;Defn&gt;"><location loc="146.9 - 146.21"/><astnode id="378" label="VarDefn" name="var1"><location loc="146.9 - 146.21"/><astnode id="377" label="AtomType" name="INT"><location loc="146.19 - 146.21"/></astnode></astnode></astnode><astnode id="386" label="Nodes&lt;Stmt&gt;"><location loc="148.9 - 149.16"/><astnode id="381" label="AssignStmt"><location loc="148.9 - 148.16"/><astnode id="379" label="NameExpr" name="var1"><location loc="148.9 - 148.12"/></astnode><astnode id="380" label="AtomExpr" name="1"><location loc="148.16 - 148.16"/></astnode></astnode><astnode id="383" label="ReturnStmt"><location loc="149.9 - 149.16"/><astnode id="382" label="AtomExpr" name="1"><location loc="149.16 - 149.16"/></astnode></astnode></astnode></astnode></astnode><astnode id="376" label="AtomType" name="INT"><location loc="144.14 - 144.16"/></astnode></astnode></astnode></abstr>