<?xml version="1.0" encoding="UTF-8" standalone="no"?><?xml-stylesheet type="text/xsl" href="../lib/xsl/lexan.xsl"?><lexan><token kind="TYP" lexeme="typ"><location loc="1.1 - 1.3"/></token><token kind="IDENTIFIER" lexeme="a"><location loc="1.5 - 1.5"/></token><token kind="ASSIGNMENT" lexeme="="><location loc="1.7 - 1.7"/></token><token kind="LBRACE" lexeme="{"><location loc="1.9 - 1.9"/></token><token kind="IDENTIFIER" lexeme="x"><location loc="1.11 - 1.11"/></token><token kind="COLON" lexeme=":"><location loc="1.13 - 1.13"/></token><token kind="IDENTIFIER" lexeme="b"><location loc="1.15 - 1.15"/></token><token kind="RBRACE" lexeme="}"><location loc="1.17 - 1.17"/></token><token kind="TYP" lexeme="typ"><location loc="2.1 - 2.3"/></token><token kind="IDENTIFIER" lexeme="b"><location loc="2.5 - 2.5"/></token><token kind="ASSIGNMENT" lexeme="="><location loc="2.7 - 2.7"/></token><token kind="LBRACE" lexeme="{"><location loc="2.9 - 2.9"/></token><token kind="IDENTIFIER" lexeme="y"><location loc="2.11 - 2.11"/></token><token kind="COLON" lexeme=":"><location loc="2.13 - 2.13"/></token><token kind="IDENTIFIER" lexeme="a"><location loc="2.15 - 2.15"/></token><token kind="RBRACE" lexeme="}"><location loc="2.17 - 2.17"/></token><token kind="TYP" lexeme="typ"><location loc="3.1 - 3.3"/></token><token kind="IDENTIFIER" lexeme="Integer"><location loc="3.5 - 3.11"/></token><token kind="ASSIGNMENT" lexeme="="><location loc="3.13 - 3.13"/></token><token kind="INT" lexeme="int"><location loc="3.15 - 3.17"/></token><token kind="EOF" lexeme=""/></lexan>