<?xml version="1.0" encoding="UTF-8" standalone="no"?><?xml-stylesheet type="text/xsl" href="../lib/xsl/lexan.xsl"?><lexan><token kind="VAR" lexeme="var"><location loc="3.1 - 3.3"/></token><token kind="IDENTIFIER" lexeme="crkaPredTipom"><location loc="3.5 - 3.17"/></token><token kind="COLON" lexeme=":"><location loc="3.19 - 3.19"/></token><token kind="IDENTIFIER" lexeme="crka"><location loc="3.21 - 3.24"/></token><token kind="TYP" lexeme="typ"><location loc="6.1 - 6.3"/></token><token kind="IDENTIFIER" lexeme="stevilo"><location loc="6.5 - 6.11"/></token><token kind="ASSIGNMENT" lexeme="="><location loc="6.13 - 6.13"/></token><token kind="INT" lexeme="int"><location loc="6.15 - 6.17"/></token><token kind="TYP" lexeme="typ"><location loc="7.1 - 7.3"/></token><token kind="IDENTIFIER" lexeme="crka"><location loc="7.5 - 7.8"/></token><token kind="ASSIGNMENT" lexeme="="><location loc="7.10 - 7.10"/></token><token kind="CHAR" lexeme="char"><location loc="7.12 - 7.15"/></token><token kind="TYP" lexeme="typ"><location loc="8.1 - 8.3"/></token><token kind="IDENTIFIER" lexeme="logicna"><location loc="8.5 - 8.11"/></token><token kind="ASSIGNMENT" lexeme="="><location loc="8.13 - 8.13"/></token><token kind="BOOL" lexeme="bool"><location loc="8.15 - 8.18"/></token><token kind="TYP" lexeme="typ"><location loc="9.1 - 9.3"/></token><token kind="IDENTIFIER" lexeme="praznina"><location loc="9.5 - 9.12"/></token><token kind="ASSIGNMENT" lexeme="="><location loc="9.14 - 9.14"/></token><token kind="VOID" lexeme="void"><location loc="9.16 - 9.19"/></token><token kind="TYP" lexeme="typ"><location loc="13.1 - 13.3"/></token><token kind="IDENTIFIER" lexeme="ptrInt"><location loc="13.5 - 13.10"/></token><token kind="ASSIGNMENT" lexeme="="><location loc="13.12 - 13.12"/></token><token kind="POW" lexeme="^"><location loc="13.14 - 13.14"/></token><token kind="INT" lexeme="int"><location loc="13.15 - 13.17"/></token><token kind="TYP" lexeme="typ"><location loc="14.1 - 14.3"/></token><token kind="IDENTIFIER" lexeme="ptrChar"><location loc="14.5 - 14.11"/></token><token kind="ASSIGNMENT" lexeme="="><location loc="14.13 - 14.13"/></token><token kind="POW" lexeme="^"><location loc="14.15 - 14.15"/></token><token kind="CHAR" lexeme="char"><location loc="14.16 - 14.19"/></token><token kind="TYP" lexeme="typ"><location loc="15.1 - 15.3"/></token><token kind="IDENTIFIER" lexeme="ptrBool"><location loc="15.5 - 15.11"/></token><token kind="ASSIGNMENT" lexeme="="><location loc="15.13 - 15.13"/></token><token kind="POW" lexeme="^"><location loc="15.15 - 15.15"/></token><token kind="BOOL" lexeme="bool"><location loc="15.16 - 15.19"/></token><token kind="TYP" lexeme="typ"><location loc="16.1 - 16.3"/></token><token kind="IDENTIFIER" lexeme="ptrCrka"><location loc="16.5 - 16.11"/></token><token kind="ASSIGNMENT" lexeme="="><location loc="16.13 - 16.13"/></token><token kind="POW" lexeme="^"><location loc="16.15 - 16.15"/></token><token kind="IDENTIFIER" lexeme="crka"><location loc="16.16 - 16.19"/></token><token kind="TYP" lexeme="typ"><location loc="18.1 - 18.3"/></token><token kind="IDENTIFIER" lexeme="ptrPtrInt"><location loc="18.5 - 18.13"/></token><token kind="ASSIGNMENT" lexeme="="><location loc="18.15 - 18.15"/></token><token kind="POW" lexeme="^"><location loc="18.17 - 18.17"/></token><token kind="POW" lexeme="^"><location loc="18.18 - 18.18"/></token><token kind="INT" lexeme="int"><location loc="18.19 - 18.21"/></token><token kind="TYP" lexeme="typ"><location loc="19.1 - 19.3"/></token><token kind="IDENTIFIER" lexeme="ptrPtrStevilo"><location loc="19.5 - 19.17"/></token><token kind="ASSIGNMENT" lexeme="="><location loc="19.19 - 19.19"/></token><token kind="POW" lexeme="^"><location loc="19.21 - 19.21"/></token><token kind="POW" lexeme="^"><location loc="19.22 - 19.22"/></token><token kind="IDENTIFIER" lexeme="stevilo"><location loc="19.23 - 19.29"/></token><token kind="TYP" lexeme="typ"><location loc="20.1 - 20.3"/></token><token kind="IDENTIFIER" lexeme="ptrPtrIntIndirect"><location loc="20.5 - 20.21"/></token><token kind="ASSIGNMENT" lexeme="="><location loc="20.23 - 20.23"/></token><token kind="POW" lexeme="^"><location loc="20.25 - 20.25"/></token><token kind="IDENTIFIER" lexeme="ptrInt"><location loc="20.26 - 20.31"/></token><token kind="TYP" lexeme="typ"><location loc="21.1 - 21.3"/></token><token kind="IDENTIFIER" lexeme="ptrArrInt"><location loc="21.5 - 21.13"/></token><token kind="ASSIGNMENT" lexeme="="><location loc="21.15 - 21.15"/></token><token kind="POW" lexeme="^"><location loc="21.17 - 21.17"/></token><token kind="LBRACKET" lexeme="["><location loc="21.18 - 21.18"/></token><token kind="INTCONST" lexeme="1"><location loc="21.19 - 21.19"/></token><token kind="RBRACKET" lexeme="]"><location loc="21.20 - 21.20"/></token><token kind="INT" lexeme="int"><location loc="21.21 - 21.23"/></token><token kind="TYP" lexeme="typ"><location loc="22.1 - 22.3"/></token><token kind="IDENTIFIER" lexeme="ptrArrIntIndirect"><location loc="22.5 - 22.21"/></token><token kind="ASSIGNMENT" lexeme="="><location loc="22.23 - 22.23"/></token><token kind="POW" lexeme="^"><location loc="22.25 - 22.25"/></token><token kind="LBRACKET" lexeme="["><location loc="22.26 - 22.26"/></token><token kind="INTCONST" lexeme="1"><location loc="22.27 - 22.27"/></token><token kind="RBRACKET" lexeme="]"><location loc="22.28 - 22.28"/></token><token kind="IDENTIFIER" lexeme="stevilo"><location loc="22.29 - 22.35"/></token><token kind="TYP" lexeme="typ"><location loc="23.1 - 23.3"/></token><token kind="IDENTIFIER" lexeme="ptrArrArrInt"><location loc="23.5 - 23.16"/></token><token kind="ASSIGNMENT" lexeme="="><location loc="23.18 - 23.18"/></token><token kind="POW" lexeme="^"><location loc="23.20 - 23.20"/></token><token kind="LBRACKET" lexeme="["><location loc="23.21 - 23.21"/></token><token kind="INTCONST" lexeme="1"><location loc="23.22 - 23.22"/></token><token kind="RBRACKET" lexeme="]"><location loc="23.23 - 23.23"/></token><token kind="LBRACKET" lexeme="["><location loc="23.24 - 23.24"/></token><token kind="INTCONST" lexeme="1"><location loc="23.25 - 23.25"/></token><token kind="RBRACKET" lexeme="]"><location loc="23.26 - 23.26"/></token><token kind="INT" lexeme="int"><location loc="23.27 - 23.29"/></token><token kind="TYP" lexeme="typ"><location loc="24.1 - 24.3"/></token><token kind="IDENTIFIER" lexeme="ptrArrArrIntIndirect"><location loc="24.5 - 24.24"/></token><token kind="ASSIGNMENT" lexeme="="><location loc="24.26 - 24.26"/></token><token kind="POW" lexeme="^"><location loc="24.28 - 24.28"/></token><token kind="LBRACKET" lexeme="["><location loc="24.29 - 24.29"/></token><token kind="INTCONST" lexeme="1"><location loc="24.30 - 24.30"/></token><token kind="RBRACKET" lexeme="]"><location loc="24.31 - 24.31"/></token><token kind="IDENTIFIER" lexeme="arrInt"><location loc="24.32 - 24.37"/></token><token kind="TYP" lexeme="typ"><location loc="31.1 - 31.3"/></token><token kind="IDENTIFIER" lexeme="arrInt"><location loc="31.5 - 31.10"/></token><token kind="ASSIGNMENT" lexeme="="><location loc="31.12 - 31.12"/></token><token kind="LBRACKET" lexeme="["><location loc="31.14 - 31.14"/></token><token kind="INTCONST" lexeme="1"><location loc="31.15 - 31.15"/></token><token kind="RBRACKET" lexeme="]"><location loc="31.16 - 31.16"/></token><token kind="INT" lexeme="int"><location loc="31.17 - 31.19"/></token><token kind="TYP" lexeme="typ"><location loc="32.1 - 32.3"/></token><token kind="IDENTIFIER" lexeme="arrChar"><location loc="32.5 - 32.11"/></token><token kind="ASSIGNMENT" lexeme="="><location loc="32.13 - 32.13"/></token><token kind="LBRACKET" lexeme="["><location loc="32.15 - 32.15"/></token><token kind="INTCONST" lexeme="1"><location loc="32.16 - 32.16"/></token><token kind="RBRACKET" lexeme="]"><location loc="32.17 - 32.17"/></token><token kind="CHAR" lexeme="char"><location loc="32.18 - 32.21"/></token><token kind="TYP" lexeme="typ"><location loc="33.1 - 33.3"/></token><token kind="IDENTIFIER" lexeme="arrBool"><location loc="33.5 - 33.11"/></token><token kind="ASSIGNMENT" lexeme="="><location loc="33.13 - 33.13"/></token><token kind="LBRACKET" lexeme="["><location loc="33.15 - 33.15"/></token><token kind="INTCONST" lexeme="1"><location loc="33.16 - 33.16"/></token><token kind="RBRACKET" lexeme="]"><location loc="33.17 - 33.17"/></token><token kind="BOOL" lexeme="bool"><location loc="33.18 - 33.21"/></token><token kind="TYP" lexeme="typ"><location loc="34.1 - 34.3"/></token><token kind="IDENTIFIER" lexeme="arrLogicna"><location loc="34.5 - 34.14"/></token><token kind="ASSIGNMENT" lexeme="="><location loc="34.16 - 34.16"/></token><token kind="LBRACKET" lexeme="["><location loc="34.18 - 34.18"/></token><token kind="INTCONST" lexeme="1"><location loc="34.19 - 34.19"/></token><token kind="RBRACKET" lexeme="]"><location loc="34.20 - 34.20"/></token><token kind="IDENTIFIER" lexeme="logicna"><location loc="34.21 - 34.27"/></token><token kind="TYP" lexeme="typ"><location loc="36.1 - 36.3"/></token><token kind="IDENTIFIER" lexeme="arrPtrInt"><location loc="36.5 - 36.13"/></token><token kind="ASSIGNMENT" lexeme="="><location loc="36.15 - 36.15"/></token><token kind="LBRACKET" lexeme="["><location loc="36.17 - 36.17"/></token><token kind="INTCONST" lexeme="1"><location loc="36.18 - 36.18"/></token><token kind="RBRACKET" lexeme="]"><location loc="36.19 - 36.19"/></token><token kind="POW" lexeme="^"><location loc="36.20 - 36.20"/></token><token kind="INT" lexeme="int"><location loc="36.21 - 36.23"/></token><token kind="TYP" lexeme="typ"><location loc="37.1 - 37.3"/></token><token kind="IDENTIFIER" lexeme="arrPtrIntIndirect"><location loc="37.5 - 37.21"/></token><token kind="ASSIGNMENT" lexeme="="><location loc="37.23 - 37.23"/></token><token kind="LBRACKET" lexeme="["><location loc="37.25 - 37.25"/></token><token kind="INTCONST" lexeme="1"><location loc="37.26 - 37.26"/></token><token kind="RBRACKET" lexeme="]"><location loc="37.27 - 37.27"/></token><token kind="IDENTIFIER" lexeme="ptrInt"><location loc="37.28 - 37.33"/></token><token kind="TYP" lexeme="typ"><location loc="38.1 - 38.3"/></token><token kind="IDENTIFIER" lexeme="arrArrInt"><location loc="38.5 - 38.13"/></token><token kind="ASSIGNMENT" lexeme="="><location loc="38.15 - 38.15"/></token><token kind="LBRACKET" lexeme="["><location loc="38.17 - 38.17"/></token><token kind="INTCONST" lexeme="1"><location loc="38.18 - 38.18"/></token><token kind="RBRACKET" lexeme="]"><location loc="38.19 - 38.19"/></token><token kind="LBRACKET" lexeme="["><location loc="38.20 - 38.20"/></token><token kind="INTCONST" lexeme="1"><location loc="38.21 - 38.21"/></token><token kind="RBRACKET" lexeme="]"><location loc="38.22 - 38.22"/></token><token kind="INT" lexeme="int"><location loc="38.23 - 38.25"/></token><token kind="TYP" lexeme="typ"><location loc="46.1 - 46.3"/></token><token kind="IDENTIFIER" lexeme="structInt"><location loc="46.5 - 46.13"/></token><token kind="ASSIGNMENT" lexeme="="><location loc="46.15 - 46.15"/></token><token kind="LT" lexeme="&lt;"><location loc="46.17 - 46.17"/></token><token kind="IDENTIFIER" lexeme="comp1"><location loc="46.19 - 46.23"/></token><token kind="COLON" lexeme=":"><location loc="46.24 - 46.24"/></token><token kind="INT" lexeme="int"><location loc="46.26 - 46.28"/></token><token kind="GT" lexeme="&gt;"><location loc="46.30 - 46.30"/></token><token kind="TYP" lexeme="typ"><location loc="47.1 - 47.3"/></token><token kind="IDENTIFIER" lexeme="structIntChar"><location loc="47.5 - 47.17"/></token><token kind="ASSIGNMENT" lexeme="="><location loc="47.19 - 47.19"/></token><token kind="LT" lexeme="&lt;"><location loc="47.21 - 47.21"/></token><token kind="IDENTIFIER" lexeme="comp1"><location loc="47.23 - 47.27"/></token><token kind="COLON" lexeme=":"><location loc="47.28 - 47.28"/></token><token kind="INT" lexeme="int"><location loc="47.30 - 47.32"/></token><token kind="COMMA" lexeme=","><location loc="47.33 - 47.33"/></token><token kind="IDENTIFIER" lexeme="comp2"><location loc="47.35 - 47.39"/></token><token kind="COLON" lexeme=":"><location loc="47.40 - 47.40"/></token><token kind="CHAR" lexeme="char"><location loc="47.42 - 47.45"/></token><token kind="GT" lexeme="&gt;"><location loc="47.47 - 47.47"/></token><token kind="TYP" lexeme="typ"><location loc="48.1 - 48.3"/></token><token kind="IDENTIFIER" lexeme="structSteviloArrIntPtrArrArrInt"><location loc="48.5 - 48.35"/></token><token kind="ASSIGNMENT" lexeme="="><location loc="48.37 - 48.37"/></token><token kind="LT" lexeme="&lt;"><location loc="48.39 - 48.39"/></token><token kind="IDENTIFIER" lexeme="comp1"><location loc="48.41 - 48.45"/></token><token kind="COLON" lexeme=":"><location loc="48.46 - 48.46"/></token><token kind="IDENTIFIER" lexeme="stevilo"><location loc="48.48 - 48.54"/></token><token kind="COMMA" lexeme=","><location loc="48.55 - 48.55"/></token><token kind="IDENTIFIER" lexeme="comp2"><location loc="48.57 - 48.61"/></token><token kind="COLON" lexeme=":"><location loc="48.62 - 48.62"/></token><token kind="IDENTIFIER" lexeme="arrInt"><location loc="48.64 - 48.69"/></token><token kind="COMMA" lexeme=","><location loc="48.70 - 48.70"/></token><token kind="IDENTIFIER" lexeme="comp3"><location loc="48.72 - 48.76"/></token><token kind="COLON" lexeme=":"><location loc="48.77 - 48.77"/></token><token kind="IDENTIFIER" lexeme="ptrArrArrInt"><location loc="48.79 - 48.90"/></token><token kind="GT" lexeme="&gt;"><location loc="48.92 - 48.92"/></token><token kind="TYP" lexeme="typ"><location loc="49.1 - 49.3"/></token><token kind="IDENTIFIER" lexeme="structMultiLevel"><location loc="49.5 - 49.20"/></token><token kind="ASSIGNMENT" lexeme="="><location loc="49.22 - 49.22"/></token><token kind="LT" lexeme="&lt;"><location loc="49.24 - 49.24"/></token><token kind="IDENTIFIER" lexeme="comp1"><location loc="49.26 - 49.30"/></token><token kind="COLON" lexeme=":"><location loc="49.31 - 49.31"/></token><token kind="LT" lexeme="&lt;"><location loc="49.33 - 49.33"/></token><token kind="IDENTIFIER" lexeme="comp1"><location loc="49.35 - 49.39"/></token><token kind="COLON" lexeme=":"><location loc="49.40 - 49.40"/></token><token kind="INT" lexeme="int"><location loc="49.42 - 49.44"/></token><token kind="COMMA" lexeme=","><location loc="49.45 - 49.45"/></token><token kind="IDENTIFIER" lexeme="comp2"><location loc="49.47 - 49.51"/></token><token kind="COLON" lexeme=":"><location loc="49.52 - 49.52"/></token><token kind="LT" lexeme="&lt;"><location loc="49.54 - 49.54"/></token><token kind="IDENTIFIER" lexeme="comp1"><location loc="49.56 - 49.60"/></token><token kind="COLON" lexeme=":"><location loc="49.61 - 49.61"/></token><token kind="INT" lexeme="int"><location loc="49.63 - 49.65"/></token><token kind="COMMA" lexeme=","><location loc="49.66 - 49.66"/></token><token kind="IDENTIFIER" lexeme="comp2"><location loc="49.68 - 49.72"/></token><token kind="COLON" lexeme=":"><location loc="49.73 - 49.73"/></token><token kind="CHAR" lexeme="char"><location loc="49.75 - 49.78"/></token><token kind="GT" lexeme="&gt;"><location loc="49.80 - 49.80"/></token><token kind="GT" lexeme="&gt;"><location loc="49.82 - 49.82"/></token><token kind="COMMA" lexeme=","><location loc="49.83 - 49.83"/></token><token kind="IDENTIFIER" lexeme="comp2"><location loc="49.85 - 49.89"/></token><token kind="COLON" lexeme=":"><location loc="49.90 - 49.90"/></token><token kind="CHAR" lexeme="char"><location loc="49.92 - 49.95"/></token><token kind="GT" lexeme="&gt;"><location loc="49.97 - 49.97"/></token><token kind="TYP" lexeme="typ"><location loc="50.1 - 50.3"/></token><token kind="IDENTIFIER" lexeme="structRecursive1Ptr"><location loc="50.5 - 50.23"/></token><token kind="ASSIGNMENT" lexeme="="><location loc="50.25 - 50.25"/></token><token kind="LT" lexeme="&lt;"><location loc="50.27 - 50.27"/></token><token kind="IDENTIFIER" lexeme="comp1"><location loc="50.29 - 50.33"/></token><token kind="COLON" lexeme=":"><location loc="50.34 - 50.34"/></token><token kind="POW" lexeme="^"><location loc="50.36 - 50.36"/></token><token kind="IDENTIFIER" lexeme="structRecursive2Ptr"><location loc="50.37 - 50.55"/></token><token kind="GT" lexeme="&gt;"><location loc="50.57 - 50.57"/></token><token kind="TYP" lexeme="typ"><location loc="51.1 - 51.3"/></token><token kind="IDENTIFIER" lexeme="structRecursive2Ptr"><location loc="51.5 - 51.23"/></token><token kind="ASSIGNMENT" lexeme="="><location loc="51.25 - 51.25"/></token><token kind="LT" lexeme="&lt;"><location loc="51.27 - 51.27"/></token><token kind="IDENTIFIER" lexeme="comp1"><location loc="51.29 - 51.33"/></token><token kind="COLON" lexeme=":"><location loc="51.34 - 51.34"/></token><token kind="POW" lexeme="^"><location loc="51.36 - 51.36"/></token><token kind="IDENTIFIER" lexeme="structRecursive1Ptr"><location loc="51.37 - 51.55"/></token><token kind="GT" lexeme="&gt;"><location loc="51.57 - 51.57"/></token><token kind="TYP" lexeme="typ"><location loc="52.1 - 52.3"/></token><token kind="IDENTIFIER" lexeme="structRecursive1NoPtr"><location loc="52.5 - 52.25"/></token><token kind="ASSIGNMENT" lexeme="="><location loc="52.27 - 52.27"/></token><token kind="LT" lexeme="&lt;"><location loc="52.29 - 52.29"/></token><token kind="IDENTIFIER" lexeme="comp1"><location loc="52.31 - 52.35"/></token><token kind="COLON" lexeme=":"><location loc="52.36 - 52.36"/></token><token kind="IDENTIFIER" lexeme="structRecursive2NoPtr"><location loc="52.38 - 52.58"/></token><token kind="GT" lexeme="&gt;"><location loc="52.60 - 52.60"/></token><token kind="TYP" lexeme="typ"><location loc="53.1 - 53.3"/></token><token kind="IDENTIFIER" lexeme="structRecursive2NoPtr"><location loc="53.5 - 53.25"/></token><token kind="ASSIGNMENT" lexeme="="><location loc="53.27 - 53.27"/></token><token kind="LT" lexeme="&lt;"><location loc="53.29 - 53.29"/></token><token kind="IDENTIFIER" lexeme="comp1"><location loc="53.31 - 53.35"/></token><token kind="COLON" lexeme=":"><location loc="53.36 - 53.36"/></token><token kind="IDENTIFIER" lexeme="structRecursive1NoPtr"><location loc="53.38 - 53.58"/></token><token kind="GT" lexeme="&gt;"><location loc="53.60 - 53.60"/></token><token kind="TYP" lexeme="typ"><location loc="59.1 - 59.3"/></token><token kind="IDENTIFIER" lexeme="unionInt"><location loc="59.5 - 59.12"/></token><token kind="ASSIGNMENT" lexeme="="><location loc="59.14 - 59.14"/></token><token kind="LBRACE" lexeme="{"><location loc="59.16 - 59.16"/></token><token kind="IDENTIFIER" lexeme="comp1"><location loc="59.18 - 59.22"/></token><token kind="COLON" lexeme=":"><location loc="59.23 - 59.23"/></token><token kind="INT" lexeme="int"><location loc="59.25 - 59.27"/></token><token kind="RBRACE" lexeme="}"><location loc="59.29 - 59.29"/></token><token kind="TYP" lexeme="typ"><location loc="60.1 - 60.3"/></token><token kind="IDENTIFIER" lexeme="unionIntChar"><location loc="60.5 - 60.16"/></token><token kind="ASSIGNMENT" lexeme="="><location loc="60.18 - 60.18"/></token><token kind="LBRACE" lexeme="{"><location loc="60.20 - 60.20"/></token><token kind="IDENTIFIER" lexeme="comp1"><location loc="60.22 - 60.26"/></token><token kind="COLON" lexeme=":"><location loc="60.27 - 60.27"/></token><token kind="INT" lexeme="int"><location loc="60.29 - 60.31"/></token><token kind="COMMA" lexeme=","><location loc="60.32 - 60.32"/></token><token kind="IDENTIFIER" lexeme="comp2"><location loc="60.34 - 60.38"/></token><token kind="COLON" lexeme=":"><location loc="60.39 - 60.39"/></token><token kind="CHAR" lexeme="char"><location loc="60.41 - 60.44"/></token><token kind="RBRACE" lexeme="}"><location loc="60.46 - 60.46"/></token><token kind="TYP" lexeme="typ"><location loc="61.1 - 61.3"/></token><token kind="IDENTIFIER" lexeme="unionSteviloArrIntPtrArrArrInt"><location loc="61.5 - 61.34"/></token><token kind="ASSIGNMENT" lexeme="="><location loc="61.36 - 61.36"/></token><token kind="LBRACE" lexeme="{"><location loc="61.38 - 61.38"/></token><token kind="IDENTIFIER" lexeme="comp1"><location loc="61.40 - 61.44"/></token><token kind="COLON" lexeme=":"><location loc="61.45 - 61.45"/></token><token kind="IDENTIFIER" lexeme="stevilo"><location loc="61.47 - 61.53"/></token><token kind="COMMA" lexeme=","><location loc="61.54 - 61.54"/></token><token kind="IDENTIFIER" lexeme="comp2"><location loc="61.56 - 61.60"/></token><token kind="COLON" lexeme=":"><location loc="61.61 - 61.61"/></token><token kind="IDENTIFIER" lexeme="arrInt"><location loc="61.63 - 61.68"/></token><token kind="COMMA" lexeme=","><location loc="61.69 - 61.69"/></token><token kind="IDENTIFIER" lexeme="comp3"><location loc="61.71 - 61.75"/></token><token kind="COLON" lexeme=":"><location loc="61.76 - 61.76"/></token><token kind="IDENTIFIER" lexeme="ptrArrArrInt"><location loc="61.78 - 61.89"/></token><token kind="RBRACE" lexeme="}"><location loc="61.91 - 61.91"/></token><token kind="TYP" lexeme="typ"><location loc="67.1 - 67.3"/></token><token kind="IDENTIFIER" lexeme="funIntToInt"><location loc="67.5 - 67.15"/></token><token kind="ASSIGNMENT" lexeme="="><location loc="67.17 - 67.17"/></token><token kind="LPAR" lexeme="("><location loc="67.19 - 67.19"/></token><token kind="INT" lexeme="int"><location loc="67.20 - 67.22"/></token><token kind="RPAR" lexeme=")"><location loc="67.23 - 67.23"/></token><token kind="COLON" lexeme=":"><location loc="67.25 - 67.25"/></token><token kind="INT" lexeme="int"><location loc="67.27 - 67.29"/></token><token kind="TYP" lexeme="typ"><location loc="68.1 - 68.3"/></token><token kind="IDENTIFIER" lexeme="funSteviloarrPtrIntToVoid"><location loc="68.5 - 68.29"/></token><token kind="ASSIGNMENT" lexeme="="><location loc="68.31 - 68.31"/></token><token kind="LPAR" lexeme="("><location loc="68.33 - 68.33"/></token><token kind="IDENTIFIER" lexeme="stevilo"><location loc="68.34 - 68.40"/></token><token kind="COMMA" lexeme=","><location loc="68.41 - 68.41"/></token><token kind="IDENTIFIER" lexeme="ptrInt"><location loc="68.43 - 68.48"/></token><token kind="RPAR" lexeme=")"><location loc="68.49 - 68.49"/></token><token kind="COLON" lexeme=":"><location loc="68.51 - 68.51"/></token><token kind="VOID" lexeme="void"><location loc="68.53 - 68.56"/></token><token kind="TYP" lexeme="typ"><location loc="69.1 - 69.3"/></token><token kind="IDENTIFIER" lexeme="funSteviloPtrPtrPtrIntToVoid"><location loc="69.5 - 69.32"/></token><token kind="ASSIGNMENT" lexeme="="><location loc="69.34 - 69.34"/></token><token kind="LPAR" lexeme="("><location loc="69.36 - 69.36"/></token><token kind="IDENTIFIER" lexeme="stevilo"><location loc="69.37 - 69.43"/></token><token kind="COMMA" lexeme=","><location loc="69.44 - 69.44"/></token><token kind="IDENTIFIER" lexeme="ptrPtrIntIndirect"><location loc="69.46 - 69.62"/></token><token kind="RPAR" lexeme=")"><location loc="69.63 - 69.63"/></token><token kind="COLON" lexeme=":"><location loc="69.65 - 69.65"/></token><token kind="VOID" lexeme="void"><location loc="69.67 - 69.70"/></token><token kind="TYP" lexeme="typ"><location loc="70.1 - 70.3"/></token><token kind="IDENTIFIER" lexeme="funFunIntToArrArrIntToFunLogicnaToPtrUnionChar"><location loc="70.5 - 70.50"/></token><token kind="ASSIGNMENT" lexeme="="><location loc="70.52 - 70.52"/></token><token kind="LPAR" lexeme="("><location loc="70.54 - 70.54"/></token><token kind="LPAR" lexeme="("><location loc="70.55 - 70.55"/></token><token kind="INT" lexeme="int"><location loc="70.56 - 70.58"/></token><token kind="RPAR" lexeme=")"><location loc="70.59 - 70.59"/></token><token kind="COLON" lexeme=":"><location loc="70.61 - 70.61"/></token><token kind="POW" lexeme="^"><location loc="70.63 - 70.63"/></token><token kind="LBRACKET" lexeme="["><location loc="70.64 - 70.64"/></token><token kind="INTCONST" lexeme="1"><location loc="70.65 - 70.65"/></token><token kind="RBRACKET" lexeme="]"><location loc="70.66 - 70.66"/></token><token kind="LBRACKET" lexeme="["><location loc="70.67 - 70.67"/></token><token kind="INTCONST" lexeme="1"><location loc="70.68 - 70.68"/></token><token kind="RBRACKET" lexeme="]"><location loc="70.69 - 70.69"/></token><token kind="INT" lexeme="int"><location loc="70.70 - 70.72"/></token><token kind="RPAR" lexeme=")"><location loc="70.73 - 70.73"/></token><token kind="COLON" lexeme=":"><location loc="70.75 - 70.75"/></token><token kind="LPAR" lexeme="("><location loc="70.77 - 70.77"/></token><token kind="IDENTIFIER" lexeme="logicna"><location loc="70.78 - 70.84"/></token><token kind="RPAR" lexeme=")"><location loc="70.85 - 70.85"/></token><token kind="COLON" lexeme=":"><location loc="70.86 - 70.86"/></token><token kind="POW" lexeme="^"><location loc="70.88 - 70.88"/></token><token kind="LBRACE" lexeme="{"><location loc="70.89 - 70.89"/></token><token kind="IDENTIFIER" lexeme="comp1"><location loc="70.90 - 70.94"/></token><token kind="COLON" lexeme=":"><location loc="70.95 - 70.95"/></token><token kind="CHAR" lexeme="char"><location loc="70.97 - 70.100"/></token><token kind="RBRACE" lexeme="}"><location loc="70.101 - 70.101"/></token><token kind="VAR" lexeme="var"><location loc="82.1 - 82.3"/></token><token kind="IDENTIFIER" lexeme="varInt"><location loc="82.5 - 82.10"/></token><token kind="COLON" lexeme=":"><location loc="82.12 - 82.12"/></token><token kind="INT" lexeme="int"><location loc="82.14 - 82.16"/></token><token kind="VAR" lexeme="var"><location loc="83.1 - 83.3"/></token><token kind="IDENTIFIER" lexeme="varLogicna"><location loc="83.5 - 83.14"/></token><token kind="COLON" lexeme=":"><location loc="83.16 - 83.16"/></token><token kind="IDENTIFIER" lexeme="logicna"><location loc="83.18 - 83.24"/></token><token kind="VAR" lexeme="var"><location loc="84.1 - 84.3"/></token><token kind="IDENTIFIER" lexeme="varPtrInt"><location loc="84.5 - 84.13"/></token><token kind="COLON" lexeme=":"><location loc="84.15 - 84.15"/></token><token kind="IDENTIFIER" lexeme="ptrInt"><location loc="84.17 - 84.22"/></token><token kind="VAR" lexeme="var"><location loc="85.1 - 85.3"/></token><token kind="IDENTIFIER" lexeme="varPtrCrka"><location loc="85.5 - 85.14"/></token><token kind="COLON" lexeme=":"><location loc="85.16 - 85.16"/></token><token kind="IDENTIFIER" lexeme="ptrCrka"><location loc="85.18 - 85.24"/></token><token kind="VAR" lexeme="var"><location loc="86.1 - 86.3"/></token><token kind="IDENTIFIER" lexeme="varPtrArrArrIntIndirect"><location loc="86.5 - 86.27"/></token><token kind="COLON" lexeme=":"><location loc="86.29 - 86.29"/></token><token kind="IDENTIFIER" lexeme="ptrArrArrIntIndirect"><location loc="86.31 - 86.50"/></token><token kind="VAR" lexeme="var"><location loc="87.1 - 87.3"/></token><token kind="IDENTIFIER" lexeme="varArrLogicna"><location loc="87.5 - 87.17"/></token><token kind="COLON" lexeme=":"><location loc="87.19 - 87.19"/></token><token kind="IDENTIFIER" lexeme="arrLogicna"><location loc="87.21 - 87.30"/></token><token kind="VAR" lexeme="var"><location loc="88.1 - 88.3"/></token><token kind="IDENTIFIER" lexeme="varStructIntChar"><location loc="88.5 - 88.20"/></token><token kind="COLON" lexeme=":"><location loc="88.22 - 88.22"/></token><token kind="IDENTIFIER" lexeme="structIntChar"><location loc="88.24 - 88.36"/></token><token kind="VAR" lexeme="var"><location loc="89.1 - 89.3"/></token><token kind="IDENTIFIER" lexeme="varStructMultiLevel"><location loc="89.5 - 89.23"/></token><token kind="COLON" lexeme=":"><location loc="89.25 - 89.25"/></token><token kind="IDENTIFIER" lexeme="structMultiLevel"><location loc="89.27 - 89.42"/></token><token kind="VAR" lexeme="var"><location loc="90.1 - 90.3"/></token><token kind="IDENTIFIER" lexeme="varFunIntToInt"><location loc="90.5 - 90.18"/></token><token kind="COLON" lexeme=":"><location loc="90.20 - 90.20"/></token><token kind="IDENTIFIER" lexeme="funIntToInt"><location loc="90.22 - 90.32"/></token><token kind="FUN" lexeme="fun"><location loc="96.1 - 96.3"/></token><token kind="IDENTIFIER" lexeme="funAllGood"><location loc="96.5 - 96.14"/></token><token kind="LPAR" lexeme="("><location loc="96.15 - 96.15"/></token><token kind="IDENTIFIER" lexeme="par1"><location loc="96.16 - 96.19"/></token><token kind="COLON" lexeme=":"><location loc="96.20 - 96.20"/></token><token kind="INT" lexeme="int"><location loc="96.22 - 96.24"/></token><token kind="COMMA" lexeme=","><location loc="96.25 - 96.25"/></token><token kind="IDENTIFIER" lexeme="par2"><location loc="96.27 - 96.30"/></token><token kind="COLON" lexeme=":"><location loc="96.31 - 96.31"/></token><token kind="IDENTIFIER" lexeme="ptrInt"><location loc="96.33 - 96.38"/></token><token kind="COMMA" lexeme=","><location loc="96.39 - 96.39"/></token><token kind="IDENTIFIER" lexeme="par3"><location loc="96.41 - 96.44"/></token><token kind="COLON" lexeme=":"><location loc="96.45 - 96.45"/></token><token kind="IDENTIFIER" lexeme="ptrInt"><location loc="96.47 - 96.52"/></token><token kind="RPAR" lexeme=")"><location loc="96.53 - 96.53"/></token><token kind="COLON" lexeme=":"><location loc="96.55 - 96.55"/></token><token kind="INT" lexeme="int"><location loc="96.57 - 96.59"/></token><token kind="ASSIGNMENT" lexeme="="><location loc="96.61 - 96.61"/></token><token kind="IDENTIFIER" lexeme="varInt"><location loc="97.5 - 97.10"/></token><token kind="ASSIGNMENT" lexeme="="><location loc="97.12 - 97.12"/></token><token kind="INTCONST" lexeme="1"><location loc="97.14 - 97.14"/></token><token kind="COMMA" lexeme=","><location loc="97.15 - 97.15"/></token><token kind="IDENTIFIER" lexeme="par1"><location loc="98.5 - 98.8"/></token><token kind="ASSIGNMENT" lexeme="="><location loc="98.10 - 98.10"/></token><token kind="IDENTIFIER" lexeme="varInt"><location loc="98.12 - 98.17"/></token><token kind="COMMA" lexeme=","><location loc="98.18 - 98.18"/></token><token kind="IDENTIFIER" lexeme="varInt"><location loc="99.5 - 99.10"/></token><token kind="ASSIGNMENT" lexeme="="><location loc="99.12 - 99.12"/></token><token kind="IDENTIFIER" lexeme="par1"><location loc="99.14 - 99.17"/></token><token kind="COMMA" lexeme=","><location loc="99.18 - 99.18"/></token><token kind="IDENTIFIER" lexeme="par2"><location loc="100.5 - 100.8"/></token><token kind="ASSIGNMENT" lexeme="="><location loc="100.10 - 100.10"/></token><token kind="IDENTIFIER" lexeme="par3"><location loc="100.12 - 100.15"/></token><token kind="COMMA" lexeme=","><location loc="100.16 - 100.16"/></token><token kind="IDENTIFIER" lexeme="varArrLogicna"><location loc="101.5 - 101.17"/></token><token kind="LBRACKET" lexeme="["><location loc="101.18 - 101.18"/></token><token kind="INTCONST" lexeme="0"><location loc="101.19 - 101.19"/></token><token kind="RBRACKET" lexeme="]"><location loc="101.20 - 101.20"/></token><token kind="ASSIGNMENT" lexeme="="><location loc="101.22 - 101.22"/></token><token kind="TRUE" lexeme="true"><location loc="101.24 - 101.27"/></token><token kind="COMMA" lexeme=","><location loc="101.28 - 101.28"/></token><token kind="IDENTIFIER" lexeme="varStructIntChar"><location loc="102.5 - 102.20"/></token><token kind="DOT" lexeme="."><location loc="102.21 - 102.21"/></token><token kind="IDENTIFIER" lexeme="comp1"><location loc="102.22 - 102.26"/></token><token kind="ASSIGNMENT" lexeme="="><location loc="102.28 - 102.28"/></token><token kind="INTCONST" lexeme="1"><location loc="102.30 - 102.30"/></token><token kind="COMMA" lexeme=","><location loc="102.31 - 102.31"/></token><token kind="IDENTIFIER" lexeme="varStructMultiLevel"><location loc="103.5 - 103.23"/></token><token kind="DOT" lexeme="."><location loc="103.24 - 103.24"/></token><token kind="IDENTIFIER" lexeme="comp1"><location loc="103.25 - 103.29"/></token><token kind="DOT" lexeme="."><location loc="103.30 - 103.30"/></token><token kind="IDENTIFIER" lexeme="comp1"><location loc="103.31 - 103.35"/></token><token kind="ASSIGNMENT" lexeme="="><location loc="103.37 - 103.37"/></token><token kind="INTCONST" lexeme="2"><location loc="103.39 - 103.39"/></token><token kind="COMMA" lexeme=","><location loc="103.40 - 103.40"/></token><token kind="IDENTIFIER" lexeme="varStructMultiLevel"><location loc="104.5 - 104.23"/></token><token kind="DOT" lexeme="."><location loc="104.24 - 104.24"/></token><token kind="IDENTIFIER" lexeme="comp1"><location loc="104.25 - 104.29"/></token><token kind="DOT" lexeme="."><location loc="104.30 - 104.30"/></token><token kind="IDENTIFIER" lexeme="comp2"><location loc="104.31 - 104.35"/></token><token kind="DOT" lexeme="."><location loc="104.36 - 104.36"/></token><token kind="IDENTIFIER" lexeme="comp2"><location loc="104.37 - 104.41"/></token><token kind="ASSIGNMENT" lexeme="="><location loc="104.43 - 104.43"/></token><token kind="CHARCONST" lexeme="'a'"><location loc="104.45 - 104.47"/></token><token kind="COMMA" lexeme=","><location loc="104.48 - 104.48"/></token><token kind="RETURN" lexeme="return"><location loc="106.5 - 106.10"/></token><token kind="INTCONST" lexeme="1"><location loc="106.12 - 106.12"/></token><token kind="COMMA" lexeme=","><location loc="106.13 - 106.13"/></token><token kind="RETURN" lexeme="return"><location loc="107.5 - 107.10"/></token><token kind="IDENTIFIER" lexeme="varInt"><location loc="107.12 - 107.17"/></token><token kind="COMMA" lexeme=","><location loc="107.18 - 107.18"/></token><token kind="RETURN" lexeme="return"><location loc="108.5 - 108.10"/></token><token kind="IDENTIFIER" lexeme="par1"><location loc="108.12 - 108.15"/></token><token kind="COMMA" lexeme=","><location loc="108.16 - 108.16"/></token><token kind="RETURN" lexeme="return"><location loc="109.5 - 109.10"/></token><token kind="IDENTIFIER" lexeme="varPtrInt"><location loc="109.12 - 109.20"/></token><token kind="POW" lexeme="^"><location loc="109.21 - 109.21"/></token><token kind="COMMA" lexeme=","><location loc="109.22 - 109.22"/></token><token kind="RETURN" lexeme="return"><location loc="110.5 - 110.10"/></token><token kind="SIZEOF" lexeme="sizeof"><location loc="110.12 - 110.17"/></token><token kind="IDENTIFIER" lexeme="ptrInt"><location loc="110.19 - 110.24"/></token><token kind="COMMA" lexeme=","><location loc="110.25 - 110.25"/></token><token kind="RETURN" lexeme="return"><location loc="111.5 - 111.10"/></token><token kind="SIZEOF" lexeme="sizeof"><location loc="111.12 - 111.17"/></token><token kind="IDENTIFIER" lexeme="structRecursive2Ptr"><location loc="111.19 - 111.37"/></token><token kind="COMMA" lexeme=","><location loc="111.38 - 111.38"/></token><token kind="WHILE" lexeme="while"><location loc="113.5 - 113.9"/></token><token kind="TRUE" lexeme="true"><location loc="113.11 - 113.14"/></token><token kind="DO" lexeme="do"><location loc="113.16 - 113.17"/></token><token kind="LPAR" lexeme="("><location loc="113.19 - 113.19"/></token><token kind="POW" lexeme="^"><location loc="113.20 - 113.20"/></token><token kind="IDENTIFIER" lexeme="varInt"><location loc="113.21 - 113.26"/></token><token kind="RPAR" lexeme=")"><location loc="113.27 - 113.27"/></token><token kind="POW" lexeme="^"><location loc="113.28 - 113.28"/></token><token kind="ASSIGNMENT" lexeme="="><location loc="113.30 - 113.30"/></token><token kind="INTCONST" lexeme="1"><location loc="113.32 - 113.32"/></token><token kind="END" lexeme="end"><location loc="113.34 - 113.36"/></token><token kind="COMMA" lexeme=","><location loc="113.37 - 113.37"/></token><token kind="WHILE" lexeme="while"><location loc="114.5 - 114.9"/></token><token kind="IDENTIFIER" lexeme="varLogicna"><location loc="114.11 - 114.20"/></token><token kind="DO" lexeme="do"><location loc="114.22 - 114.23"/></token><token kind="LPAR" lexeme="("><location loc="114.25 - 114.25"/></token><token kind="POW" lexeme="^"><location loc="114.26 - 114.26"/></token><token kind="IDENTIFIER" lexeme="varInt"><location loc="114.27 - 114.32"/></token><token kind="RPAR" lexeme=")"><location loc="114.33 - 114.33"/></token><token kind="POW" lexeme="^"><location loc="114.34 - 114.34"/></token><token kind="ASSIGNMENT" lexeme="="><location loc="114.36 - 114.36"/></token><token kind="INTCONST" lexeme="1"><location loc="114.38 - 114.38"/></token><token kind="END" lexeme="end"><location loc="114.40 - 114.42"/></token><token kind="COMMA" lexeme=","><location loc="114.43 - 114.43"/></token><token kind="IF" lexeme="if"><location loc="116.5 - 116.6"/></token><token kind="NOT" lexeme="!"><location loc="116.8 - 116.8"/></token><token kind="IDENTIFIER" lexeme="varLogicna"><location loc="116.9 - 116.18"/></token><token kind="THEN" lexeme="then"><location loc="116.20 - 116.23"/></token><token kind="IDENTIFIER" lexeme="varInt"><location loc="116.25 - 116.30"/></token><token kind="ASSIGNMENT" lexeme="="><location loc="116.32 - 116.32"/></token><token kind="PLUS" lexeme="+"><location loc="116.34 - 116.34"/></token><token kind="INTCONST" lexeme="2"><location loc="116.35 - 116.35"/></token><token kind="END" lexeme="end"><location loc="116.37 - 116.39"/></token><token kind="COMMA" lexeme=","><location loc="116.40 - 116.40"/></token><token kind="IF" lexeme="if"><location loc="117.5 - 117.6"/></token><token kind="TRUE" lexeme="true"><location loc="117.8 - 117.11"/></token><token kind="AND" lexeme="&amp;"><location loc="117.13 - 117.13"/></token><token kind="IDENTIFIER" lexeme="varLogicna"><location loc="117.15 - 117.24"/></token><token kind="THEN" lexeme="then"><location loc="117.26 - 117.29"/></token><token kind="IDENTIFIER" lexeme="varInt"><location loc="117.31 - 117.36"/></token><token kind="ASSIGNMENT" lexeme="="><location loc="117.38 - 117.38"/></token><token kind="PLUS" lexeme="+"><location loc="117.40 - 117.40"/></token><token kind="INTCONST" lexeme="2"><location loc="117.41 - 117.41"/></token><token kind="END" lexeme="end"><location loc="117.43 - 117.45"/></token><token kind="COMMA" lexeme=","><location loc="117.46 - 117.46"/></token><token kind="IF" lexeme="if"><location loc="118.5 - 118.6"/></token><token kind="IDENTIFIER" lexeme="varLogicna"><location loc="118.8 - 118.17"/></token><token kind="OR" lexeme="|"><location loc="118.19 - 118.19"/></token><token kind="FALSE" lexeme="false"><location loc="118.21 - 118.25"/></token><token kind="THEN" lexeme="then"><location loc="118.27 - 118.30"/></token><token kind="IDENTIFIER" lexeme="varInt"><location loc="118.32 - 118.37"/></token><token kind="ASSIGNMENT" lexeme="="><location loc="118.39 - 118.39"/></token><token kind="MINUS" lexeme="-"><location loc="118.41 - 118.41"/></token><token kind="INTCONST" lexeme="2"><location loc="118.42 - 118.42"/></token><token kind="END" lexeme="end"><location loc="118.44 - 118.46"/></token><token kind="COMMA" lexeme=","><location loc="118.47 - 118.47"/></token><token kind="IF" lexeme="if"><location loc="119.5 - 119.6"/></token><token kind="CHARCONST" lexeme="'a'"><location loc="119.8 - 119.10"/></token><token kind="EQ" lexeme="=="><location loc="119.12 - 119.13"/></token><token kind="CHARCONST" lexeme="'b'"><location loc="119.15 - 119.17"/></token><token kind="THEN" lexeme="then"><location loc="119.19 - 119.22"/></token><token kind="IDENTIFIER" lexeme="varInt"><location loc="119.24 - 119.29"/></token><token kind="ASSIGNMENT" lexeme="="><location loc="119.31 - 119.31"/></token><token kind="IDENTIFIER" lexeme="varInt"><location loc="119.33 - 119.38"/></token><token kind="STAR" lexeme="*"><location loc="119.40 - 119.40"/></token><token kind="INTCONST" lexeme="2"><location loc="119.42 - 119.42"/></token><token kind="END" lexeme="end"><location loc="119.44 - 119.46"/></token><token kind="COMMA" lexeme=","><location loc="119.47 - 119.47"/></token><token kind="IF" lexeme="if"><location loc="120.5 - 120.6"/></token><token kind="IDENTIFIER" lexeme="varInt"><location loc="120.8 - 120.13"/></token><token kind="NEQ" lexeme="!="><location loc="120.15 - 120.16"/></token><token kind="INTCONST" lexeme="10"><location loc="120.18 - 120.19"/></token><token kind="THEN" lexeme="then"><location loc="120.21 - 120.24"/></token><token kind="IDENTIFIER" lexeme="varInt"><location loc="120.26 - 120.31"/></token><token kind="ASSIGNMENT" lexeme="="><location loc="120.33 - 120.33"/></token><token kind="IDENTIFIER" lexeme="varInt"><location loc="120.35 - 120.40"/></token><token kind="DIV" lexeme="/"><location loc="120.42 - 120.42"/></token><token kind="IDENTIFIER" lexeme="varInt"><location loc="120.44 - 120.49"/></token><token kind="END" lexeme="end"><location loc="120.51 - 120.53"/></token><token kind="COMMA" lexeme=","><location loc="120.54 - 120.54"/></token><token kind="IF" lexeme="if"><location loc="121.5 - 121.6"/></token><token kind="INTCONST" lexeme="10"><location loc="121.8 - 121.9"/></token><token kind="NEQ" lexeme="!="><location loc="121.11 - 121.12"/></token><token kind="IDENTIFIER" lexeme="varInt"><location loc="121.14 - 121.19"/></token><token kind="THEN" lexeme="then"><location loc="121.21 - 121.24"/></token><token kind="IDENTIFIER" lexeme="varInt"><location loc="121.26 - 121.31"/></token><token kind="ASSIGNMENT" lexeme="="><location loc="121.33 - 121.33"/></token><token kind="IDENTIFIER" lexeme="varInt"><location loc="121.35 - 121.40"/></token><token kind="MOD" lexeme="%"><location loc="121.42 - 121.42"/></token><token kind="IDENTIFIER" lexeme="varInt"><location loc="121.44 - 121.49"/></token><token kind="END" lexeme="end"><location loc="121.51 - 121.53"/></token><token kind="COMMA" lexeme=","><location loc="121.54 - 121.54"/></token><token kind="IF" lexeme="if"><location loc="122.5 - 122.6"/></token><token kind="IDENTIFIER" lexeme="varStructIntChar"><location loc="122.8 - 122.23"/></token><token kind="DOT" lexeme="."><location loc="122.24 - 122.24"/></token><token kind="IDENTIFIER" lexeme="comp1"><location loc="122.25 - 122.29"/></token><token kind="GT" lexeme="&gt;"><location loc="122.31 - 122.31"/></token><token kind="INTCONST" lexeme="10"><location loc="122.33 - 122.34"/></token><token kind="THEN" lexeme="then"><location loc="122.36 - 122.39"/></token><token kind="IDENTIFIER" lexeme="varInt"><location loc="122.41 - 122.46"/></token><token kind="ASSIGNMENT" lexeme="="><location loc="122.48 - 122.48"/></token><token kind="IDENTIFIER" lexeme="varInt"><location loc="122.50 - 122.55"/></token><token kind="PLUS" lexeme="+"><location loc="122.57 - 122.57"/></token><token kind="IDENTIFIER" lexeme="varInt"><location loc="122.59 - 122.64"/></token><token kind="END" lexeme="end"><location loc="122.66 - 122.68"/></token><token kind="COMMA" lexeme=","><location loc="122.69 - 122.69"/></token><token kind="IF" lexeme="if"><location loc="123.5 - 123.6"/></token><token kind="IDENTIFIER" lexeme="varFunIntToInt"><location loc="123.8 - 123.21"/></token><token kind="LPAR" lexeme="("><location loc="123.22 - 123.22"/></token><token kind="INTCONST" lexeme="10"><location loc="123.23 - 123.24"/></token><token kind="RPAR" lexeme=")"><location loc="123.25 - 123.25"/></token><token kind="LTE" lexeme="&lt;="><location loc="123.27 - 123.28"/></token><token kind="IDENTIFIER" lexeme="varInt"><location loc="123.30 - 123.35"/></token><token kind="THEN" lexeme="then"><location loc="123.37 - 123.40"/></token><token kind="IDENTIFIER" lexeme="varInt"><location loc="123.42 - 123.47"/></token><token kind="ASSIGNMENT" lexeme="="><location loc="123.49 - 123.49"/></token><token kind="IDENTIFIER" lexeme="varInt"><location loc="123.51 - 123.56"/></token><token kind="MINUS" lexeme="-"><location loc="123.58 - 123.58"/></token><token kind="IDENTIFIER" lexeme="varInt"><location loc="123.60 - 123.65"/></token><token kind="END" lexeme="end"><location loc="123.67 - 123.69"/></token><token kind="COMMA" lexeme=","><location loc="123.70 - 123.70"/></token><token kind="RETURN" lexeme="return"><location loc="125.5 - 125.10"/></token><token kind="LBRACE" lexeme="{"><location loc="125.12 - 125.12"/></token><token kind="IDENTIFIER" lexeme="varFunIntToInt"><location loc="125.13 - 125.26"/></token><token kind="COLON" lexeme=":"><location loc="125.28 - 125.28"/></token><token kind="INT" lexeme="int"><location loc="125.30 - 125.32"/></token><token kind="RBRACE" lexeme="}"><location loc="125.33 - 125.33"/></token><token kind="FUN" lexeme="fun"><location loc="128.1 - 128.3"/></token><token kind="IDENTIFIER" lexeme="funAllBad"><location loc="128.5 - 128.13"/></token><token kind="LPAR" lexeme="("><location loc="128.14 - 128.14"/></token><token kind="IDENTIFIER" lexeme="par1"><location loc="128.15 - 128.18"/></token><token kind="COLON" lexeme=":"><location loc="128.19 - 128.19"/></token><token kind="INT" lexeme="int"><location loc="128.21 - 128.23"/></token><token kind="COMMA" lexeme=","><location loc="128.24 - 128.24"/></token><token kind="IDENTIFIER" lexeme="par2"><location loc="128.26 - 128.29"/></token><token kind="COLON" lexeme=":"><location loc="128.30 - 128.30"/></token><token kind="IDENTIFIER" lexeme="ptrInt"><location loc="128.32 - 128.37"/></token><token kind="COMMA" lexeme=","><location loc="128.38 - 128.38"/></token><token kind="IDENTIFIER" lexeme="par3"><location loc="128.40 - 128.43"/></token><token kind="COLON" lexeme=":"><location loc="128.44 - 128.44"/></token><token kind="IDENTIFIER" lexeme="ptrInt"><location loc="128.46 - 128.51"/></token><token kind="RPAR" lexeme=")"><location loc="128.52 - 128.52"/></token><token kind="COLON" lexeme=":"><location loc="128.54 - 128.54"/></token><token kind="INT" lexeme="int"><location loc="128.56 - 128.58"/></token><token kind="ASSIGNMENT" lexeme="="><location loc="128.60 - 128.60"/></token><token kind="RETURN" lexeme="return"><location loc="142.5 - 142.10"/></token><token kind="INTCONST" lexeme="1"><location loc="142.12 - 142.12"/></token><token kind="FUN" lexeme="fun"><location loc="144.1 - 144.3"/></token><token kind="IDENTIFIER" lexeme="main"><location loc="144.5 - 144.8"/></token><token kind="LPAR" lexeme="("><location loc="144.9 - 144.9"/></token><token kind="RPAR" lexeme=")"><location loc="144.10 - 144.10"/></token><token kind="COLON" lexeme=":"><location loc="144.12 - 144.12"/></token><token kind="INT" lexeme="int"><location loc="144.14 - 144.16"/></token><token kind="ASSIGNMENT" lexeme="="><location loc="144.18 - 144.18"/></token><token kind="LET" lexeme="let"><location loc="145.5 - 145.7"/></token><token kind="VAR" lexeme="var"><location loc="146.9 - 146.11"/></token><token kind="IDENTIFIER" lexeme="var1"><location loc="146.13 - 146.16"/></token><token kind="COLON" lexeme=":"><location loc="146.17 - 146.17"/></token><token kind="INT" lexeme="int"><location loc="146.19 - 146.21"/></token><token kind="IN" lexeme="in"><location loc="147.5 - 147.6"/></token><token kind="IDENTIFIER" lexeme="var1"><location loc="148.9 - 148.12"/></token><token kind="ASSIGNMENT" lexeme="="><location loc="148.14 - 148.14"/></token><token kind="INTCONST" lexeme="1"><location loc="148.16 - 148.16"/></token><token kind="COMMA" lexeme=","><location loc="148.17 - 148.17"/></token><token kind="RETURN" lexeme="return"><location loc="149.9 - 149.14"/></token><token kind="INTCONST" lexeme="1"><location loc="149.16 - 149.16"/></token><token kind="END" lexeme="end"><location loc="150.5 - 150.7"/></token><token kind="EOF" lexeme=""/></lexan>