<?xml version="1.0" encoding="UTF-8" standalone="no"?><?xml-stylesheet type="text/xsl" href="../lib/xsl/abstr.xsl"?><abstr><astnode id="361" label="Nodes&lt;Defn&gt;"><location loc="3.1 - 147.8"/><astnode id="1" label="TypDefn" name="stevilo"><location loc="3.1 - 3.17"/><astnode id="0" label="AtomType" name="INT"><location loc="3.15 - 3.17"/></astnode></astnode><astnode id="3" label="TypDefn" name="crka"><location loc="4.1 - 4.15"/><astnode id="2" label="AtomType" name="CHAR"><location loc="4.12 - 4.15"/></astnode></astnode><astnode id="5" label="TypDefn" name="logicna"><location loc="5.1 - 5.18"/><astnode id="4" label="AtomType" name="BOOL"><location loc="5.15 - 5.18"/></astnode></astnode><astnode id="7" label="TypDefn" name="praznina"><location loc="6.1 - 6.19"/><astnode id="6" label="AtomType" name="VOID"><location loc="6.16 - 6.19"/></astnode></astnode><astnode id="10" label="TypDefn" name="ptrInt"><location loc="10.1 - 10.17"/><astnode id="9" label="PtrType"><location loc="10.14 - 10.17"/><astnode id="8" label="AtomType" name="INT"><location loc="10.15 - 10.17"/></astnode></astnode></astnode><astnode id="13" label="TypDefn" name="ptrChar"><location loc="11.1 - 11.19"/><astnode id="12" label="PtrType"><location loc="11.15 - 11.19"/><astnode id="11" label="AtomType" name="CHAR"><location loc="11.16 - 11.19"/></astnode></astnode></astnode><astnode id="16" label="TypDefn" name="ptrBool"><location loc="12.1 - 12.19"/><astnode id="15" label="PtrType"><location loc="12.15 - 12.19"/><astnode id="14" label="AtomType" name="BOOL"><location loc="12.16 - 12.19"/></astnode></astnode></astnode><astnode id="19" label="TypDefn" name="ptrCrka"><location loc="13.1 - 13.19"/><astnode id="18" label="PtrType"><location loc="13.15 - 13.19"/><astnode id="17" label="NameType" name="crka"><location loc="13.16 - 13.19"/></astnode></astnode></astnode><astnode id="23" label="TypDefn" name="ptrPtrInt"><location loc="15.1 - 15.21"/><astnode id="22" label="PtrType"><location loc="15.17 - 15.21"/><astnode id="21" label="PtrType"><location loc="15.18 - 15.21"/><astnode id="20" label="AtomType" name="INT"><location loc="15.19 - 15.21"/></astnode></astnode></astnode></astnode><astnode id="27" label="TypDefn" name="ptrPtrStevilo"><location loc="16.1 - 16.29"/><astnode id="26" label="PtrType"><location loc="16.21 - 16.29"/><astnode id="25" label="PtrType"><location loc="16.22 - 16.29"/><astnode id="24" label="NameType" name="stevilo"><location loc="16.23 - 16.29"/></astnode></astnode></astnode></astnode><astnode id="30" label="TypDefn" name="ptrPtrIntIndirect"><location loc="17.1 - 17.31"/><astnode id="29" label="PtrType"><location loc="17.25 - 17.31"/><astnode id="28" label="NameType" name="ptrInt"><location loc="17.26 - 17.31"/></astnode></astnode></astnode><astnode id="34" label="TypDefn" name="ptrArrInt"><location loc="18.1 - 18.23"/><astnode id="33" label="PtrType"><location loc="18.17 - 18.23"/><astnode id="32" label="ArrType" name="ArrType[1]"><location loc="18.18 - 18.23"/><astnode id="31" label="AtomType" name="INT"><location loc="18.21 - 18.23"/></astnode></astnode></astnode></astnode><astnode id="38" label="TypDefn" name="ptrArrIntIndirect"><location loc="19.1 - 19.35"/><astnode id="37" label="PtrType"><location loc="19.25 - 19.35"/><astnode id="36" label="ArrType" name="ArrType[1]"><location loc="19.26 - 19.35"/><astnode id="35" label="NameType" name="stevilo"><location loc="19.29 - 19.35"/></astnode></astnode></astnode></astnode><astnode id="43" label="TypDefn" name="ptrArrArrInt"><location loc="20.1 - 20.29"/><astnode id="42" label="PtrType"><location loc="20.20 - 20.29"/><astnode id="41" label="ArrType" name="ArrType[1]"><location loc="20.21 - 20.29"/><astnode id="40" label="ArrType" name="ArrType[1]"><location loc="20.24 - 20.29"/><astnode id="39" label="AtomType" name="INT"><location loc="20.27 - 20.29"/></astnode></astnode></astnode></astnode></astnode><astnode id="47" label="TypDefn" name="ptrArrArrIntIndirect"><location loc="21.1 - 21.37"/><astnode id="46" label="PtrType"><location loc="21.28 - 21.37"/><astnode id="45" label="ArrType" name="ArrType[1]"><location loc="21.29 - 21.37"/><astnode id="44" label="NameType" name="arrInt"><location loc="21.32 - 21.37"/></astnode></astnode></astnode></astnode><astnode id="50" label="TypDefn" name="arrInt"><location loc="28.1 - 28.19"/><astnode id="49" label="ArrType" name="ArrType[1]"><location loc="28.14 - 28.19"/><astnode id="48" label="AtomType" name="INT"><location loc="28.17 - 28.19"/></astnode></astnode></astnode><astnode id="53" label="TypDefn" name="arrChar"><location loc="29.1 - 29.21"/><astnode id="52" label="ArrType" name="ArrType[1]"><location loc="29.15 - 29.21"/><astnode id="51" label="AtomType" name="CHAR"><location loc="29.18 - 29.21"/></astnode></astnode></astnode><astnode id="56" label="TypDefn" name="arrBool"><location loc="30.1 - 30.21"/><astnode id="55" label="ArrType" name="ArrType[1]"><location loc="30.15 - 30.21"/><astnode id="54" label="AtomType" name="BOOL"><location loc="30.18 - 30.21"/></astnode></astnode></astnode><astnode id="59" label="TypDefn" name="arrLogicna"><location loc="31.1 - 31.27"/><astnode id="58" label="ArrType" name="ArrType[1]"><location loc="31.18 - 31.27"/><astnode id="57" label="NameType" name="logicna"><location loc="31.21 - 31.27"/></astnode></astnode></astnode><astnode id="63" label="TypDefn" name="arrPtrInt"><location loc="33.1 - 33.23"/><astnode id="62" label="ArrType" name="ArrType[1]"><location loc="33.17 - 33.23"/><astnode id="61" label="PtrType"><location loc="33.20 - 33.23"/><astnode id="60" label="AtomType" name="INT"><location loc="33.21 - 33.23"/></astnode></astnode></astnode></astnode><astnode id="66" label="TypDefn" name="arrPtrIntIndirect"><location loc="34.1 - 34.33"/><astnode id="65" label="ArrType" name="ArrType[1]"><location loc="34.25 - 34.33"/><astnode id="64" label="NameType" name="ptrInt"><location loc="34.28 - 34.33"/></astnode></astnode></astnode><astnode id="70" label="TypDefn" name="arrArrInt"><location loc="35.1 - 35.25"/><astnode id="69" label="ArrType" name="ArrType[1]"><location loc="35.17 - 35.25"/><astnode id="68" label="ArrType" name="ArrType[1]"><location loc="35.20 - 35.25"/><astnode id="67" label="AtomType" name="INT"><location loc="35.23 - 35.25"/></astnode></astnode></astnode></astnode><astnode id="75" label="TypDefn" name="structInt"><location loc="43.1 - 43.30"/><astnode id="73" label="StrType"><location loc="43.17 - 43.30"/><astnode id="74" label="Nodes&lt;CompDefn&gt;"><location loc="43.19 - 43.28"/><astnode id="72" label="CompDefn" name="comp1"><location loc="43.19 - 43.28"/><astnode id="71" label="AtomType" name="INT"><location loc="43.26 - 43.28"/></astnode></astnode></astnode></astnode></astnode><astnode id="82" label="TypDefn" name="structIntChar"><location loc="44.1 - 44.47"/><astnode id="80" label="StrType"><location loc="44.21 - 44.47"/><astnode id="81" label="Nodes&lt;CompDefn&gt;"><location loc="44.23 - 44.45"/><astnode id="77" label="CompDefn" name="comp1"><location loc="44.23 - 44.32"/><astnode id="76" label="AtomType" name="INT"><location loc="44.30 - 44.32"/></astnode></astnode><astnode id="79" label="CompDefn" name="comp2"><location loc="44.35 - 44.45"/><astnode id="78" label="AtomType" name="CHAR"><location loc="44.42 - 44.45"/></astnode></astnode></astnode></astnode></astnode><astnode id="91" label="TypDefn" name="structSteviloArrIntPtrArrArrInt"><location loc="45.1 - 45.92"/><astnode id="89" label="StrType"><location loc="45.39 - 45.92"/><astnode id="90" label="Nodes&lt;CompDefn&gt;"><location loc="45.41 - 45.90"/><astnode id="84" label="CompDefn" name="comp1"><location loc="45.41 - 45.54"/><astnode id="83" label="NameType" name="stevilo"><location loc="45.48 - 45.54"/></astnode></astnode><astnode id="86" label="CompDefn" name="comp2"><location loc="45.57 - 45.69"/><astnode id="85" label="NameType" name="arrInt"><location loc="45.64 - 45.69"/></astnode></astnode><astnode id="88" label="CompDefn" name="comp3"><location loc="45.72 - 45.90"/><astnode id="87" label="NameType" name="ptrArrArrInt"><location loc="45.79 - 45.90"/></astnode></astnode></astnode></astnode></astnode><astnode id="108" label="TypDefn" name="structMultiLevel"><location loc="46.1 - 46.97"/><astnode id="106" label="StrType"><location loc="46.24 - 46.97"/><astnode id="107" label="Nodes&lt;CompDefn&gt;"><location loc="46.26 - 46.95"/><astnode id="103" label="CompDefn" name="comp1"><location loc="46.26 - 46.82"/><astnode id="101" label="StrType"><location loc="46.33 - 46.82"/><astnode id="102" label="Nodes&lt;CompDefn&gt;"><location loc="46.35 - 46.80"/><astnode id="93" label="CompDefn" name="comp1"><location loc="46.35 - 46.44"/><astnode id="92" label="AtomType" name="INT"><location loc="46.42 - 46.44"/></astnode></astnode><astnode id="100" label="CompDefn" name="comp2"><location loc="46.47 - 46.80"/><astnode id="98" label="StrType"><location loc="46.54 - 46.80"/><astnode id="99" label="Nodes&lt;CompDefn&gt;"><location loc="46.56 - 46.78"/><astnode id="95" label="CompDefn" name="comp1"><location loc="46.56 - 46.65"/><astnode id="94" label="AtomType" name="INT"><location loc="46.63 - 46.65"/></astnode></astnode><astnode id="97" label="CompDefn" name="comp2"><location loc="46.68 - 46.78"/><astnode id="96" label="AtomType" name="CHAR"><location loc="46.75 - 46.78"/></astnode></astnode></astnode></astnode></astnode></astnode></astnode></astnode><astnode id="105" label="CompDefn" name="comp2"><location loc="46.85 - 46.95"/><astnode id="104" label="AtomType" name="CHAR"><location loc="46.92 - 46.95"/></astnode></astnode></astnode></astnode></astnode><astnode id="114" label="TypDefn" name="structRecursive1Ptr"><location loc="47.1 - 47.57"/><astnode id="112" label="StrType"><location loc="47.27 - 47.57"/><astnode id="113" label="Nodes&lt;CompDefn&gt;"><location loc="47.29 - 47.55"/><astnode id="111" label="CompDefn" name="comp1"><location loc="47.29 - 47.55"/><astnode id="110" label="PtrType"><location loc="47.36 - 47.55"/><astnode id="109" label="NameType" name="structRecursive2Ptr"><location loc="47.37 - 47.55"/></astnode></astnode></astnode></astnode></astnode></astnode><astnode id="120" label="TypDefn" name="structRecursive2Ptr"><location loc="48.1 - 48.57"/><astnode id="118" label="StrType"><location loc="48.27 - 48.57"/><astnode id="119" label="Nodes&lt;CompDefn&gt;"><location loc="48.29 - 48.55"/><astnode id="117" label="CompDefn" name="comp1"><location loc="48.29 - 48.55"/><astnode id="116" label="PtrType"><location loc="48.36 - 48.55"/><astnode id="115" label="NameType" name="structRecursive1Ptr"><location loc="48.37 - 48.55"/></astnode></astnode></astnode></astnode></astnode></astnode><astnode id="125" label="TypDefn" name="unionInt"><location loc="56.1 - 56.29"/><astnode id="123" label="UniType"><location loc="56.16 - 56.29"/><astnode id="124" label="Nodes&lt;CompDefn&gt;"><location loc="56.18 - 56.27"/><astnode id="122" label="CompDefn" name="comp1"><location loc="56.18 - 56.27"/><astnode id="121" label="AtomType" name="INT"><location loc="56.25 - 56.27"/></astnode></astnode></astnode></astnode></astnode><astnode id="132" label="TypDefn" name="unionIntChar"><location loc="57.1 - 57.46"/><astnode id="130" label="UniType"><location loc="57.20 - 57.46"/><astnode id="131" label="Nodes&lt;CompDefn&gt;"><location loc="57.22 - 57.44"/><astnode id="127" label="CompDefn" name="comp1"><location loc="57.22 - 57.31"/><astnode id="126" label="AtomType" name="INT"><location loc="57.29 - 57.31"/></astnode></astnode><astnode id="129" label="CompDefn" name="comp2"><location loc="57.34 - 57.44"/><astnode id="128" label="AtomType" name="CHAR"><location loc="57.41 - 57.44"/></astnode></astnode></astnode></astnode></astnode><astnode id="141" label="TypDefn" name="unionSteviloArrIntPtrArrArrInt"><location loc="58.1 - 58.91"/><astnode id="139" label="UniType"><location loc="58.38 - 58.91"/><astnode id="140" label="Nodes&lt;CompDefn&gt;"><location loc="58.40 - 58.89"/><astnode id="134" label="CompDefn" name="comp1"><location loc="58.40 - 58.53"/><astnode id="133" label="NameType" name="stevilo"><location loc="58.47 - 58.53"/></astnode></astnode><astnode id="136" label="CompDefn" name="comp2"><location loc="58.56 - 58.68"/><astnode id="135" label="NameType" name="arrInt"><location loc="58.63 - 58.68"/></astnode></astnode><astnode id="138" label="CompDefn" name="comp3"><location loc="58.71 - 58.89"/><astnode id="137" label="NameType" name="ptrArrArrInt"><location loc="58.78 - 58.89"/></astnode></astnode></astnode></astnode></astnode><astnode id="146" label="TypDefn" name="funIntToInt"><location loc="64.1 - 64.29"/><astnode id="144" label="FunType"><location loc="64.19 - 64.29"/><astnode id="145" label="Nodes&lt;Type&gt;"><location loc="64.20 - 64.22"/><astnode id="142" label="AtomType" name="INT"><location loc="64.20 - 64.22"/></astnode></astnode><astnode id="143" label="AtomType" name="INT"><location loc="64.27 - 64.29"/></astnode></astnode></astnode><astnode id="152" label="TypDefn" name="funSteviloarrPtrIntToVoid"><location loc="65.1 - 65.56"/><astnode id="150" label="FunType"><location loc="65.33 - 65.56"/><astnode id="151" label="Nodes&lt;Type&gt;"><location loc="65.34 - 65.48"/><astnode id="147" label="NameType" name="stevilo"><location loc="65.34 - 65.40"/></astnode><astnode id="148" label="NameType" name="ptrInt"><location loc="65.43 - 65.48"/></astnode></astnode><astnode id="149" label="AtomType" name="VOID"><location loc="65.53 - 65.56"/></astnode></astnode></astnode><astnode id="158" label="TypDefn" name="funSteviloPtrPtrPtrIntToVoid"><location loc="66.1 - 66.70"/><astnode id="156" label="FunType"><location loc="66.36 - 66.70"/><astnode id="157" label="Nodes&lt;Type&gt;"><location loc="66.37 - 66.62"/><astnode id="153" label="NameType" name="stevilo"><location loc="66.37 - 66.43"/></astnode><astnode id="154" label="NameType" name="ptrPtrIntIndirect"><location loc="66.46 - 66.62"/></astnode></astnode><astnode id="155" label="AtomType" name="VOID"><location loc="66.67 - 66.70"/></astnode></astnode></astnode><astnode id="160" label="VarDefn" name="varInt"><location loc="79.1 - 79.16"/><astnode id="159" label="AtomType" name="INT"><location loc="79.14 - 79.16"/></astnode></astnode><astnode id="162" label="VarDefn" name="varLogicna"><location loc="80.1 - 80.24"/><astnode id="161" label="NameType" name="logicna"><location loc="80.18 - 80.24"/></astnode></astnode><astnode id="164" label="VarDefn" name="varPtrInt"><location loc="81.1 - 81.22"/><astnode id="163" label="NameType" name="ptrInt"><location loc="81.17 - 81.22"/></astnode></astnode><astnode id="166" label="VarDefn" name="varPtrCrka"><location loc="82.1 - 82.24"/><astnode id="165" label="NameType" name="ptrCrka"><location loc="82.18 - 82.24"/></astnode></astnode><astnode id="168" label="VarDefn" name="varPtrArrArrIntIndirect"><location loc="83.1 - 83.50"/><astnode id="167" label="NameType" name="ptrArrArrIntIndirect"><location loc="83.31 - 83.50"/></astnode></astnode><astnode id="170" label="VarDefn" name="varArrLogicna"><location loc="84.1 - 84.30"/><astnode id="169" label="NameType" name="arrLogicna"><location loc="84.21 - 84.30"/></astnode></astnode><astnode id="172" label="VarDefn" name="varStructIntChar"><location loc="85.1 - 85.36"/><astnode id="171" label="NameType" name="structIntChar"><location loc="85.24 - 85.36"/></astnode></astnode><astnode id="174" label="VarDefn" name="varStructMultiLevel"><location loc="86.1 - 86.42"/><astnode id="173" label="NameType" name="structMultiLevel"><location loc="86.27 - 86.42"/></astnode></astnode><astnode id="176" label="VarDefn" name="varFunIntToInt"><location loc="87.1 - 87.32"/><astnode id="175" label="NameType" name="funIntToInt"><location loc="87.22 - 87.32"/></astnode></astnode><astnode id="332" label="DefFunDefn" name="funAllGood"><location loc="93.2 - 122.34"/><astnode id="333" label="Nodes&lt;ParDefn&gt;"><location loc="93.17 - 93.53"/><astnode id="178" label="ParDefn" name="par1"><location loc="93.17 - 93.25"/><astnode id="177" label="AtomType" name="INT"><location loc="93.23 - 93.25"/></astnode></astnode><astnode id="180" label="ParDefn" name="par2"><location loc="93.28 - 93.39"/><astnode id="179" label="NameType" name="ptrInt"><location loc="93.34 - 93.39"/></astnode></astnode><astnode id="182" label="ParDefn" name="par3"><location loc="93.42 - 93.53"/><astnode id="181" label="NameType" name="ptrInt"><location loc="93.48 - 93.53"/></astnode></astnode></astnode><astnode id="334" label="Nodes&lt;Stmt&gt;"><location loc="94.6 - 122.34"/><astnode id="186" label="AssignStmt"><location loc="94.6 - 94.15"/><astnode id="184" label="NameExpr" name="varInt"><location loc="94.6 - 94.11"/></astnode><astnode id="185" label="AtomExpr" name="1"><location loc="94.15 - 94.15"/></astnode></astnode><astnode id="189" label="AssignStmt"><location loc="95.6 - 95.18"/><astnode id="187" label="NameExpr" name="par1"><location loc="95.6 - 95.9"/></astnode><astnode id="188" label="NameExpr" name="varInt"><location loc="95.13 - 95.18"/></astnode></astnode><astnode id="192" label="AssignStmt"><location loc="96.6 - 96.18"/><astnode id="190" label="NameExpr" name="varInt"><location loc="96.6 - 96.11"/></astnode><astnode id="191" label="NameExpr" name="par1"><location loc="96.15 - 96.18"/></astnode></astnode><astnode id="195" label="AssignStmt"><location loc="97.6 - 97.16"/><astnode id="193" label="NameExpr" name="par2"><location loc="97.6 - 97.9"/></astnode><astnode id="194" label="NameExpr" name="par3"><location loc="97.13 - 97.16"/></astnode></astnode><astnode id="200" label="AssignStmt"><location loc="98.6 - 98.28"/><astnode id="198" label="ArrExpr"><location loc="98.6 - 98.21"/><astnode id="196" label="NameExpr" name="varArrLogicna"><location loc="98.6 - 98.18"/></astnode><astnode id="197" label="AtomExpr" name="0"><location loc="98.20 - 98.20"/></astnode></astnode><astnode id="199" label="AtomExpr" name="true"><location loc="98.25 - 98.28"/></astnode></astnode><astnode id="204" label="AssignStmt"><location loc="99.6 - 99.31"/><astnode id="202" label="CompExpr" name=".comp1"><location loc="99.6 - 99.27"/><astnode id="201" label="NameExpr" name="varStructIntChar"><location loc="99.6 - 99.21"/></astnode></astnode><astnode id="203" label="AtomExpr" name="1"><location loc="99.31 - 99.31"/></astnode></astnode><astnode id="209" label="AssignStmt"><location loc="100.6 - 100.40"/><astnode id="207" label="CompExpr" name=".comp1"><location loc="100.6 - 100.36"/><astnode id="206" label="CompExpr" name=".comp1"><location loc="100.6 - 100.30"/><astnode id="205" label="NameExpr" name="varStructMultiLevel"><location loc="100.6 - 100.24"/></astnode></astnode></astnode><astnode id="208" label="AtomExpr" name="2"><location loc="100.40 - 100.40"/></astnode></astnode><astnode id="215" label="AssignStmt"><location loc="101.6 - 101.48"/><astnode id="213" label="CompExpr" name=".comp2"><location loc="101.6 - 101.42"/><astnode id="212" label="CompExpr" name=".comp2"><location loc="101.6 - 101.36"/><astnode id="211" label="CompExpr" name=".comp1"><location loc="101.6 - 101.30"/><astnode id="210" label="NameExpr" name="varStructMultiLevel"><location loc="101.6 - 101.24"/></astnode></astnode></astnode></astnode><astnode id="214" label="AtomExpr" name="'a'"><location loc="101.46 - 101.48"/></astnode></astnode><astnode id="217" label="ReturnStmt"><location loc="103.6 - 103.13"/><astnode id="216" label="AtomExpr" name="1"><location loc="103.13 - 103.13"/></astnode></astnode><astnode id="219" label="ReturnStmt"><location loc="104.6 - 104.18"/><astnode id="218" label="NameExpr" name="varInt"><location loc="104.13 - 104.18"/></astnode></astnode><astnode id="221" label="ReturnStmt"><location loc="105.6 - 105.16"/><astnode id="220" label="NameExpr" name="par1"><location loc="105.13 - 105.16"/></astnode></astnode><astnode id="224" label="ReturnStmt"><location loc="106.6 - 106.22"/><astnode id="223" label="SfxExpr" name="PTR"><location loc="106.13 - 106.22"/><astnode id="222" label="NameExpr" name="varPtrInt"><location loc="106.13 - 106.21"/></astnode></astnode></astnode><astnode id="227" label="ReturnStmt"><location loc="107.6 - 107.25"/><astnode id="226" label="SizeExpr"><location loc="107.13 - 107.25"/><astnode id="225" label="NameType" name="ptrInt"><location loc="107.20 - 107.25"/></astnode></astnode></astnode><astnode id="230" label="ReturnStmt"><location loc="108.6 - 108.38"/><astnode id="229" label="SizeExpr"><location loc="108.13 - 108.38"/><astnode id="228" label="NameType" name="structRecursive2Ptr"><location loc="108.20 - 108.38"/></astnode></astnode></astnode><astnode id="237" label="WhileStmt"><location loc="110.6 - 110.34"/><astnode id="231" label="AtomExpr" name="true"><location loc="110.12 - 110.15"/></astnode><astnode id="238" label="Nodes&lt;Stmt&gt;"><location loc="110.20 - 110.30"/><astnode id="236" label="AssignStmt"><location loc="110.20 - 110.30"/><astnode id="233" label="PfxExpr" name="PTR"><location loc="110.20 - 110.24"/><astnode id="232" label="NameExpr" name="par1"><location loc="110.21 - 110.24"/></astnode></astnode><astnode id="235" label="PfxExpr" name="PTR"><location loc="110.28 - 110.30"/><astnode id="234" label="AtomExpr" name="15"><location loc="110.29 - 110.30"/></astnode></astnode></astnode></astnode></astnode><astnode id="246" label="WhileStmt"><location loc="111.6 - 111.40"/><astnode id="239" label="NameExpr" name="varLogicna"><location loc="111.12 - 111.21"/></astnode><astnode id="247" label="Nodes&lt;Stmt&gt;"><location loc="111.26 - 111.36"/><astnode id="245" label="AssignStmt"><location loc="111.26 - 111.36"/><astnode id="241" label="PfxExpr" name="PTR"><location loc="111.26 - 111.30"/><astnode id="240" label="NameExpr" name="par1"><location loc="111.27 - 111.30"/></astnode></astnode><astnode id="244" label="PfxExpr" name="PTR"><location loc="111.34 - 111.36"/><astnode id="243" label="PfxExpr" name="SUB"><location loc="111.35 - 111.36"/><astnode id="242" label="AtomExpr" name="1"><location loc="111.36 - 111.36"/></astnode></astnode></astnode></astnode></astnode></astnode><astnode id="254" label="IfThenStmt"><location loc="113.6 - 113.40"/><astnode id="249" label="PfxExpr" name="NOT"><location loc="113.9 - 113.19"/><astnode id="248" label="NameExpr" name="varLogicna"><location loc="113.10 - 113.19"/></astnode></astnode><astnode id="255" label="Nodes&lt;Stmt&gt;"><location loc="113.26 - 113.36"/><astnode id="253" label="AssignStmt"><location loc="113.26 - 113.36"/><astnode id="250" label="NameExpr" name="varInt"><location loc="113.26 - 113.31"/></astnode><astnode id="252" label="PfxExpr" name="ADD"><location loc="113.35 - 113.36"/><astnode id="251" label="AtomExpr" name="2"><location loc="113.36 - 113.36"/></astnode></astnode></astnode></astnode></astnode><astnode id="263" label="IfThenStmt"><location loc="114.6 - 114.46"/><astnode id="258" label="BinExpr" name="AND"><location loc="114.9 - 114.25"/><astnode id="256" label="AtomExpr" name="true"><location loc="114.9 - 114.12"/></astnode><astnode id="257" label="NameExpr" name="varLogicna"><location loc="114.16 - 114.25"/></astnode></astnode><astnode id="264" label="Nodes&lt;Stmt&gt;"><location loc="114.32 - 114.42"/><astnode id="262" label="AssignStmt"><location loc="114.32 - 114.42"/><astnode id="259" label="NameExpr" name="varInt"><location loc="114.32 - 114.37"/></astnode><astnode id="261" label="PfxExpr" name="ADD"><location loc="114.41 - 114.42"/><astnode id="260" label="AtomExpr" name="2"><location loc="114.42 - 114.42"/></astnode></astnode></astnode></astnode></astnode><astnode id="272" label="IfThenStmt"><location loc="115.6 - 115.47"/><astnode id="267" label="BinExpr" name="OR"><location loc="115.9 - 115.26"/><astnode id="265" label="NameExpr" name="varLogicna"><location loc="115.9 - 115.18"/></astnode><astnode id="266" label="AtomExpr" name="false"><location loc="115.22 - 115.26"/></astnode></astnode><astnode id="273" label="Nodes&lt;Stmt&gt;"><location loc="115.33 - 115.43"/><astnode id="271" label="AssignStmt"><location loc="115.33 - 115.43"/><astnode id="268" label="NameExpr" name="varInt"><location loc="115.33 - 115.38"/></astnode><astnode id="270" label="PfxExpr" name="SUB"><location loc="115.42 - 115.43"/><astnode id="269" label="AtomExpr" name="2"><location loc="115.43 - 115.43"/></astnode></astnode></astnode></astnode></astnode><astnode id="282" label="IfThenStmt"><location loc="116.6 - 116.47"/><astnode id="276" label="BinExpr" name="EQU"><location loc="116.9 - 116.18"/><astnode id="274" label="AtomExpr" name="'a'"><location loc="116.9 - 116.11"/></astnode><astnode id="275" label="AtomExpr" name="'b'"><location loc="116.16 - 116.18"/></astnode></astnode><astnode id="283" label="Nodes&lt;Stmt&gt;"><location loc="116.25 - 116.43"/><astnode id="281" label="AssignStmt"><location loc="116.25 - 116.43"/><astnode id="277" label="NameExpr" name="varInt"><location loc="116.25 - 116.30"/></astnode><astnode id="280" label="BinExpr" name="MUL"><location loc="116.34 - 116.43"/><astnode id="278" label="NameExpr" name="varInt"><location loc="116.34 - 116.39"/></astnode><astnode id="279" label="AtomExpr" name="2"><location loc="116.43 - 116.43"/></astnode></astnode></astnode></astnode></astnode><astnode id="292" label="IfThenStmt"><location loc="117.6 - 117.54"/><astnode id="286" label="BinExpr" name="NEQ"><location loc="117.9 - 117.20"/><astnode id="284" label="NameExpr" name="varInt"><location loc="117.9 - 117.14"/></astnode><astnode id="285" label="AtomExpr" name="10"><location loc="117.19 - 117.20"/></astnode></astnode><astnode id="293" label="Nodes&lt;Stmt&gt;"><location loc="117.27 - 117.50"/><astnode id="291" label="AssignStmt"><location loc="117.27 - 117.50"/><astnode id="287" label="NameExpr" name="varInt"><location loc="117.27 - 117.32"/></astnode><astnode id="290" label="BinExpr" name="DIV"><location loc="117.36 - 117.50"/><astnode id="288" label="NameExpr" name="varInt"><location loc="117.36 - 117.41"/></astnode><astnode id="289" label="NameExpr" name="varInt"><location loc="117.45 - 117.50"/></astnode></astnode></astnode></astnode></astnode><astnode id="302" label="IfThenStmt"><location loc="118.6 - 118.54"/><astnode id="296" label="BinExpr" name="NEQ"><location loc="118.9 - 118.20"/><astnode id="294" label="AtomExpr" name="10"><location loc="118.9 - 118.10"/></astnode><astnode id="295" label="NameExpr" name="varInt"><location loc="118.15 - 118.20"/></astnode></astnode><astnode id="303" label="Nodes&lt;Stmt&gt;"><location loc="118.27 - 118.50"/><astnode id="301" label="AssignStmt"><location loc="118.27 - 118.50"/><astnode id="297" label="NameExpr" name="varInt"><location loc="118.27 - 118.32"/></astnode><astnode id="300" label="BinExpr" name="MOD"><location loc="118.36 - 118.50"/><astnode id="298" label="NameExpr" name="varInt"><location loc="118.36 - 118.41"/></astnode><astnode id="299" label="NameExpr" name="varInt"><location loc="118.45 - 118.50"/></astnode></astnode></astnode></astnode></astnode><astnode id="313" label="IfThenStmt"><location loc="119.6 - 119.69"/><astnode id="307" label="BinExpr" name="GTH"><location loc="119.9 - 119.35"/><astnode id="305" label="CompExpr" name=".comp1"><location loc="119.9 - 119.30"/><astnode id="304" label="NameExpr" name="varStructIntChar"><location loc="119.9 - 119.24"/></astnode></astnode><astnode id="306" label="AtomExpr" name="10"><location loc="119.34 - 119.35"/></astnode></astnode><astnode id="314" label="Nodes&lt;Stmt&gt;"><location loc="119.42 - 119.65"/><astnode id="312" label="AssignStmt"><location loc="119.42 - 119.65"/><astnode id="308" label="NameExpr" name="varInt"><location loc="119.42 - 119.47"/></astnode><astnode id="311" label="BinExpr" name="ADD"><location loc="119.51 - 119.65"/><astnode id="309" label="NameExpr" name="varInt"><location loc="119.51 - 119.56"/></astnode><astnode id="310" label="NameExpr" name="varInt"><location loc="119.60 - 119.65"/></astnode></astnode></astnode></astnode></astnode><astnode id="326" label="IfThenStmt"><location loc="120.6 - 120.70"/><astnode id="320" label="BinExpr" name="LEQ"><location loc="120.9 - 120.36"/><astnode id="317" label="CallExpr"><location loc="120.9 - 120.26"/><astnode id="315" label="NameExpr" name="varFunIntToInt"><location loc="120.9 - 120.22"/></astnode><astnode id="318" label="Nodes&lt;Expr&gt;"><location loc="120.24 - 120.25"/><astnode id="316" label="AtomExpr" name="10"><location loc="120.24 - 120.25"/></astnode></astnode></astnode><astnode id="319" label="NameExpr" name="varInt"><location loc="120.31 - 120.36"/></astnode></astnode><astnode id="327" label="Nodes&lt;Stmt&gt;"><location loc="120.43 - 120.66"/><astnode id="325" label="AssignStmt"><location loc="120.43 - 120.66"/><astnode id="321" label="NameExpr" name="varInt"><location loc="120.43 - 120.48"/></astnode><astnode id="324" label="BinExpr" name="SUB"><location loc="120.52 - 120.66"/><astnode id="322" label="NameExpr" name="varInt"><location loc="120.52 - 120.57"/></astnode><astnode id="323" label="NameExpr" name="varInt"><location loc="120.61 - 120.66"/></astnode></astnode></astnode></astnode></astnode><astnode id="331" label="ReturnStmt"><location loc="122.6 - 122.34"/><astnode id="330" label="CastExpr"><location loc="122.13 - 122.34"/><astnode id="328" label="NameExpr" name="varFunIntToInt"><location loc="122.14 - 122.27"/></astnode><astnode id="329" label="AtomType" name="INT"><location loc="122.31 - 122.33"/></astnode></astnode></astnode></astnode><astnode id="183" label="AtomType" name="INT"><location loc="93.58 - 93.60"/></astnode></astnode><astnode id="344" label="DefFunDefn" name="funAllBad"><location loc="125.2 - 139.13"/><astnode id="345" label="Nodes&lt;ParDefn&gt;"><location loc="125.16 - 125.52"/><astnode id="336" label="ParDefn" name="par1"><location loc="125.16 - 125.24"/><astnode id="335" label="AtomType" name="INT"><location loc="125.22 - 125.24"/></astnode></astnode><astnode id="338" label="ParDefn" name="par2"><location loc="125.27 - 125.38"/><astnode id="337" label="NameType" name="ptrInt"><location loc="125.33 - 125.38"/></astnode></astnode><astnode id="340" label="ParDefn" name="par3"><location loc="125.41 - 125.52"/><astnode id="339" label="NameType" name="ptrInt"><location loc="125.47 - 125.52"/></astnode></astnode></astnode><astnode id="346" label="Nodes&lt;Stmt&gt;"><location loc="139.6 - 139.13"/><astnode id="343" label="ReturnStmt"><location loc="139.6 - 139.13"/><astnode id="342" label="AtomExpr" name="1"><location loc="139.13 - 139.13"/></astnode></astnode></astnode><astnode id="341" label="AtomType" name="INT"><location loc="125.57 - 125.59"/></astnode></astnode><astnode id="358" label="DefFunDefn" name="main"><location loc="141.2 - 147.8"/><astnode id="359" label="Nodes&lt;ParDefn&gt;"><location loc="0.0 - 0.0"/></astnode><astnode id="360" label="Nodes&lt;Stmt&gt;"><location loc="142.6 - 147.8"/><astnode id="355" label="LetStmt"><location loc="142.6 - 147.8"/><astnode id="356" label="Nodes&lt;Defn&gt;"><location loc="143.10 - 143.22"/><astnode id="349" label="VarDefn" name="var1"><location loc="143.10 - 143.22"/><astnode id="348" label="AtomType" name="INT"><location loc="143.20 - 143.22"/></astnode></astnode></astnode><astnode id="357" label="Nodes&lt;Stmt&gt;"><location loc="145.10 - 146.17"/><astnode id="352" label="AssignStmt"><location loc="145.10 - 145.17"/><astnode id="350" label="NameExpr" name="var1"><location loc="145.10 - 145.13"/></astnode><astnode id="351" label="AtomExpr" name="1"><location loc="145.17 - 145.17"/></astnode></astnode><astnode id="354" label="ReturnStmt"><location loc="146.10 - 146.17"/><astnode id="353" label="AtomExpr" name="1"><location loc="146.17 - 146.17"/></astnode></astnode></astnode></astnode></astnode><astnode id="347" label="AtomType" name="INT"><location loc="141.15 - 141.17"/></astnode></astnode></astnode></abstr>