<?xml version="1.0" encoding="UTF-8" standalone="no"?><?xml-stylesheet type="text/xsl" href="../lib/xsl/seman.xsl"?><seman><astnode id="12" label="Nodes&lt;Defn&gt;"><location loc="1.1 - 3.17"/><astnode id="4" label="TypDefn" name="a"><location loc="1.1 - 1.17"/><astnode id="2" label="UniType"><location loc="1.9 - 1.17"/><astnode id="3" label="Nodes&lt;CompDefn&gt;"><location loc="1.11 - 1.15"/><astnode id="1" label="CompDefn" name="x"><location loc="1.11 - 1.15"/><astnode id="0" label="NameType" name="b"><location loc="1.15 - 1.15"/><defat id="9" location="2.1 - 2.17"/><istype><typnode id="1" label="NAME b"/></istype></astnode><oftype><typnode id="1" label="NAME b"/></oftype></astnode></astnode><istype><typnode id="3" label="UNION"><typnode id="1" label="NAME b"/></typnode></istype></astnode><istype><typnode id="0" label="NAME a"><typnode id="3" label="UNION"><typnode id="1" label="NAME b"/></typnode></typnode></istype></astnode><astnode id="9" label="TypDefn" name="b"><location loc="2.1 - 2.17"/><astnode id="7" label="UniType"><location loc="2.9 - 2.17"/><astnode id="8" label="Nodes&lt;CompDefn&gt;"><location loc="2.11 - 2.15"/><astnode id="6" label="CompDefn" name="y"><location loc="2.11 - 2.15"/><astnode id="5" label="NameType" name="a"><location loc="2.15 - 2.15"/><defat id="4" location="1.1 - 1.17"/><istype><typnode id="0" label="NAME a"/></istype></astnode><oftype><typnode id="0" label="NAME a"/></oftype></astnode></astnode><istype><typnode id="5" label="UNION"><typnode id="0" label="NAME a"/></typnode></istype></astnode><istype><typnode id="1" label="NAME b"><typnode id="5" label="UNION"><typnode id="0" label="NAME a"/></typnode></typnode></istype></astnode><astnode id="11" label="TypDefn" name="Integer"><location loc="3.1 - 3.17"/><astnode id="10" label="AtomType" name="INT"><location loc="3.15 - 3.17"/><istype><typnode id="7" label="INT"/></istype></astnode><istype><typnode id="2" label="NAME Integer"><typnode id="7" label="INT"/></typnode></istype></astnode></astnode></seman>