<?xml version="1.0" encoding="UTF-8" standalone="no"?><?xml-stylesheet type="text/xsl" href="../lib/xsl/abstr.xsl"?><abstr><astnode id="12" label="Nodes&lt;Defn&gt;"><location loc="1.1 - 3.17"/><astnode id="4" label="TypDefn" name="a"><location loc="1.1 - 1.17"/><astnode id="2" label="UniType"><location loc="1.9 - 1.17"/><astnode id="3" label="Nodes&lt;CompDefn&gt;"><location loc="1.11 - 1.15"/><astnode id="1" label="CompDefn" name="x"><location loc="1.11 - 1.15"/><astnode id="0" label="NameType" name="b"><location loc="1.15 - 1.15"/></astnode></astnode></astnode></astnode></astnode><astnode id="9" label="TypDefn" name="b"><location loc="2.1 - 2.17"/><astnode id="7" label="UniType"><location loc="2.9 - 2.17"/><astnode id="8" label="Nodes&lt;CompDefn&gt;"><location loc="2.11 - 2.15"/><astnode id="6" label="CompDefn" name="y"><location loc="2.11 - 2.15"/><astnode id="5" label="NameType" name="a"><location loc="2.15 - 2.15"/></astnode></astnode></astnode></astnode></astnode><astnode id="11" label="TypDefn" name="Integer"><location loc="3.1 - 3.17"/><astnode id="10" label="AtomType" name="INT"><location loc="3.15 - 3.17"/></astnode></astnode></astnode></abstr>